#
# There is insufficient memory for the Java Runtime Environment to continue.
# Native memory allocation (malloc) failed to allocate 1155696 bytes for Chunk::new
# Possible reasons:
#   The system is out of physical RAM or swap space
#   The process is running with CompressedOops enabled, and the Java Heap may be blocking the growth of the native heap
# Possible solutions:
#   Reduce memory load on the system
#   Increase physical memory or swap space
#   Check if swap backing store is full
#   Decrease Java heap size (-Xmx/-Xms)
#   Decrease number of Java threads
#   Decrease Java thread stack sizes (-Xss)
#   Set larger code cache with -XX:ReservedCodeCacheSize=
#   JVM is running with Unscaled Compressed Oops mode in which the Java heap is
#     placed in the first 4GB address space. The Java Heap base address is the
#     maximum limit for the native heap growth. Please use -XX:HeapBaseMinAddress
#     to set the Java Heap base and to place the Java Heap above 4GB virtual address.
# This output file may be truncated or incomplete.
#
#  Out of Memory Error (c:/cygwin64/tmp/openjdk-jdk12u-windows-x64-hotspot/workspace/build/src/src/hotspot/share/memory/arena.cpp:197), pid=14292, tid=820
#
# JRE version: OpenJDK Runtime Environment (12.0.1+12) (build 12.0.1+12)
# Java VM: OpenJDK 64-Bit Server VM (12.0.1+12, mixed mode, sharing, tiered, compressed oops, g1 gc, windows-amd64)
# No core dump will be written. Minidumps are not enabled by default on client versions of Windows
#

---------------  S U M M A R Y ------------

Command Line: C:\Users\bigei\AppData\Local\Temp\surefire804132820730658239\surefirebooter7566130653381387158.jar C:\Users\bigei\AppData\Local\Temp\surefire804132820730658239 2019-08-02T18-06-46_948-jvmRun1 surefire962586664250754800tmp surefire_012157770058886261105tmp

Host: Intel(R) Core(TM) i5-2430M CPU @ 2.40GHz, 4 cores, 3G,  Windows 10 , 64 bit Build 18936 (10.0.18936.1000)
Time: Fri Aug  2 18:07:05 2019 Hora de verano central (México) elapsed time: 15 seconds (0d 0h 0m 15s)

---------------  T H R E A D  ---------------

Current thread (0x0000025671b50800):  JavaThread "C2 CompilerThread0" daemon [_thread_in_native, id=820, stack(0x00000060e4d00000,0x00000060e4e00000)]


Current CompileTask:
C2:  15992 3128   !   4       org.springframework.core.type.classreading.AnnotationAttributesReadingVisitor::recursivelyCollectMetaAnnotations (155 bytes)

Stack: [0x00000060e4d00000,0x00000060e4e00000]
Native frames: (J=compiled Java code, j=interpreted, Vv=VM code, C=native code)
V  [jvm.dll+0x5f5eea]
V  [jvm.dll+0x7a113f]
V  [jvm.dll+0x7a28b0]
V  [jvm.dll+0x7a2f13]
V  [jvm.dll+0x249ac8]
V  [jvm.dll+0xbe0a7]
V  [jvm.dll+0xbe62c]
V  [jvm.dll+0x354972]
V  [jvm.dll+0x19a6d0]
V  [jvm.dll+0x2041e2]
V  [jvm.dll+0x2032ef]
V  [jvm.dll+0x18565b]
V  [jvm.dll+0x212163]
V  [jvm.dll+0x210590]
V  [jvm.dll+0x7646d4]
V  [jvm.dll+0x75da14]
V  [jvm.dll+0x5f51a6]
C  [ucrtbase.dll+0x200d2]
C  [KERNEL32.DLL+0x16e24]
C  [ntdll.dll+0x6b071]


---------------  P R O C E S S  ---------------

Threads class SMR info:
_java_thread_list=0x0000025673a3a6c0, length=16, elements={
0x0000025653343000, 0x0000025671b2b800, 0x0000025671b2d000, 0x0000025671b49800,
0x0000025671b4c800, 0x0000025671b50800, 0x0000025671b58000, 0x0000025671b59800,
0x0000025671dc2000, 0x0000025671de3800, 0x0000025671e6c000, 0x0000025671f54800,
0x000002567250c800, 0x00000256736fc000, 0x0000025672e3a800, 0x00000256736c8800
}

Java Threads: ( => current thread )
  0x0000025653343000 JavaThread "main" [_thread_in_Java, id=18304, stack(0x00000060e4200000,0x00000060e4300000)]
  0x0000025671b2b800 JavaThread "Reference Handler" daemon [_thread_blocked, id=17920, stack(0x00000060e4900000,0x00000060e4a00000)]
  0x0000025671b2d000 JavaThread "Finalizer" daemon [_thread_blocked, id=312, stack(0x00000060e4a00000,0x00000060e4b00000)]
  0x0000025671b49800 JavaThread "Signal Dispatcher" daemon [_thread_blocked, id=11092, stack(0x00000060e4b00000,0x00000060e4c00000)]
  0x0000025671b4c800 JavaThread "Attach Listener" daemon [_thread_blocked, id=3060, stack(0x00000060e4c00000,0x00000060e4d00000)]
=>0x0000025671b50800 JavaThread "C2 CompilerThread0" daemon [_thread_in_native, id=820, stack(0x00000060e4d00000,0x00000060e4e00000)]
  0x0000025671b58000 JavaThread "C1 CompilerThread0" daemon [_thread_blocked, id=9288, stack(0x00000060e4e00000,0x00000060e4f00000)]
  0x0000025671b59800 JavaThread "Sweeper thread" daemon [_thread_blocked, id=16404, stack(0x00000060e4f00000,0x00000060e5000000)]
  0x0000025671dc2000 JavaThread "Service Thread" daemon [_thread_blocked, id=14016, stack(0x00000060e5000000,0x00000060e5100000)]
  0x0000025671de3800 JavaThread "Common-Cleaner" daemon [_thread_blocked, id=10648, stack(0x00000060e5200000,0x00000060e5300000)]
  0x0000025671e6c000 JavaThread "surefire-forkedjvm-command-thread" daemon [_thread_in_native, id=11556, stack(0x00000060e5300000,0x00000060e5400000)]
  0x0000025671f54800 JavaThread "surefire-forkedjvm-ping-30s" daemon [_thread_in_native, id=1772, stack(0x00000060e5400000,0x00000060e5500000)]
  0x000002567250c800 JavaThread "RMI TCP Accept-0" daemon [_thread_in_native, id=1508, stack(0x00000060e5700000,0x00000060e5800000)]
  0x00000256736fc000 JavaThread "RMI TCP Connection(1)-10.0.75.1" daemon [_thread_in_native, id=9296, stack(0x00000060e5800000,0x00000060e5900000)]
  0x0000025672e3a800 JavaThread "RMI Scheduler(0)" daemon [_thread_blocked, id=1460, stack(0x00000060e5900000,0x00000060e5a00000)]
  0x00000256736c8800 JavaThread "JMX server connection timeout 19" daemon [_thread_blocked, id=17060, stack(0x00000060e5c00000,0x00000060e5d00000)]

Other Threads:
  0x0000025671b26000 VMThread "VM Thread" [stack: 0x00000060e4800000,0x00000060e4900000] [id=1424]
  0x0000025671de3000 WatcherThread [stack: 0x00000060e5100000,0x00000060e5200000] [id=4904]
  0x000002565336f000 GCTaskThread "GC Thread#0" [stack: 0x00000060e4300000,0x00000060e4400000] [id=14588]
  0x00000256723fa000 GCTaskThread "GC Thread#1" [stack: 0x00000060e5500000,0x00000060e5600000] [id=1928]
  0x0000025671ee0800 GCTaskThread "GC Thread#2" [stack: 0x00000060e5a00000,0x00000060e5b00000] [id=12060]
  0x0000025672fe0000 GCTaskThread "GC Thread#3" [stack: 0x00000060e5b00000,0x00000060e5c00000] [id=1152]
  0x0000025653377800 ConcurrentGCThread "G1 Main Marker" [stack: 0x00000060e4400000,0x00000060e4500000] [id=16168]
  0x0000025653379800 ConcurrentGCThread "G1 Conc#0" [stack: 0x00000060e4500000,0x00000060e4600000] [id=14360]
  0x00000256533d3000 ConcurrentGCThread "G1 Refine#0" [stack: 0x00000060e4600000,0x00000060e4700000] [id=8252]
  0x0000025671e7e000 ConcurrentGCThread "G1 Refine#1" [stack: 0x00000060e5600000,0x00000060e5700000] [id=12948]
  0x00000256533d5000 ConcurrentGCThread "G1 Young RemSet Sampling" [stack: 0x00000060e4700000,0x00000060e4800000] [id=11936]

Threads with active compile tasks:
C2 CompilerThread0  3128   !   4       org.springframework.core.type.classreading.AnnotationAttributesReadingVisitor::recursivelyCollectMetaAnnotations (155 bytes)

VM state:not at safepoint (normal execution)

VM Mutex/Monitor currently owned by a thread: None

Heap address: 0x00000000c1600000, size: 1002 MB, Compressed Oops mode: 32-bit
Narrow klass base: 0x0000000800000000, Narrow klass shift: 3
Compressed class space size: 1073741824 Address: 0x00000008011a0000

Heap:
 garbage-first heap   total 45056K, used 24491K [0x00000000c1600000, 0x0000000100000000)
  region size 1024K, 12 young (12288K), 2 survivors (2048K)
 Metaspace       used 26959K, capacity 27786K, committed 28032K, reserved 1073152K
  class space    used 3383K, capacity 3696K, committed 3712K, reserved 1048576K
Heap Regions: E=young(eden), S=young(survivor), O=old, HS=humongous(starts), HC=humongous(continues), CS=collection set, F=free, A=archive, TAMS=top-at-mark-start (previous, next)
|   0|0x00000000c1600000, 0x00000000c1700000, 0x00000000c1700000|100%|HS|  |TAMS 0x00000000c1700000, 0x00000000c1600000| Complete 
|   1|0x00000000c1700000, 0x00000000c1800000, 0x00000000c1800000|100%| O|  |TAMS 0x00000000c1800000, 0x00000000c1700000| Untracked 
|   2|0x00000000c1800000, 0x00000000c1900000, 0x00000000c1900000|100%| O|  |TAMS 0x00000000c1900000, 0x00000000c1800000| Untracked 
|   3|0x00000000c1900000, 0x00000000c1a00000, 0x00000000c1a00000|100%| O|  |TAMS 0x00000000c1a00000, 0x00000000c1900000| Untracked 
|   4|0x00000000c1a00000, 0x00000000c1b00000, 0x00000000c1b00000|100%| O|  |TAMS 0x00000000c1b00000, 0x00000000c1a00000| Untracked 
|   5|0x00000000c1b00000, 0x00000000c1c00000, 0x00000000c1c00000|100%| O|  |TAMS 0x00000000c1c00000, 0x00000000c1b00000| Untracked 
|   6|0x00000000c1c00000, 0x00000000c1d00000, 0x00000000c1d00000|100%| O|  |TAMS 0x00000000c1d00000, 0x00000000c1c00000| Untracked 
|   7|0x00000000c1d00000, 0x00000000c1e00000, 0x00000000c1e00000|100%| O|  |TAMS 0x00000000c1d58600, 0x00000000c1d00000| Untracked 
|   8|0x00000000c1e00000, 0x00000000c1e2fa08, 0x00000000c1f00000| 18%| O|  |TAMS 0x00000000c1e00000, 0x00000000c1e00000| Untracked 
|   9|0x00000000c1f00000, 0x00000000c2000000, 0x00000000c2000000|100%| O|  |TAMS 0x00000000c1f00000, 0x00000000c1f00000| Untracked 
|  10|0x00000000c2000000, 0x00000000c2100000, 0x00000000c2100000|100%| O|  |TAMS 0x00000000c2000000, 0x00000000c2000000| Untracked 
|  11|0x00000000c2100000, 0x00000000c2200000, 0x00000000c2200000|100%| O|  |TAMS 0x00000000c2100000, 0x00000000c2100000| Untracked 
|  12|0x00000000c2200000, 0x00000000c2300000, 0x00000000c2300000|100%| O|  |TAMS 0x00000000c2200000, 0x00000000c2200000| Untracked 
|  13|0x00000000c2300000, 0x00000000c2400000, 0x00000000c2400000|100%| O|  |TAMS 0x00000000c2300000, 0x00000000c2300000| Untracked 
|  14|0x00000000c2400000, 0x00000000c2484a00, 0x00000000c2500000| 51%| O|  |TAMS 0x00000000c2400000, 0x00000000c2400000| Untracked 
|  15|0x00000000c2500000, 0x00000000c2500000, 0x00000000c2600000|  0%| F|  |TAMS 0x00000000c2500000, 0x00000000c2500000| Untracked 
|  16|0x00000000c2600000, 0x00000000c2600000, 0x00000000c2700000|  0%| F|  |TAMS 0x00000000c2600000, 0x00000000c2600000| Untracked 
|  17|0x00000000c2700000, 0x00000000c2700000, 0x00000000c2800000|  0%| F|  |TAMS 0x00000000c2700000, 0x00000000c2700000| Untracked 
|  18|0x00000000c2800000, 0x00000000c2800000, 0x00000000c2900000|  0%| F|  |TAMS 0x00000000c2800000, 0x00000000c2800000| Untracked 
|  19|0x00000000c2900000, 0x00000000c2900000, 0x00000000c2a00000|  0%| F|  |TAMS 0x00000000c2900000, 0x00000000c2900000| Untracked 
|  20|0x00000000c2a00000, 0x00000000c2a00000, 0x00000000c2b00000|  0%| F|  |TAMS 0x00000000c2a00000, 0x00000000c2a00000| Untracked 
|  21|0x00000000c2b00000, 0x00000000c2b00000, 0x00000000c2c00000|  0%| F|  |TAMS 0x00000000c2b00000, 0x00000000c2b00000| Untracked 
|  22|0x00000000c2c00000, 0x00000000c2c00000, 0x00000000c2d00000|  0%| F|  |TAMS 0x00000000c2c00000, 0x00000000c2c00000| Untracked 
|  23|0x00000000c2d00000, 0x00000000c2d00000, 0x00000000c2e00000|  0%| F|  |TAMS 0x00000000c2d00000, 0x00000000c2d00000| Untracked 
|  24|0x00000000c2e00000, 0x00000000c2e00000, 0x00000000c2f00000|  0%| F|  |TAMS 0x00000000c2e00000, 0x00000000c2e00000| Untracked 
|  25|0x00000000c2f00000, 0x00000000c2f36b40, 0x00000000c3000000| 21%| S|CS|TAMS 0x00000000c2f00000, 0x00000000c2f00000| Complete 
|  26|0x00000000c3000000, 0x00000000c3100000, 0x00000000c3100000|100%| S|CS|TAMS 0x00000000c3000000, 0x00000000c3000000| Complete 
|  27|0x00000000c3100000, 0x00000000c3100000, 0x00000000c3200000|  0%| F|  |TAMS 0x00000000c3100000, 0x00000000c3100000| Untracked 
|  28|0x00000000c3200000, 0x00000000c3200000, 0x00000000c3300000|  0%| F|  |TAMS 0x00000000c3200000, 0x00000000c3200000| Untracked 
|  29|0x00000000c3300000, 0x00000000c3300000, 0x00000000c3400000|  0%| F|  |TAMS 0x00000000c3300000, 0x00000000c3300000| Untracked 
|  30|0x00000000c3400000, 0x00000000c3400000, 0x00000000c3500000|  0%| F|  |TAMS 0x00000000c3400000, 0x00000000c3400000| Untracked 
|  31|0x00000000c3500000, 0x00000000c3500000, 0x00000000c3600000|  0%| F|  |TAMS 0x00000000c3500000, 0x00000000c3500000| Untracked 
|  32|0x00000000c3600000, 0x00000000c3600000, 0x00000000c3700000|  0%| F|  |TAMS 0x00000000c3600000, 0x00000000c3600000| Untracked 
|  33|0x00000000c3700000, 0x00000000c374f398, 0x00000000c3800000| 30%| E|  |TAMS 0x00000000c3700000, 0x00000000c3700000| Complete 
|  34|0x00000000c3800000, 0x00000000c3900000, 0x00000000c3900000|100%| E|CS|TAMS 0x00000000c3800000, 0x00000000c3800000| Complete 
|  35|0x00000000c3900000, 0x00000000c3a00000, 0x00000000c3a00000|100%| E|CS|TAMS 0x00000000c3900000, 0x00000000c3900000| Complete 
|  36|0x00000000c3a00000, 0x00000000c3b00000, 0x00000000c3b00000|100%| E|CS|TAMS 0x00000000c3a00000, 0x00000000c3a00000| Complete 
|  37|0x00000000c3b00000, 0x00000000c3c00000, 0x00000000c3c00000|100%| E|CS|TAMS 0x00000000c3b00000, 0x00000000c3b00000| Complete 
|  38|0x00000000c3c00000, 0x00000000c3d00000, 0x00000000c3d00000|100%| E|CS|TAMS 0x00000000c3c00000, 0x00000000c3c00000| Complete 
|  39|0x00000000c3d00000, 0x00000000c3e00000, 0x00000000c3e00000|100%| E|CS|TAMS 0x00000000c3d00000, 0x00000000c3d00000| Complete 
|  40|0x00000000c3e00000, 0x00000000c3f00000, 0x00000000c3f00000|100%| E|CS|TAMS 0x00000000c3e00000, 0x00000000c3e00000| Complete 
|  41|0x00000000c3f00000, 0x00000000c4000000, 0x00000000c4000000|100%| E|CS|TAMS 0x00000000c3f00000, 0x00000000c3f00000| Complete 
|  42|0x00000000c4000000, 0x00000000c4100000, 0x00000000c4100000|100%| E|CS|TAMS 0x00000000c4000000, 0x00000000c4000000| Complete 
|  63|0x00000000c5500000, 0x00000000c5600000, 0x00000000c5600000|100%| E|CS|TAMS 0x00000000c5500000, 0x00000000c5500000| Complete 

Card table byte_map: [0x000002566ca60000,0x000002566cc60000] _byte_map_base: 0x000002566c455000

Marking Bits (Prev, Next): (CMBitMap*) 0x0000025653370d68, (CMBitMap*) 0x0000025653370d28
 Prev Bits: [0x000002566de10000, 0x000002566edb8000)
 Next Bits: [0x000002566ce60000, 0x000002566de08000)

Polling page: 0x00000256531f0000

Metaspace:

Usage:
  Non-class:     23.53 MB capacity,    23.03 MB ( 98%) used,   434.12 KB (  2%) free+waste,    80.75 KB ( <1%) overhead. 
      Class:      3.61 MB capacity,     3.31 MB ( 92%) used,   274.21 KB (  7%) free+waste,    39.94 KB (  1%) overhead. 
       Both:     27.15 MB capacity,    26.34 MB ( 97%) used,   708.33 KB (  3%) free+waste,   120.69 KB ( <1%) overhead. 

Virtual space:
  Non-class space:       24.00 MB reserved,      23.75 MB ( 99%) committed 
      Class space:        1.00 GB reserved,       3.63 MB ( <1%) committed 
             Both:        1.02 GB reserved,      27.38 MB (  3%) committed 

Chunk freelists:
   Non-Class:  3.75 KB
       Class:  1.50 KB
        Both:  5.25 KB

CodeHeap 'non-profiled nmethods': size=120064Kb used=1377Kb max_used=1377Kb free=118686Kb
 bounds [0x0000025664cf0000, 0x0000025664f60000, 0x000002566c230000]
CodeHeap 'profiled nmethods': size=120000Kb used=7070Kb max_used=7070Kb free=112929Kb
 bounds [0x000002565d7c0000, 0x000002565deb0000, 0x0000025664cf0000]
CodeHeap 'non-nmethods': size=5696Kb used=1185Kb max_used=1234Kb free=4510Kb
 bounds [0x000002565d230000, 0x000002565d4a0000, 0x000002565d7c0000]
 total_blobs=4335 nmethods=2957 adapters=435
 compilation: enabled
              stopped_count=0, restarted_count=0
 full_count=0

Compilation events (10 events):
Event: 15.878 Thread 0x0000025671b58000 3194       1       org.springframework.beans.factory.support.AbstractBeanFactory::getBeanClassLoader (5 bytes)
Event: 15.878 Thread 0x0000025671b58000 nmethod 3194 0x0000025664e47710 code [0x0000025664e478c0, 0x0000025664e479f8]
Event: 15.968 Thread 0x0000025671b58000 3195       3       org.springframework.util.ReflectionUtils::lambda$getUniqueDeclaredMethods$3 (137 bytes)
Event: 15.970 Thread 0x0000025671b58000 nmethod 3195 0x000002565dea4a90 code [0x000002565dea4d60, 0x000002565dea5c70]
Event: 15.970 Thread 0x0000025671b58000 3196       3       org.springframework.util.ReflectionUtils$$Lambda$325/0x000000080152f440::doWith (11 bytes)
Event: 15.970 Thread 0x0000025671b58000 nmethod 3196 0x000002565dea6090 code [0x000002565dea6260, 0x000002565dea64b0]
Event: 15.970 Thread 0x0000025671b58000 3197       3       org.springframework.context.annotation.ConfigurationClassBeanDefinitionReader$ConfigurationClassBeanDefinition::isFactoryMethod (21 bytes)
Event: 15.972 Thread 0x0000025671b58000 nmethod 3197 0x000002565dea6590 code [0x000002565dea6820, 0x000002565dea7300]
Event: 15.972 Thread 0x0000025671b58000 3198       3       org.springframework.beans.factory.support.RootBeanDefinition::isFactoryMethod (12 bytes)
Event: 15.972 Thread 0x0000025671b58000 nmethod 3198 0x000002565dea7690 code [0x000002565dea7860, 0x000002565dea7af0]

GC Heap History (10 events):
Event: 12.438 GC heap before
{Heap before GC invocations=8 (full 0):
 garbage-first heap   total 45056K, used 29977K [0x00000000c1600000, 0x0000000100000000)
  region size 1024K, 21 young (21504K), 4 survivors (4096K)
 Metaspace       used 24080K, capacity 24726K, committed 25088K, reserved 1071104K
  class space    used 2986K, capacity 3207K, committed 3328K, reserved 1048576K
}
Event: 12.452 GC heap after
{Heap after GC invocations=9 (full 0):
 garbage-first heap   total 45056K, used 13400K [0x00000000c1600000, 0x0000000100000000)
  region size 1024K, 1 young (1024K), 1 survivors (1024K)
 Metaspace       used 24080K, capacity 24726K, committed 25088K, reserved 1071104K
  class space    used 2986K, capacity 3207K, committed 3328K, reserved 1048576K
}
Event: 13.623 GC heap before
{Heap before GC invocations=9 (full 0):
 garbage-first heap   total 45056K, used 31832K [0x00000000c1600000, 0x0000000100000000)
  region size 1024K, 19 young (19456K), 1 survivors (1024K)
 Metaspace       used 25273K, capacity 26022K, committed 26368K, reserved 1073152K
  class space    used 3151K, capacity 3457K, committed 3584K, reserved 1048576K
}
Event: 13.627 GC heap after
{Heap after GC invocations=10 (full 0):
 garbage-first heap   total 45056K, used 14074K [0x00000000c1600000, 0x0000000100000000)
  region size 1024K, 2 young (2048K), 2 survivors (2048K)
 Metaspace       used 25273K, capacity 26022K, committed 26368K, reserved 1073152K
  class space    used 3151K, capacity 3457K, committed 3584K, reserved 1048576K
}
Event: 15.167 GC heap before
{Heap before GC invocations=10 (full 0):
 garbage-first heap   total 45056K, used 30458K [0x00000000c1600000, 0x0000000100000000)
  region size 1024K, 19 young (19456K), 2 survivors (2048K)
 Metaspace       used 26188K, capacity 26949K, committed 27136K, reserved 1073152K
  class space    used 3276K, capacity 3571K, committed 3584K, reserved 1048576K
}
Event: 15.174 GC heap after
{Heap after GC invocations=11 (full 0):
 garbage-first heap   total 45056K, used 14971K [0x00000000c1600000, 0x0000000100000000)
  region size 1024K, 2 young (2048K), 2 survivors (2048K)
 Metaspace       used 26188K, capacity 26949K, committed 27136K, reserved 1073152K
  class space    used 3276K, capacity 3571K, committed 3584K, reserved 1048576K
}
Event: 15.181 GC heap before
{Heap before GC invocations=11 (full 0):
 garbage-first heap   total 45056K, used 31355K [0x00000000c1600000, 0x0000000100000000)
  region size 1024K, 19 young (19456K), 2 survivors (2048K)
 Metaspace       used 26188K, capacity 26949K, committed 27136K, reserved 1073152K
  class space    used 3276K, capacity 3571K, committed 3584K, reserved 1048576K
}
Event: 15.188 GC heap after
{Heap after GC invocations=12 (full 0):
 garbage-first heap   total 45056K, used 15042K [0x00000000c1600000, 0x0000000100000000)
  region size 1024K, 1 young (1024K), 1 survivors (1024K)
 Metaspace       used 26188K, capacity 26949K, committed 27136K, reserved 1073152K
  class space    used 3276K, capacity 3571K, committed 3584K, reserved 1048576K
}
Event: 15.392 GC heap before
{Heap before GC invocations=12 (full 0):
 garbage-first heap   total 45056K, used 31426K [0x00000000c1600000, 0x0000000100000000)
  region size 1024K, 18 young (18432K), 1 survivors (1024K)
 Metaspace       used 26302K, capacity 27112K, committed 27264K, reserved 1073152K
  class space    used 3289K, capacity 3604K, committed 3712K, reserved 1048576K
}
Event: 15.397 GC heap after
{Heap after GC invocations=13 (full 0):
 garbage-first heap   total 45056K, used 15275K [0x00000000c1600000, 0x0000000100000000)
  region size 1024K, 2 young (2048K), 2 survivors (2048K)
 Metaspace       used 26302K, capacity 27112K, committed 27264K, reserved 1073152K
  class space    used 3289K, capacity 3604K, committed 3712K, reserved 1048576K
}

Deoptimization events (10 events):
Event: 13.115 Thread 0x00000256736fc000 Uncommon trap: reason=bimorphic_or_optimized_type_check action=maybe_recompile pc=0x0000025664d7a5f8 method=java.io.DataOutputStream.writeByte(I)V @ 5 c2
Event: 13.129 Thread 0x00000256736fc000 Uncommon trap: reason=bimorphic_or_optimized_type_check action=maybe_recompile pc=0x0000025664d7a5f8 method=java.io.DataOutputStream.writeByte(I)V @ 5 c2
Event: 14.434 Thread 0x0000025653343000 Uncommon trap: reason=predicate action=maybe_recompile pc=0x0000025664e198b8 method=java.util.AbstractCollection.toArray([Ljava/lang/Object;)[Ljava/lang/Object; @ 43 c2
Event: 14.625 Thread 0x0000025653343000 Uncommon trap: reason=intrinsic_or_type_checked_inlining action=make_not_entrant pc=0x0000025664e1b39c method=java.util.Arrays.copyOf([Ljava/lang/Object;ILjava/lang/Class;)[Ljava/lang/Object; @ 35 c2
Event: 14.935 Thread 0x0000025653343000 Uncommon trap: reason=unstable_if action=reinterpret pc=0x0000025664e05348 method=org.springframework.asm.ClassReader.readCode(Lorg/springframework/asm/MethodVisitor;Lorg/springframework/asm/Context;I)V @ 2368 c2
Event: 15.260 Thread 0x0000025653343000 Uncommon trap: reason=intrinsic_or_type_checked_inlining action=make_not_entrant pc=0x0000025664e31538 method=java.util.ArrayList.toArray([Ljava/lang/Object;)[Ljava/lang/Object; @ 36 c2
Event: 15.462 Thread 0x0000025653343000 Uncommon trap: reason=profile_predicate action=maybe_recompile pc=0x0000025664e38888 method=org.springframework.boot.context.properties.source.ConfigurationPropertyName$Elements.canShortcutWithSource(Lorg/springframework/boot/context/properties/source/Con
Event: 15.462 Thread 0x0000025653343000 Uncommon trap: reason=profile_predicate action=maybe_recompile pc=0x0000025664e38888 method=org.springframework.boot.context.properties.source.ConfigurationPropertyName$Elements.canShortcutWithSource(Lorg/springframework/boot/context/properties/source/Con
Event: 15.462 Thread 0x0000025653343000 Uncommon trap: reason=profile_predicate action=maybe_recompile pc=0x0000025664e38888 method=org.springframework.boot.context.properties.source.ConfigurationPropertyName$Elements.canShortcutWithSource(Lorg/springframework/boot/context/properties/source/Con
Event: 15.462 Thread 0x0000025653343000 Uncommon trap: reason=profile_predicate action=maybe_recompile pc=0x0000025664e38888 method=org.springframework.boot.context.properties.source.ConfigurationPropertyName$Elements.canShortcutWithSource(Lorg/springframework/boot/context/properties/source/Con

Classes redefined (0 events):
No events

Internal exceptions (10 events):
Event: 13.268 Thread 0x00000256736fc000 Exception <a 'java/lang/ClassNotFoundException'{0x00000000c37911f8}: org/springframework/boot/actuate/endpoint/jmx/DataEndpointMBean> (0x00000000c37911f8) thrown at [c:/cygwin64/tmp/openjdk-jdk12u-windows-x64-hotspot/workspace/build/src/src/hotspot/share/
Event: 13.268 Thread 0x00000256736fc000 Exception <a 'java/lang/ClassNotFoundException'{0x00000000c37915c0}: org/springframework/context/support/LiveBeansView> (0x00000000c37915c0) thrown at [c:/cygwin64/tmp/openjdk-jdk12u-windows-x64-hotspot/workspace/build/src/src/hotspot/share/classfile/syst
Event: 13.269 Thread 0x00000256736fc000 Exception <a 'java/lang/ClassNotFoundException'{0x00000000c3791978}: org/springframework/boot/actuate/endpoint/jmx/EndpointMBean> (0x00000000c3791978) thrown at [c:/cygwin64/tmp/openjdk-jdk12u-windows-x64-hotspot/workspace/build/src/src/hotspot/share/clas
Event: 13.269 Thread 0x00000256736fc000 Exception <a 'java/lang/ClassNotFoundException'{0x00000000c3791d30}: org/springframework/boot/actuate/endpoint/jmx/DataEndpointMBean> (0x00000000c3791d30) thrown at [c:/cygwin64/tmp/openjdk-jdk12u-windows-x64-hotspot/workspace/build/src/src/hotspot/share/
Event: 13.269 Thread 0x00000256736fc000 Exception <a 'java/lang/ClassNotFoundException'{0x00000000c37920e0}: org/springframework/context/support/LiveBeansView> (0x00000000c37920e0) thrown at [c:/cygwin64/tmp/openjdk-jdk12u-windows-x64-hotspot/workspace/build/src/src/hotspot/share/classfile/syst
Event: 13.269 Thread 0x00000256736fc000 Exception <a 'java/lang/ClassNotFoundException'{0x00000000c3792498}: org/springframework/boot/actuate/endpoint/jmx/EndpointMBean> (0x00000000c3792498) thrown at [c:/cygwin64/tmp/openjdk-jdk12u-windows-x64-hotspot/workspace/build/src/src/hotspot/share/clas
Event: 13.269 Thread 0x00000256736fc000 Exception <a 'java/lang/ClassNotFoundException'{0x00000000c3792850}: org/springframework/boot/actuate/endpoint/jmx/DataEndpointMBean> (0x00000000c3792850) thrown at [c:/cygwin64/tmp/openjdk-jdk12u-windows-x64-hotspot/workspace/build/src/src/hotspot/share/
Event: 13.269 Thread 0x00000256736fc000 Exception <a 'java/lang/ClassNotFoundException'{0x00000000c3792c00}: org/springframework/context/support/LiveBeansView> (0x00000000c3792c00) thrown at [c:/cygwin64/tmp/openjdk-jdk12u-windows-x64-hotspot/workspace/build/src/src/hotspot/share/classfile/syst
Event: 13.633 Thread 0x0000025653343000 Exception <a 'java/lang/IncompatibleClassChangeError'{0x00000000c5535a70}: Found class java.lang.Object, but interface was expected> (0x00000000c5535a70) thrown at [c:/cygwin64/tmp/openjdk-jdk12u-windows-x64-hotspot/workspace/build/src/src/hotspot/share/i
Event: 15.753 Thread 0x0000025653343000 Exception <a 'java/lang/NoSuchMethodError'{0x00000000c3bd28e0}: java.lang.invoke.DirectMethodHandle$Holder.invokeInterface(Ljava/lang/Object;Ljava/lang/Object;Ljava/lang/Object;Ljava/lang/Object;)V> (0x00000000c3bd28e0) thrown at [c:/cygwin64/tmp/openjdk-

Events (10 events):
Event: 15.958 loading class org/springframework/web/servlet/mvc/SimpleControllerHandlerAdapter
Event: 15.958 loading class org/springframework/web/servlet/mvc/SimpleControllerHandlerAdapter done
Event: 15.959 loading class org/springframework/web/servlet/mvc/method/annotation/ExceptionHandlerExceptionResolver
Event: 15.959 loading class org/springframework/web/servlet/mvc/method/annotation/ExceptionHandlerExceptionResolver done
Event: 15.961 loading class org/springframework/web/servlet/handler/AbstractHandlerMethodExceptionResolver
Event: 15.961 loading class org/springframework/web/servlet/handler/AbstractHandlerMethodExceptionResolver done
Event: 15.962 loading class org/springframework/web/servlet/handler/AbstractHandlerExceptionResolver
Event: 15.962 loading class org/springframework/web/servlet/handler/AbstractHandlerExceptionResolver done
Event: 15.963 loading class org/springframework/web/bind/support/ConfigurableWebBindingInitializer
Event: 15.963 loading class org/springframework/web/bind/support/ConfigurableWebBindingInitializer done


Dynamic libraries:
0x00007ff653440000 - 0x00007ff65344d000 	C:\Program Files\AdoptOpenJDK\jdk-12.0.1.12-hotspot\bin\java.exe
0x00007ffc18c50000 - 0x00007ffc18e42000 	C:\WINDOWS\SYSTEM32\ntdll.dll
0x00007ffc18280000 - 0x00007ffc1833d000 	C:\WINDOWS\System32\KERNEL32.DLL
0x00007ffc16780000 - 0x00007ffc16a40000 	C:\WINDOWS\System32\KERNELBASE.dll
0x00007ffc16620000 - 0x00007ffc1671f000 	C:\WINDOWS\System32\ucrtbase.dll
0x00007ffc0fa90000 - 0x00007ffc0faa7000 	C:\Program Files\AdoptOpenJDK\jdk-12.0.1.12-hotspot\bin\jli.dll
0x00007ffc0a430000 - 0x00007ffc0a446000 	C:\Program Files\AdoptOpenJDK\jdk-12.0.1.12-hotspot\bin\VCRUNTIME140.dll
0x00007ffc17a00000 - 0x00007ffc17b9f000 	C:\WINDOWS\System32\USER32.dll
0x00007ffc165a0000 - 0x00007ffc165c2000 	C:\WINDOWS\System32\win32u.dll
0x00007ffc03b20000 - 0x00007ffc03dba000 	C:\WINDOWS\WinSxS\amd64_microsoft.windows.common-controls_6595b64144ccf1df_6.0.18936.1000_none_ac70f02636cda934\COMCTL32.dll
0x00007ffc18340000 - 0x00007ffc1836a000 	C:\WINDOWS\System32\GDI32.dll
0x00007ffc17960000 - 0x00007ffc179fe000 	C:\WINDOWS\System32\msvcrt.dll
0x00007ffc16a40000 - 0x00007ffc16b47000 	C:\WINDOWS\System32\gdi32full.dll
0x00007ffc16c30000 - 0x00007ffc16ccd000 	C:\WINDOWS\System32\msvcp_win.dll
0x00007ffc17c20000 - 0x00007ffc17c50000 	C:\WINDOWS\System32\IMM32.DLL
0x00007ffbf4950000 - 0x00007ffbf49eb000 	C:\Program Files\AdoptOpenJDK\jdk-12.0.1.12-hotspot\bin\msvcp140.dll
0x00007ffbd3320000 - 0x00007ffbd3ec8000 	C:\Program Files\AdoptOpenJDK\jdk-12.0.1.12-hotspot\bin\server\jvm.dll
0x00007ffc181d0000 - 0x00007ffc1827a000 	C:\WINDOWS\System32\ADVAPI32.dll
0x00007ffc17fa0000 - 0x00007ffc1803b000 	C:\WINDOWS\System32\sechost.dll
0x00007ffc170a0000 - 0x00007ffc171c0000 	C:\WINDOWS\System32\RPCRT4.dll
0x00007ffc16d50000 - 0x00007ffc16d58000 	C:\WINDOWS\System32\PSAPI.DLL
0x00007ffc03f30000 - 0x00007ffc03f57000 	C:\WINDOWS\SYSTEM32\WINMM.dll
0x00007ffc11ae0000 - 0x00007ffc11ae9000 	C:\WINDOWS\SYSTEM32\WSOCK32.dll
0x00007ffc06d60000 - 0x00007ffc06d6a000 	C:\WINDOWS\SYSTEM32\VERSION.dll
0x00007ffc16e30000 - 0x00007ffc16e9b000 	C:\WINDOWS\System32\WS2_32.dll
0x00007ffc14570000 - 0x00007ffc14583000 	C:\WINDOWS\SYSTEM32\kernel.appcore.dll
0x00007ffc0fb10000 - 0x00007ffc0fb20000 	C:\Program Files\AdoptOpenJDK\jdk-12.0.1.12-hotspot\bin\verify.dll
0x00007ffc03fb0000 - 0x00007ffc04194000 	C:\WINDOWS\SYSTEM32\DBGHELP.DLL
0x00007ffc03e20000 - 0x00007ffc03e4c000 	C:\WINDOWS\SYSTEM32\dbgcore.DLL
0x00007ffc16cd0000 - 0x00007ffc16d4b000 	C:\WINDOWS\System32\bcryptPrimitives.dll
0x00007ffc0ab40000 - 0x00007ffc0ab66000 	C:\Program Files\AdoptOpenJDK\jdk-12.0.1.12-hotspot\bin\java.dll
0x00007ffc0fa40000 - 0x00007ffc0fa57000 	C:\Program Files\AdoptOpenJDK\jdk-12.0.1.12-hotspot\bin\zip.dll
0x00007ffc0f7c0000 - 0x00007ffc0f7ca000 	C:\Program Files\AdoptOpenJDK\jdk-12.0.1.12-hotspot\bin\jimage.dll
0x00007ffc17290000 - 0x00007ffc17956000 	C:\WINDOWS\System32\SHELL32.dll
0x00007ffc14770000 - 0x00007ffc14f2f000 	C:\WINDOWS\SYSTEM32\windows.storage.dll
0x00007ffc17c50000 - 0x00007ffc17fa0000 	C:\WINDOWS\System32\combase.dll
0x00007ffc18650000 - 0x00007ffc186fd000 	C:\WINDOWS\System32\SHCORE.dll
0x00007ffc18060000 - 0x00007ffc180b5000 	C:\WINDOWS\System32\shlwapi.dll
0x00007ffc16380000 - 0x00007ffc1639f000 	C:\WINDOWS\SYSTEM32\profapi.dll
0x00007ffc0c5c0000 - 0x00007ffc0c5d9000 	C:\Program Files\AdoptOpenJDK\jdk-12.0.1.12-hotspot\bin\net.dll
0x00007ffc09a80000 - 0x00007ffc09c6b000 	C:\WINDOWS\SYSTEM32\urlmon.dll
0x00007ffc0f230000 - 0x00007ffc0f32f000 	C:\WINDOWS\SYSTEM32\WINHTTP.dll
0x00007ffc0a0a0000 - 0x00007ffc0a34d000 	C:\WINDOWS\SYSTEM32\iertutil.dll
0x00007ffc15b90000 - 0x00007ffc15bfa000 	C:\WINDOWS\system32\mswsock.dll
0x00007ffc0ab20000 - 0x00007ffc0ab33000 	C:\Program Files\AdoptOpenJDK\jdk-12.0.1.12-hotspot\bin\nio.dll
0x00007ffc0f350000 - 0x00007ffc0f359000 	C:\Program Files\AdoptOpenJDK\jdk-12.0.1.12-hotspot\bin\management.dll
0x00007ffc0c6d0000 - 0x00007ffc0c6db000 	C:\Program Files\AdoptOpenJDK\jdk-12.0.1.12-hotspot\bin\management_ext.dll
0x00007ffc158f0000 - 0x00007ffc159b7000 	C:\WINDOWS\SYSTEM32\DNSAPI.dll
0x00007ffc158b0000 - 0x00007ffc158eb000 	C:\WINDOWS\SYSTEM32\IPHLPAPI.DLL
0x00007ffc17220000 - 0x00007ffc17228000 	C:\WINDOWS\System32\NSI.dll
0x00007ffc09980000 - 0x00007ffc0998a000 	C:\Windows\System32\rasadhlp.dll
0x00007ffc0e420000 - 0x00007ffc0e499000 	C:\WINDOWS\System32\fwpuclnt.dll
0x00007ffc16b50000 - 0x00007ffc16b77000 	C:\WINDOWS\System32\bcrypt.dll
0x00007ffc160d0000 - 0x00007ffc160e8000 	C:\WINDOWS\SYSTEM32\CRYPTSP.dll
0x00007ffc15700000 - 0x00007ffc15734000 	C:\WINDOWS\system32\rsaenh.dll
0x00007ffc16340000 - 0x00007ffc1636c000 	C:\WINDOWS\SYSTEM32\USERENV.dll
0x00007ffc15d10000 - 0x00007ffc15d1c000 	C:\WINDOWS\SYSTEM32\CRYPTBASE.dll
0x00007ffc0cf40000 - 0x00007ffc0cf57000 	C:\WINDOWS\SYSTEM32\dhcpcsvc6.DLL
0x00007ffc0cf00000 - 0x00007ffc0cf1d000 	C:\WINDOWS\SYSTEM32\dhcpcsvc.DLL
0x00007ffc01fb0000 - 0x00007ffc01fc7000 	C:\WINDOWS\system32\napinsp.dll
0x00007ffc01f90000 - 0x00007ffc01fab000 	C:\WINDOWS\system32\pnrpnsp.dll
0x00007ffc01ee0000 - 0x00007ffc01eee000 	C:\WINDOWS\System32\winrnr.dll
0x00007ffc12090000 - 0x00007ffc120ad000 	C:\WINDOWS\system32\NLAapi.dll
0x00007ffc01d80000 - 0x00007ffc01d95000 	C:\WINDOWS\system32\wshbth.dll

dbghelp: loaded successfully - version: 4.0.5 - missing functions: none
symbol engine: initialized successfully - sym options: 0x614 - pdb path: .;C:\Program Files\AdoptOpenJDK\jdk-12.0.1.12-hotspot\bin;C:\WINDOWS\SYSTEM32;C:\WINDOWS\WinSxS\amd64_microsoft.windows.common-controls_6595b64144ccf1df_6.0.18936.1000_none_ac70f02636cda934;C:\Program Files\AdoptOpenJDK\jdk-12.0.1.12-hotspot\bin\server

VM Arguments:
java_command: C:\Users\bigei\AppData\Local\Temp\surefire804132820730658239\surefirebooter7566130653381387158.jar C:\Users\bigei\AppData\Local\Temp\surefire804132820730658239 2019-08-02T18-06-46_948-jvmRun1 surefire962586664250754800tmp surefire_012157770058886261105tmp
java_class_path (initial): C:\Users\bigei\AppData\Local\Temp\surefire804132820730658239\surefirebooter7566130653381387158.jar
Launcher Type: SUN_STANDARD

[Global flags]
     intx CICompilerCount                          = 3                                         {product} {ergonomic}
     uint ConcGCThreads                            = 1                                         {product} {ergonomic}
     uint G1ConcRefinementThreads                  = 4                                         {product} {ergonomic}
   size_t G1HeapRegionSize                         = 1048576                                   {product} {ergonomic}
    uintx GCDrainStackTargetSize                   = 64                                        {product} {ergonomic}
   size_t InitialHeapSize                          = 67108864                                  {product} {ergonomic}
   size_t MarkStackSize                            = 4194304                                   {product} {ergonomic}
   size_t MaxHeapSize                              = 1050673152                                {product} {ergonomic}
   size_t MaxNewSize                               = 630194176                                 {product} {ergonomic}
   size_t MinHeapDeltaBytes                        = 1048576                                   {product} {ergonomic}
    uintx NonNMethodCodeHeapSize                   = 5830732                                {pd product} {ergonomic}
    uintx NonProfiledCodeHeapSize                  = 122913754                              {pd product} {ergonomic}
    uintx ProfiledCodeHeapSize                     = 122913754                              {pd product} {ergonomic}
    uintx ReservedCodeCacheSize                    = 251658240                              {pd product} {ergonomic}
     bool SegmentedCodeCache                       = true                                      {product} {ergonomic}
     bool UseCompressedClassPointers               = true                                 {lp64_product} {ergonomic}
     bool UseCompressedOops                        = true                                 {lp64_product} {ergonomic}
     bool UseG1GC                                  = true                                      {product} {ergonomic}
     bool UseLargePagesIndividualAllocation        = false                                  {pd product} {ergonomic}

Logging:
Log output configuration:
 #0: stdout all=warning uptime,level,tags
 #1: stderr all=off uptime,level,tags

Environment Variables:
JAVA_HOME=C:\Program Files\Java\jdk1.8.0_201
PATH=C:/Program Files/AdoptOpenJDK/jdk-12.0.1.12-hotspot/bin/server;C:/Program Files/AdoptOpenJDK/jdk-12.0.1.12-hotspot/bin;C:\Program Files\AdoptOpenJDK\jdk-12.0.1.12-hotspot\bin;C:\Program Files\Java\jdk1.8.0_201\bin;C:\apache-maven-3.6.1\bin;C:\ProgramData\DockerDesktop\version-bin;C:\Program Files\Docker\Docker\Resources\bin;C:\WINDOWS\system32;C:\WINDOWS;C:\WINDOWS\System32\Wbem;C:\WINDOWS\System32\WindowsPowerShell\v1.0\;C:\WINDOWS\System32\OpenSSH\;C:\Program Files\Microsoft VS Code\bin;C:\Program Files (x86)\Brackets\command;C:\Program Files\PuTTY\;C:\Program Files\flutter\bin\;C:\Program Files (x86)\Yarn\bin\;C:\Program Files\nodejs\;C:\Program Files\Java\jdk1.8.0_201\bin;C:\Users\bigei\AppData\Local\Android\sdk\platform-tools;C:\Ruby25-x64\bin;C:\Users\bigei\AppData\Local\Microsoft\WindowsApps;C:\Program Files\Microsoft VS Code\bin;C:\Program Files\MongoDB\Server\3.6\bin;C:\Users\bigei\AppData\Local\Programs\Microsoft VS Code\bin;C:\Program Files\heroku\bin;C:\Users\bigei\AppData\Local\GitHubDesktop\bin;C:\Users\bigei\AppData\Local\Yarn\bin;C:\Program Files\Java\jre1.8.0_201;C:\Program Files\Java\jdk1.8.0_201\bin;C:\Program Files\Android\Android Studio\jre;C:\Users\bigei\AppData\Roaming\npm;C:\Users\bigei\AppData\Local\Microsoft\WindowsApps;;C:\sts-4.3.1.RELEASE;
USERNAME=bigei
OS=Windows_NT
PROCESSOR_IDENTIFIER=Intel64 Family 6 Model 42 Stepping 7, GenuineIntel



---------------  S Y S T E M  ---------------

OS: Windows 10 , 64 bit Build 18936 (10.0.18936.1000)

CPU:total 4 (initial active 4) (2 cores per cpu, 2 threads per core) family 6 model 42 stepping 7, cmov, cx8, fxsr, mmx, sse, sse2, sse3, ssse3, sse4.1, sse4.2, popcnt, avx, clmul, ht, tsc, tscinvbit

Memory: 4k page, system-wide physical 4001M (132M free)
TotalPageFile size 16289M (AvailPageFile size 70M)
current process WorkingSet (physical memory assigned to process): 152M, peak: 168M
current process commit charge ("private bytes"): 182M, peak: 200M

vm_info: OpenJDK 64-Bit Server VM (12.0.1+12) for windows-amd64 JRE (12.0.1+12), built on Apr 25 2019 06:23:28 by "" with MS VC++ 15.8 (VS2017)

END.
