#
# There is insufficient memory for the Java Runtime Environment to continue.
# Native memory allocation (malloc) failed to allocate 984016 bytes for Chunk::new
# Possible reasons:
#   The system is out of physical RAM or swap space
#   The process is running with CompressedOops enabled, and the Java Heap may be blocking the growth of the native heap
# Possible solutions:
#   Reduce memory load on the system
#   Increase physical memory or swap space
#   Check if swap backing store is full
#   Decrease Java heap size (-Xmx/-Xms)
#   Decrease number of Java threads
#   Decrease Java thread stack sizes (-Xss)
#   Set larger code cache with -XX:ReservedCodeCacheSize=
#   JVM is running with Unscaled Compressed Oops mode in which the Java heap is
#     placed in the first 4GB address space. The Java Heap base address is the
#     maximum limit for the native heap growth. Please use -XX:HeapBaseMinAddress
#     to set the Java Heap base and to place the Java Heap above 4GB virtual address.
# This output file may be truncated or incomplete.
#
#  Out of Memory Error (c:/cygwin64/tmp/openjdk-jdk12u-windows-x64-hotspot/workspace/build/src/src/hotspot/share/memory/arena.cpp:197), pid=17976, tid=11808
#
# JRE version: OpenJDK Runtime Environment (12.0.1+12) (build 12.0.1+12)
# Java VM: OpenJDK 64-Bit Server VM (12.0.1+12, mixed mode, sharing, tiered, compressed oops, g1 gc, windows-amd64)
# No core dump will be written. Minidumps are not enabled by default on client versions of Windows
#

---------------  S U M M A R Y ------------

Command Line: C:\Users\bigei\AppData\Local\Temp\surefire13734347064379367194\surefirebooter7507461634248360630.jar C:\Users\bigei\AppData\Local\Temp\surefire13734347064379367194 2019-08-02T08-35-46_403-jvmRun1 surefire12266644473523284753tmp surefire_05362182926253888170tmp

Host: Intel(R) Core(TM) i5-2430M CPU @ 2.40GHz, 4 cores, 3G,  Windows 10 , 64 bit Build 18936 (10.0.18936.1000)
Time: Fri Aug  2 08:35:53 2019 Hora de verano central (México) elapsed time: 4 seconds (0d 0h 0m 4s)

---------------  T H R E A D  ---------------

Current thread (0x000002074cade000):  JavaThread "C2 CompilerThread0" daemon [_thread_in_native, id=11808, stack(0x000000af03b00000,0x000000af03c00000)]


Current CompileTask:
C2:   4292 1700       4       java.net.URLStreamHandler::parseURL (1201 bytes)

Stack: [0x000000af03b00000,0x000000af03c00000]
Native frames: (J=compiled Java code, j=interpreted, Vv=VM code, C=native code)
V  [jvm.dll+0x5f5eea]
V  [jvm.dll+0x7a113f]
V  [jvm.dll+0x7a28b0]
V  [jvm.dll+0x7a2f13]
V  [jvm.dll+0x249ac8]
V  [jvm.dll+0xbe0a7]
V  [jvm.dll+0xbe62c]
V  [jvm.dll+0x3549b7]
V  [jvm.dll+0x321203]
V  [jvm.dll+0x3205da]
V  [jvm.dll+0x2040d5]
V  [jvm.dll+0x2032ef]
V  [jvm.dll+0x18565b]
V  [jvm.dll+0x212163]
V  [jvm.dll+0x210590]
V  [jvm.dll+0x7646d4]
V  [jvm.dll+0x75da14]
V  [jvm.dll+0x5f51a6]
C  [ucrtbase.dll+0x200d2]
C  [KERNEL32.DLL+0x16e24]
C  [ntdll.dll+0x6b071]


---------------  P R O C E S S  ---------------

Threads class SMR info:
_java_thread_list=0x000002074da25830, length=12, elements={
0x000002072fa82000, 0x000002074cac0800, 0x000002074cac1800, 0x000002074cada000,
0x000002074cadd000, 0x000002074cade000, 0x000002074cae6000, 0x000002074cb0b000,
0x000002074cd7d800, 0x000002074cd83000, 0x000002074ce38800, 0x000002074cf46000
}

Java Threads: ( => current thread )
  0x000002072fa82000 JavaThread "main" [_thread_in_vm, id=11920, stack(0x000000af03000000,0x000000af03100000)]
  0x000002074cac0800 JavaThread "Reference Handler" daemon [_thread_blocked, id=6552, stack(0x000000af03700000,0x000000af03800000)]
  0x000002074cac1800 JavaThread "Finalizer" daemon [_thread_blocked, id=240, stack(0x000000af03800000,0x000000af03900000)]
  0x000002074cada000 JavaThread "Signal Dispatcher" daemon [_thread_blocked, id=9556, stack(0x000000af03900000,0x000000af03a00000)]
  0x000002074cadd000 JavaThread "Attach Listener" daemon [_thread_in_native, id=11928, stack(0x000000af03a00000,0x000000af03b00000)]
=>0x000002074cade000 JavaThread "C2 CompilerThread0" daemon [_thread_in_native, id=11808, stack(0x000000af03b00000,0x000000af03c00000)]
  0x000002074cae6000 JavaThread "C1 CompilerThread0" daemon [_thread_blocked, id=8348, stack(0x000000af03c00000,0x000000af03d00000)]
  0x000002074cb0b000 JavaThread "Sweeper thread" daemon [_thread_blocked, id=14736, stack(0x000000af03d00000,0x000000af03e00000)]
  0x000002074cd7d800 JavaThread "Service Thread" daemon [_thread_blocked, id=788, stack(0x000000af03e00000,0x000000af03f00000)]
  0x000002074cd83000 JavaThread "Common-Cleaner" daemon [_thread_blocked, id=15628, stack(0x000000af04000000,0x000000af04100000)]
  0x000002074ce38800 JavaThread "surefire-forkedjvm-command-thread" daemon [_thread_in_native, id=9660, stack(0x000000af04100000,0x000000af04200000)]
  0x000002074cf46000 JavaThread "surefire-forkedjvm-ping-30s" daemon [_thread_blocked, id=1644, stack(0x000000af04200000,0x000000af04300000)]

Other Threads:
  0x000002074cabb000 VMThread "VM Thread" [stack: 0x000000af03600000,0x000000af03700000] [id=3324]
  0x000002074cd7e800 WatcherThread [stack: 0x000000af03f00000,0x000000af04000000] [id=13632]
  0x000002072faaf000 GCTaskThread "GC Thread#0" [stack: 0x000000af03100000,0x000000af03200000] [id=12948]
  0x000002074d0be800 GCTaskThread "GC Thread#1" [stack: 0x000000af04300000,0x000000af04400000] [id=15116]
  0x000002072fab8000 ConcurrentGCThread "G1 Main Marker" [stack: 0x000000af03200000,0x000000af03300000] [id=16504]
  0x000002072faba000 ConcurrentGCThread "G1 Conc#0" [stack: 0x000000af03300000,0x000000af03400000] [id=4436]
  0x000002072fb15000 ConcurrentGCThread "G1 Refine#0" [stack: 0x000000af03400000,0x000000af03500000] [id=8636]
  0x000002072fb17000 ConcurrentGCThread "G1 Young RemSet Sampling" [stack: 0x000000af03500000,0x000000af03600000] [id=17048]

Threads with active compile tasks:
C2 CompilerThread0  1700       4       java.net.URLStreamHandler::parseURL (1201 bytes)

VM state:not at safepoint (normal execution)

VM Mutex/Monitor currently owned by a thread: None

Heap address: 0x00000000c1600000, size: 1002 MB, Compressed Oops mode: 32-bit
Narrow klass base: 0x0000000800000000, Narrow klass shift: 3
Compressed class space size: 1073741824 Address: 0x00000008011a0000

Heap:
 garbage-first heap   total 65536K, used 30035K [0x00000000c1600000, 0x0000000100000000)
  region size 1024K, 25 young (25600K), 2 survivors (2048K)
 Metaspace       used 13156K, capacity 13630K, committed 13824K, reserved 1060864K
  class space    used 1622K, capacity 1792K, committed 1792K, reserved 1048576K
Heap Regions: E=young(eden), S=young(survivor), O=old, HS=humongous(starts), HC=humongous(continues), CS=collection set, F=free, A=archive, TAMS=top-at-mark-start (previous, next)
|   0|0x00000000c1600000, 0x00000000c1700000, 0x00000000c1700000|100%|HS|  |TAMS 0x00000000c1600000, 0x00000000c1600000| Complete 
|   1|0x00000000c1700000, 0x00000000c1800000, 0x00000000c1800000|100%| O|  |TAMS 0x00000000c1700000, 0x00000000c1700000| Untracked 
|   2|0x00000000c1800000, 0x00000000c1900000, 0x00000000c1900000|100%| O|  |TAMS 0x00000000c1800000, 0x00000000c1800000| Untracked 
|   3|0x00000000c1900000, 0x00000000c1a00000, 0x00000000c1a00000|100%| O|  |TAMS 0x00000000c1900000, 0x00000000c1900000| Untracked 
|   4|0x00000000c1a00000, 0x00000000c1b00000, 0x00000000c1b00000|100%| O|  |TAMS 0x00000000c1a00000, 0x00000000c1a00000| Untracked 
|   5|0x00000000c1b00000, 0x00000000c1c00000, 0x00000000c1c00000|100%| O|  |TAMS 0x00000000c1b00000, 0x00000000c1b00000| Untracked 
|   6|0x00000000c1c00000, 0x00000000c1c2da00, 0x00000000c1d00000| 17%| O|  |TAMS 0x00000000c1c00000, 0x00000000c1c00000| Untracked 
|   7|0x00000000c1d00000, 0x00000000c1d00000, 0x00000000c1e00000|  0%| F|  |TAMS 0x00000000c1d00000, 0x00000000c1d00000| Untracked 
|   8|0x00000000c1e00000, 0x00000000c1e00000, 0x00000000c1f00000|  0%| F|  |TAMS 0x00000000c1e00000, 0x00000000c1e00000| Untracked 
|   9|0x00000000c1f00000, 0x00000000c1f00000, 0x00000000c2000000|  0%| F|  |TAMS 0x00000000c1f00000, 0x00000000c1f00000| Untracked 
|  10|0x00000000c2000000, 0x00000000c2000000, 0x00000000c2100000|  0%| F|  |TAMS 0x00000000c2000000, 0x00000000c2000000| Untracked 
|  11|0x00000000c2100000, 0x00000000c2100000, 0x00000000c2200000|  0%| F|  |TAMS 0x00000000c2100000, 0x00000000c2100000| Untracked 
|  12|0x00000000c2200000, 0x00000000c2200000, 0x00000000c2300000|  0%| F|  |TAMS 0x00000000c2200000, 0x00000000c2200000| Untracked 
|  13|0x00000000c2300000, 0x00000000c2300000, 0x00000000c2400000|  0%| F|  |TAMS 0x00000000c2300000, 0x00000000c2300000| Untracked 
|  14|0x00000000c2400000, 0x00000000c2400000, 0x00000000c2500000|  0%| F|  |TAMS 0x00000000c2400000, 0x00000000c2400000| Untracked 
|  15|0x00000000c2500000, 0x00000000c2500000, 0x00000000c2600000|  0%| F|  |TAMS 0x00000000c2500000, 0x00000000c2500000| Untracked 
|  16|0x00000000c2600000, 0x00000000c2600000, 0x00000000c2700000|  0%| F|  |TAMS 0x00000000c2600000, 0x00000000c2600000| Untracked 
|  17|0x00000000c2700000, 0x00000000c2700000, 0x00000000c2800000|  0%| F|  |TAMS 0x00000000c2700000, 0x00000000c2700000| Untracked 
|  18|0x00000000c2800000, 0x00000000c2800000, 0x00000000c2900000|  0%| F|  |TAMS 0x00000000c2800000, 0x00000000c2800000| Untracked 
|  19|0x00000000c2900000, 0x00000000c2900000, 0x00000000c2a00000|  0%| F|  |TAMS 0x00000000c2900000, 0x00000000c2900000| Untracked 
|  20|0x00000000c2a00000, 0x00000000c2a00000, 0x00000000c2b00000|  0%| F|  |TAMS 0x00000000c2a00000, 0x00000000c2a00000| Untracked 
|  21|0x00000000c2b00000, 0x00000000c2b00000, 0x00000000c2c00000|  0%| F|  |TAMS 0x00000000c2b00000, 0x00000000c2b00000| Untracked 
|  22|0x00000000c2c00000, 0x00000000c2c00000, 0x00000000c2d00000|  0%| F|  |TAMS 0x00000000c2c00000, 0x00000000c2c00000| Untracked 
|  23|0x00000000c2d00000, 0x00000000c2d00000, 0x00000000c2e00000|  0%| F|  |TAMS 0x00000000c2d00000, 0x00000000c2d00000| Untracked 
|  24|0x00000000c2e00000, 0x00000000c2e00000, 0x00000000c2f00000|  0%| F|  |TAMS 0x00000000c2e00000, 0x00000000c2e00000| Untracked 
|  25|0x00000000c2f00000, 0x00000000c2f00000, 0x00000000c3000000|  0%| F|  |TAMS 0x00000000c2f00000, 0x00000000c2f00000| Untracked 
|  26|0x00000000c3000000, 0x00000000c3000000, 0x00000000c3100000|  0%| F|  |TAMS 0x00000000c3000000, 0x00000000c3000000| Untracked 
|  27|0x00000000c3100000, 0x00000000c3100000, 0x00000000c3200000|  0%| F|  |TAMS 0x00000000c3100000, 0x00000000c3100000| Untracked 
|  28|0x00000000c3200000, 0x00000000c3200000, 0x00000000c3300000|  0%| F|  |TAMS 0x00000000c3200000, 0x00000000c3200000| Untracked 
|  29|0x00000000c3300000, 0x00000000c3300000, 0x00000000c3400000|  0%| F|  |TAMS 0x00000000c3300000, 0x00000000c3300000| Untracked 
|  30|0x00000000c3400000, 0x00000000c3400000, 0x00000000c3500000|  0%| F|  |TAMS 0x00000000c3400000, 0x00000000c3400000| Untracked 
|  31|0x00000000c3500000, 0x00000000c3500000, 0x00000000c3600000|  0%| F|  |TAMS 0x00000000c3500000, 0x00000000c3500000| Untracked 
|  32|0x00000000c3600000, 0x00000000c3600000, 0x00000000c3700000|  0%| F|  |TAMS 0x00000000c3600000, 0x00000000c3600000| Untracked 
|  33|0x00000000c3700000, 0x00000000c3700000, 0x00000000c3800000|  0%| F|  |TAMS 0x00000000c3700000, 0x00000000c3700000| Untracked 
|  34|0x00000000c3800000, 0x00000000c3800000, 0x00000000c3900000|  0%| F|  |TAMS 0x00000000c3800000, 0x00000000c3800000| Untracked 
|  35|0x00000000c3900000, 0x00000000c3900000, 0x00000000c3a00000|  0%| F|  |TAMS 0x00000000c3900000, 0x00000000c3900000| Untracked 
|  36|0x00000000c3a00000, 0x00000000c3a00000, 0x00000000c3b00000|  0%| F|  |TAMS 0x00000000c3a00000, 0x00000000c3a00000| Untracked 
|  37|0x00000000c3b00000, 0x00000000c3b00000, 0x00000000c3c00000|  0%| F|  |TAMS 0x00000000c3b00000, 0x00000000c3b00000| Untracked 
|  38|0x00000000c3c00000, 0x00000000c3c00000, 0x00000000c3d00000|  0%| F|  |TAMS 0x00000000c3c00000, 0x00000000c3c00000| Untracked 
|  39|0x00000000c3d00000, 0x00000000c3d7de58, 0x00000000c3e00000| 49%| E|  |TAMS 0x00000000c3d00000, 0x00000000c3d00000| Complete 
|  40|0x00000000c3e00000, 0x00000000c3e27300, 0x00000000c3f00000| 15%| S|CS|TAMS 0x00000000c3e00000, 0x00000000c3e00000| Complete 
|  41|0x00000000c3f00000, 0x00000000c4000000, 0x00000000c4000000|100%| S|CS|TAMS 0x00000000c3f00000, 0x00000000c3f00000| Complete 
|  42|0x00000000c4000000, 0x00000000c4100000, 0x00000000c4100000|100%| E|CS|TAMS 0x00000000c4000000, 0x00000000c4000000| Complete 
|  43|0x00000000c4100000, 0x00000000c4200000, 0x00000000c4200000|100%| E|CS|TAMS 0x00000000c4100000, 0x00000000c4100000| Complete 
|  44|0x00000000c4200000, 0x00000000c4300000, 0x00000000c4300000|100%| E|CS|TAMS 0x00000000c4200000, 0x00000000c4200000| Complete 
|  45|0x00000000c4300000, 0x00000000c4400000, 0x00000000c4400000|100%| E|CS|TAMS 0x00000000c4300000, 0x00000000c4300000| Complete 
|  46|0x00000000c4400000, 0x00000000c4500000, 0x00000000c4500000|100%| E|CS|TAMS 0x00000000c4400000, 0x00000000c4400000| Complete 
|  47|0x00000000c4500000, 0x00000000c4600000, 0x00000000c4600000|100%| E|CS|TAMS 0x00000000c4500000, 0x00000000c4500000| Complete 
|  48|0x00000000c4600000, 0x00000000c4700000, 0x00000000c4700000|100%| E|CS|TAMS 0x00000000c4600000, 0x00000000c4600000| Complete 
|  49|0x00000000c4700000, 0x00000000c4800000, 0x00000000c4800000|100%| E|CS|TAMS 0x00000000c4700000, 0x00000000c4700000| Complete 
|  50|0x00000000c4800000, 0x00000000c4900000, 0x00000000c4900000|100%| E|CS|TAMS 0x00000000c4800000, 0x00000000c4800000| Complete 
|  51|0x00000000c4900000, 0x00000000c4a00000, 0x00000000c4a00000|100%| E|CS|TAMS 0x00000000c4900000, 0x00000000c4900000| Complete 
|  52|0x00000000c4a00000, 0x00000000c4b00000, 0x00000000c4b00000|100%| E|CS|TAMS 0x00000000c4a00000, 0x00000000c4a00000| Complete 
|  53|0x00000000c4b00000, 0x00000000c4c00000, 0x00000000c4c00000|100%| E|CS|TAMS 0x00000000c4b00000, 0x00000000c4b00000| Complete 
|  54|0x00000000c4c00000, 0x00000000c4d00000, 0x00000000c4d00000|100%| E|CS|TAMS 0x00000000c4c00000, 0x00000000c4c00000| Complete 
|  55|0x00000000c4d00000, 0x00000000c4e00000, 0x00000000c4e00000|100%| E|CS|TAMS 0x00000000c4d00000, 0x00000000c4d00000| Complete 
|  56|0x00000000c4e00000, 0x00000000c4f00000, 0x00000000c4f00000|100%| E|CS|TAMS 0x00000000c4e00000, 0x00000000c4e00000| Complete 
|  57|0x00000000c4f00000, 0x00000000c5000000, 0x00000000c5000000|100%| E|CS|TAMS 0x00000000c4f00000, 0x00000000c4f00000| Complete 
|  58|0x00000000c5000000, 0x00000000c5100000, 0x00000000c5100000|100%| E|CS|TAMS 0x00000000c5000000, 0x00000000c5000000| Complete 
|  59|0x00000000c5100000, 0x00000000c5200000, 0x00000000c5200000|100%| E|CS|TAMS 0x00000000c5100000, 0x00000000c5100000| Complete 
|  60|0x00000000c5200000, 0x00000000c5300000, 0x00000000c5300000|100%| E|CS|TAMS 0x00000000c5200000, 0x00000000c5200000| Complete 
|  61|0x00000000c5300000, 0x00000000c5400000, 0x00000000c5400000|100%| E|CS|TAMS 0x00000000c5300000, 0x00000000c5300000| Complete 
|  62|0x00000000c5400000, 0x00000000c5500000, 0x00000000c5500000|100%| E|CS|TAMS 0x00000000c5400000, 0x00000000c5400000| Complete 
|  63|0x00000000c5500000, 0x00000000c5600000, 0x00000000c5600000|100%| E|CS|TAMS 0x00000000c5500000, 0x00000000c5500000| Complete 

Card table byte_map: [0x00000207479c0000,0x0000020747bc0000] _byte_map_base: 0x00000207473b5000

Marking Bits (Prev, Next): (CMBitMap*) 0x000002072fab0e28, (CMBitMap*) 0x000002072fab0e68
 Prev Bits: [0x0000020747dc0000, 0x0000020748d68000)
 Next Bits: [0x0000020748d70000, 0x0000020749d18000)

Polling page: 0x000002072fb70000

Metaspace:

Usage:
  Non-class:     11.56 MB capacity,    11.27 MB ( 97%) used,   261.91 KB (  2%) free+waste,    36.94 KB ( <1%) overhead. 
      Class:      1.75 MB capacity,     1.59 MB ( 91%) used,   149.20 KB (  8%) free+waste,    19.56 KB (  1%) overhead. 
       Both:     13.31 MB capacity,    12.85 MB ( 97%) used,   411.10 KB (  3%) free+waste,    56.50 KB ( <1%) overhead. 

Virtual space:
  Non-class space:       12.00 MB reserved,      11.75 MB ( 98%) committed 
      Class space:        1.00 GB reserved,       1.75 MB ( <1%) committed 
             Both:        1.01 GB reserved,      13.50 MB (  1%) committed 

Chunk freelists:
   Non-Class:  256 bytes
       Class:  0 bytes
        Both:  256 bytes

CodeHeap 'non-profiled nmethods': size=120064Kb used=642Kb max_used=642Kb free=119421Kb
 bounds [0x000002073fc50000, 0x000002073fec0000, 0x0000020747190000]
CodeHeap 'profiled nmethods': size=120000Kb used=3505Kb max_used=3505Kb free=116495Kb
 bounds [0x0000020738720000, 0x0000020738a90000, 0x000002073fc50000]
CodeHeap 'non-nmethods': size=5696Kb used=1159Kb max_used=1176Kb free=4536Kb
 bounds [0x0000020738190000, 0x0000020738400000, 0x0000020738720000]
 total_blobs=2549 nmethods=1699 adapters=393
 compilation: enabled
              stopped_count=0, restarted_count=0
 full_count=0

Compilation events (10 events):
Event: 4.117 Thread 0x000002074cae6000 1698  s    3       java.util.Vector::addElement (24 bytes)
Event: 4.118 Thread 0x000002074cae6000 nmethod 1698 0x0000020738a79090 code [0x0000020738a792a0, 0x0000020738a79aa0]
Event: 4.152 Thread 0x000002074cade000 nmethod 1696% 0x000002073fcee490 code [0x000002073fcee680, 0x000002073fcefac8]
Event: 4.152 Thread 0x000002074cade000 1700       4       java.net.URLStreamHandler::parseURL (1201 bytes)
Event: 4.238 Thread 0x000002074cae6000 1703       3       java.nio.HeapByteBuffer::get (14 bytes)
Event: 4.239 Thread 0x000002074cae6000 nmethod 1703 0x0000020738a79d10 code [0x0000020738a79f00, 0x0000020738a7a250]
Event: 4.240 Thread 0x000002074cae6000 1704       3       java.lang.invoke.BoundMethodHandle::rebind (14 bytes)
Event: 4.241 Thread 0x000002074cae6000 nmethod 1704 0x0000020738a7a410 code [0x0000020738a7a680, 0x0000020738a7b0b0]
Event: 4.241 Thread 0x000002074cae6000 1705       3       java.lang.invoke.BoundMethodHandle::tooComplex (27 bytes)
Event: 4.241 Thread 0x000002074cae6000 nmethod 1705 0x0000020738a7b410 code [0x0000020738a7b600, 0x0000020738a7bb00]

GC Heap History (6 events):
Event: 1.533 GC heap before
{Heap before GC invocations=0 (full 0):
 garbage-first heap   total 65536K, used 14336K [0x00000000c1600000, 0x0000000100000000)
  region size 1024K, 14 young (14336K), 0 survivors (0K)
 Metaspace       used 3393K, capacity 5769K, committed 6016K, reserved 1056768K
  class space    used 360K, capacity 586K, committed 640K, reserved 1048576K
}
Event: 1.554 GC heap after
{Heap after GC invocations=1 (full 0):
 garbage-first heap   total 65536K, used 6135K [0x00000000c1600000, 0x0000000100000000)
  region size 1024K, 2 young (2048K), 2 survivors (2048K)
 Metaspace       used 3393K, capacity 5769K, committed 6016K, reserved 1056768K
  class space    used 360K, capacity 586K, committed 640K, reserved 1048576K
}
Event: 2.002 GC heap before
{Heap before GC invocations=1 (full 0):
 garbage-first heap   total 65536K, used 14327K [0x00000000c1600000, 0x0000000100000000)
  region size 1024K, 10 young (10240K), 2 survivors (2048K)
 Metaspace       used 4953K, capacity 6831K, committed 6912K, reserved 1056768K
  class space    used 531K, capacity 729K, committed 768K, reserved 1048576K
}
Event: 2.008 GC heap after
{Heap after GC invocations=2 (full 0):
 garbage-first heap   total 65536K, used 6750K [0x00000000c1600000, 0x0000000100000000)
  region size 1024K, 1 young (1024K), 1 survivors (1024K)
 Metaspace       used 4953K, capacity 6831K, committed 6912K, reserved 1056768K
  class space    used 531K, capacity 729K, committed 768K, reserved 1048576K
}
Event: 3.195 GC heap before
{Heap before GC invocations=2 (full 0):
 garbage-first heap   total 65536K, used 28254K [0x00000000c1600000, 0x0000000100000000)
  region size 1024K, 22 young (22528K), 1 survivors (1024K)
 Metaspace       used 7940K, capacity 9294K, committed 9600K, reserved 1058816K
  class space    used 936K, capacity 1082K, committed 1152K, reserved 1048576K
}
Event: 3.201 GC heap after
{Heap after GC invocations=3 (full 0):
 garbage-first heap   total 65536K, used 7507K [0x00000000c1600000, 0x0000000100000000)
  region size 1024K, 2 young (2048K), 2 survivors (2048K)
 Metaspace       used 7940K, capacity 9294K, committed 9600K, reserved 1058816K
  class space    used 936K, capacity 1082K, committed 1152K, reserved 1048576K
}

Deoptimization events (10 events):
Event: 2.122 Thread 0x000002072fa82000 Uncommon trap: reason=bimorphic_or_optimized_type_check action=maybe_recompile pc=0x000002073fc9dd58 method=java.util.HashMap.getNode(ILjava/lang/Object;)Ljava/util/HashMap$Node; @ 59 c2
Event: 2.123 Thread 0x000002072fa82000 Uncommon trap: reason=bimorphic_or_optimized_type_check action=maybe_recompile pc=0x000002073fc9dde8 method=java.util.HashMap.getNode(ILjava/lang/Object;)Ljava/util/HashMap$Node; @ 126 c2
Event: 2.128 Thread 0x000002072fa82000 Uncommon trap: reason=bimorphic_or_optimized_type_check action=maybe_recompile pc=0x000002073fca054c method=java.util.HashMap.getNode(ILjava/lang/Object;)Ljava/util/HashMap$Node; @ 126 c2
Event: 2.366 Thread 0x000002072fa82000 Uncommon trap: reason=unstable_if action=reinterpret pc=0x000002073fc7b56c method=java.util.zip.ZipFile$Source.getEntryPos([BZ)I @ 156 c2
Event: 2.693 Thread 0x000002072fa82000 Uncommon trap: reason=unstable_if action=reinterpret pc=0x000002073fcabc60 method=sun.reflect.generics.parser.SignatureParser.current()C @ 39 c2
Event: 2.841 Thread 0x000002072fa82000 Uncommon trap: reason=unstable_if action=reinterpret pc=0x000002073fc95ba4 method=java.util.HashMap.hash(Ljava/lang/Object;)I @ 1 c2
Event: 3.471 Thread 0x000002074cadd000 Uncommon trap: reason=unstable_if action=reinterpret pc=0x000002073fcaf528 method=java.util.concurrent.ConcurrentHashMap.putVal(Ljava/lang/Object;Ljava/lang/Object;Z)Ljava/lang/Object; @ 148 c2
Event: 3.628 Thread 0x000002072fa82000 Uncommon trap: reason=unstable_if action=reinterpret pc=0x000002073fcbabf0 method=java.util.HashMap.hash(Ljava/lang/Object;)I @ 1 c2
Event: 3.777 Thread 0x000002074cadd000 Uncommon trap: reason=unstable_if action=reinterpret pc=0x000002073fcd4854 method=java.util.StringTokenizer.scanToken(I)I @ 96 c2
Event: 4.091 Thread 0x000002072fa82000 Uncommon trap: reason=unstable_if action=reinterpret pc=0x000002073fcdd720 method=java.net.URL.<init>(Ljava/net/URL;Ljava/lang/String;Ljava/net/URLStreamHandler;)V @ 347 c2

Classes redefined (0 events):
No events

Internal exceptions (10 events):
Event: 3.398 Thread 0x000002072fa82000 Exception <a 'java/lang/NoSuchMethodError'{0x00000000c53c4df0}: java.lang.invoke.Invokers$Holder.linkToTargetMethod(Ljava/lang/Object;Ljava/lang/Object;Ljava/lang/Object;Ljava/lang/Object;Ljava/lang/Object;Ljava/lang/Object;)Ljava/lang/Object;> (0x0000000
Event: 3.399 Thread 0x000002072fa82000 Exception <a 'java/lang/NoSuchMethodError'{0x00000000c53c8688}: java.lang.invoke.DirectMethodHandle$Holder.invokeSpecial(Ljava/lang/Object;Ljava/lang/Object;Ljava/lang/Object;Ljava/lang/Object;)I> (0x00000000c53c8688) thrown at [c:/cygwin64/tmp/openjdk-jd
Event: 3.622 Thread 0x000002074cadd000 Exception <a 'java/lang/NoSuchMethodError'{0x00000000c51ae4b8}: java.lang.invoke.DirectMethodHandle$Holder.invokeInterface(Ljava/lang/Object;Ljava/lang/Object;)I> (0x00000000c51ae4b8) thrown at [c:/cygwin64/tmp/openjdk-jdk12u-windows-x64-hotspot/workspace
Event: 3.623 Thread 0x000002074cadd000 Exception <a 'java/lang/IncompatibleClassChangeError'{0x00000000c51b0d30}: Found class java.lang.Object, but interface was expected> (0x00000000c51b0d30) thrown at [c:/cygwin64/tmp/openjdk-jdk12u-windows-x64-hotspot/workspace/build/src/src/hotspot/share/i
Event: 3.628 Thread 0x000002072fa82000 Implicit null exception at 0x000002073fcbaa05 to 0x000002073fcbabde
Event: 3.712 Thread 0x000002074cadd000 Exception <a 'java/lang/NoSuchMethodError'{0x00000000c4d59bd0}: java.lang.invoke.DirectMethodHandle$Holder.invokeStatic(Ljava/lang/Object;Ljava/lang/Object;Ljava/lang/Object;Ljava/lang/Object;Ljava/lang/Object;)V> (0x00000000c4d59bd0) thrown at [c:/cygwin
Event: 3.793 Thread 0x000002072fa82000 Exception <a 'java/lang/NoSuchMethodError'{0x00000000c4bb4af8}: java.lang.invoke.DirectMethodHandle$Holder.invokeStatic(Ljava/lang/Object;Ljava/lang/Object;Ljava/lang/Object;Ljava/lang/Object;)V> (0x00000000c4bb4af8) thrown at [c:/cygwin64/tmp/openjdk-jdk
Event: 3.817 Thread 0x000002074cadd000 Exception <a 'java/lang/NoSuchMethodError'{0x00000000c4b71860}: java.lang.invoke.DirectMethodHandle$Holder.invokeStaticInit(Ljava/lang/Object;IIII)Ljava/lang/Object;> (0x00000000c4b71860) thrown at [c:/cygwin64/tmp/openjdk-jdk12u-windows-x64-hotspot/works
Event: 3.899 Thread 0x000002072fa82000 Exception <a 'java/lang/NoSuchMethodError'{0x00000000c49af840}: java.lang.invoke.DirectMethodHandle$Holder.invokeStaticInit(Ljava/lang/Object;Ljava/lang/Object;)V> (0x00000000c49af840) thrown at [c:/cygwin64/tmp/openjdk-jdk12u-windows-x64-hotspot/workspac
Event: 4.269 Thread 0x000002072fa82000 Exception <a 'java/lang/NoClassDefFoundError'{0x00000000c41af348}: javax/validation/ValidationException> (0x00000000c41af348) thrown at [c:/cygwin64/tmp/openjdk-jdk12u-windows-x64-hotspot/workspace/build/src/src/hotspot/share/classfile/systemDictionary.cp

Events (10 events):
Event: 4.280 Executing VM operation: RevokeBias
Event: 4.280 Executing VM operation: RevokeBias done
Event: 4.281 loading class org/springframework/dao/NonTransientDataAccessException
Event: 4.281 loading class org/springframework/dao/NonTransientDataAccessException done
Event: 4.282 loading class org/springframework/dao/DataAccessException
Event: 4.282 loading class org/springframework/dao/DataAccessException done
Event: 4.284 loading class org/springframework/boot/autoconfigure/session/NonUniqueSessionRepositoryFailureAnalyzer
Event: 4.284 loading class org/springframework/boot/autoconfigure/session/NonUniqueSessionRepositoryFailureAnalyzer done
Event: 4.285 loading class org/springframework/boot/autoconfigure/session/NonUniqueSessionRepositoryException
Event: 4.285 loading class org/springframework/boot/autoconfigure/session/NonUniqueSessionRepositoryException done


Dynamic libraries:
0x00007ff6fd740000 - 0x00007ff6fd74d000 	C:\Program Files\AdoptOpenJDK\jdk-12.0.1.12-hotspot\bin\java.exe
0x00007ffc18c50000 - 0x00007ffc18e42000 	C:\WINDOWS\SYSTEM32\ntdll.dll
0x00007ffc18280000 - 0x00007ffc1833d000 	C:\WINDOWS\System32\KERNEL32.DLL
0x00007ffc16780000 - 0x00007ffc16a40000 	C:\WINDOWS\System32\KERNELBASE.dll
0x00007ffc16620000 - 0x00007ffc1671f000 	C:\WINDOWS\System32\ucrtbase.dll
0x00007ffc0ab10000 - 0x00007ffc0ab26000 	C:\Program Files\AdoptOpenJDK\jdk-12.0.1.12-hotspot\bin\VCRUNTIME140.dll
0x00007ffc01c30000 - 0x00007ffc01c47000 	C:\Program Files\AdoptOpenJDK\jdk-12.0.1.12-hotspot\bin\jli.dll
0x00007ffc17a00000 - 0x00007ffc17b9f000 	C:\WINDOWS\System32\USER32.dll
0x00007ffc165a0000 - 0x00007ffc165c2000 	C:\WINDOWS\System32\win32u.dll
0x00007ffc03b20000 - 0x00007ffc03dba000 	C:\WINDOWS\WinSxS\amd64_microsoft.windows.common-controls_6595b64144ccf1df_6.0.18936.1000_none_ac70f02636cda934\COMCTL32.dll
0x00007ffc18340000 - 0x00007ffc1836a000 	C:\WINDOWS\System32\GDI32.dll
0x00007ffc16a40000 - 0x00007ffc16b47000 	C:\WINDOWS\System32\gdi32full.dll
0x00007ffc16c30000 - 0x00007ffc16ccd000 	C:\WINDOWS\System32\msvcp_win.dll
0x00007ffc17960000 - 0x00007ffc179fe000 	C:\WINDOWS\System32\msvcrt.dll
0x00007ffc17c20000 - 0x00007ffc17c50000 	C:\WINDOWS\System32\IMM32.DLL
0x00007ffbee8b0000 - 0x00007ffbee94b000 	C:\Program Files\AdoptOpenJDK\jdk-12.0.1.12-hotspot\bin\msvcp140.dll
0x00007ffbbff50000 - 0x00007ffbc0af8000 	C:\Program Files\AdoptOpenJDK\jdk-12.0.1.12-hotspot\bin\server\jvm.dll
0x00007ffc181d0000 - 0x00007ffc1827a000 	C:\WINDOWS\System32\ADVAPI32.dll
0x00007ffc17fa0000 - 0x00007ffc1803b000 	C:\WINDOWS\System32\sechost.dll
0x00007ffc170a0000 - 0x00007ffc171c0000 	C:\WINDOWS\System32\RPCRT4.dll
0x00007ffc16d50000 - 0x00007ffc16d58000 	C:\WINDOWS\System32\PSAPI.DLL
0x00007ffc0f7c0000 - 0x00007ffc0f7c9000 	C:\WINDOWS\SYSTEM32\WSOCK32.dll
0x00007ffc03f30000 - 0x00007ffc03f57000 	C:\WINDOWS\SYSTEM32\WINMM.dll
0x00007ffc16e30000 - 0x00007ffc16e9b000 	C:\WINDOWS\System32\WS2_32.dll
0x00007ffc06d60000 - 0x00007ffc06d6a000 	C:\WINDOWS\SYSTEM32\VERSION.dll
0x00007ffc14570000 - 0x00007ffc14583000 	C:\WINDOWS\SYSTEM32\kernel.appcore.dll
0x00007ffc13ec0000 - 0x00007ffc13ed0000 	C:\Program Files\AdoptOpenJDK\jdk-12.0.1.12-hotspot\bin\verify.dll
0x00007ffc03fb0000 - 0x00007ffc04194000 	C:\WINDOWS\SYSTEM32\DBGHELP.DLL
0x00007ffc03e20000 - 0x00007ffc03e4c000 	C:\WINDOWS\SYSTEM32\dbgcore.DLL
0x00007ffc16cd0000 - 0x00007ffc16d4b000 	C:\WINDOWS\System32\bcryptPrimitives.dll
0x00007ffbe4bf0000 - 0x00007ffbe4c16000 	C:\Program Files\AdoptOpenJDK\jdk-12.0.1.12-hotspot\bin\java.dll
0x00007ffbef0e0000 - 0x00007ffbef0f7000 	C:\Program Files\AdoptOpenJDK\jdk-12.0.1.12-hotspot\bin\zip.dll
0x00007ffc11ae0000 - 0x00007ffc11aea000 	C:\Program Files\AdoptOpenJDK\jdk-12.0.1.12-hotspot\bin\jimage.dll
0x00007ffc17290000 - 0x00007ffc17956000 	C:\WINDOWS\System32\SHELL32.dll
0x00007ffc14770000 - 0x00007ffc14f2f000 	C:\WINDOWS\SYSTEM32\windows.storage.dll
0x00007ffc17c50000 - 0x00007ffc17fa0000 	C:\WINDOWS\System32\combase.dll
0x00007ffc18650000 - 0x00007ffc186fd000 	C:\WINDOWS\System32\SHCORE.dll
0x00007ffc18060000 - 0x00007ffc180b5000 	C:\WINDOWS\System32\shlwapi.dll
0x00007ffc16380000 - 0x00007ffc1639f000 	C:\WINDOWS\SYSTEM32\profapi.dll
0x00007ffc09fb0000 - 0x00007ffc09fc9000 	C:\Program Files\AdoptOpenJDK\jdk-12.0.1.12-hotspot\bin\net.dll
0x00007ffc0f230000 - 0x00007ffc0f32f000 	C:\WINDOWS\SYSTEM32\WINHTTP.dll
0x00007ffc09a80000 - 0x00007ffc09c6b000 	C:\WINDOWS\SYSTEM32\urlmon.dll
0x00007ffc0a0a0000 - 0x00007ffc0a34d000 	C:\WINDOWS\SYSTEM32\iertutil.dll
0x00007ffc15b90000 - 0x00007ffc15bfa000 	C:\WINDOWS\system32\mswsock.dll
0x00007ffc09310000 - 0x00007ffc09323000 	C:\Program Files\AdoptOpenJDK\jdk-12.0.1.12-hotspot\bin\nio.dll
0x00007ffc11af0000 - 0x00007ffc11af9000 	C:\Program Files\AdoptOpenJDK\jdk-12.0.1.12-hotspot\bin\management.dll
0x00007ffc0f350000 - 0x00007ffc0f35b000 	C:\Program Files\AdoptOpenJDK\jdk-12.0.1.12-hotspot\bin\management_ext.dll
0x00007ffc158f0000 - 0x00007ffc159b7000 	C:\WINDOWS\SYSTEM32\DNSAPI.dll
0x00007ffc158b0000 - 0x00007ffc158eb000 	C:\WINDOWS\SYSTEM32\IPHLPAPI.DLL
0x00007ffc17220000 - 0x00007ffc17228000 	C:\WINDOWS\System32\NSI.dll
0x00007ffc09980000 - 0x00007ffc0998a000 	C:\Windows\System32\rasadhlp.dll
0x00007ffc0e420000 - 0x00007ffc0e499000 	C:\WINDOWS\System32\fwpuclnt.dll
0x00007ffc16b50000 - 0x00007ffc16b77000 	C:\WINDOWS\System32\bcrypt.dll
0x00007ffc160d0000 - 0x00007ffc160e8000 	C:\WINDOWS\SYSTEM32\CRYPTSP.dll
0x00007ffc15700000 - 0x00007ffc15734000 	C:\WINDOWS\system32\rsaenh.dll
0x00007ffc16340000 - 0x00007ffc1636c000 	C:\WINDOWS\SYSTEM32\USERENV.dll
0x00007ffc15d10000 - 0x00007ffc15d1c000 	C:\WINDOWS\SYSTEM32\CRYPTBASE.dll
0x00007ffc0cf40000 - 0x00007ffc0cf57000 	C:\WINDOWS\SYSTEM32\dhcpcsvc6.DLL
0x00007ffc0cf00000 - 0x00007ffc0cf1d000 	C:\WINDOWS\SYSTEM32\dhcpcsvc.DLL
0x00007ffc01fb0000 - 0x00007ffc01fc7000 	C:\WINDOWS\system32\napinsp.dll
0x00007ffc01f90000 - 0x00007ffc01fab000 	C:\WINDOWS\system32\pnrpnsp.dll
0x00007ffc01ee0000 - 0x00007ffc01eee000 	C:\WINDOWS\System32\winrnr.dll
0x00007ffc12090000 - 0x00007ffc120ad000 	C:\WINDOWS\system32\NLAapi.dll
0x00007ffc01d80000 - 0x00007ffc01d95000 	C:\WINDOWS\system32\wshbth.dll

dbghelp: loaded successfully - version: 4.0.5 - missing functions: none
symbol engine: initialized successfully - sym options: 0x614 - pdb path: .;C:\Program Files\AdoptOpenJDK\jdk-12.0.1.12-hotspot\bin;C:\WINDOWS\SYSTEM32;C:\WINDOWS\WinSxS\amd64_microsoft.windows.common-controls_6595b64144ccf1df_6.0.18936.1000_none_ac70f02636cda934;C:\Program Files\AdoptOpenJDK\jdk-12.0.1.12-hotspot\bin\server

VM Arguments:
java_command: C:\Users\bigei\AppData\Local\Temp\surefire13734347064379367194\surefirebooter7507461634248360630.jar C:\Users\bigei\AppData\Local\Temp\surefire13734347064379367194 2019-08-02T08-35-46_403-jvmRun1 surefire12266644473523284753tmp surefire_05362182926253888170tmp
java_class_path (initial): C:\Users\bigei\AppData\Local\Temp\surefire13734347064379367194\surefirebooter7507461634248360630.jar
Launcher Type: SUN_STANDARD

[Global flags]
     intx CICompilerCount                          = 3                                         {product} {ergonomic}
     uint ConcGCThreads                            = 1                                         {product} {ergonomic}
     uint G1ConcRefinementThreads                  = 4                                         {product} {ergonomic}
   size_t G1HeapRegionSize                         = 1048576                                   {product} {ergonomic}
    uintx GCDrainStackTargetSize                   = 64                                        {product} {ergonomic}
   size_t InitialHeapSize                          = 67108864                                  {product} {ergonomic}
   size_t MarkStackSize                            = 4194304                                   {product} {ergonomic}
   size_t MaxHeapSize                              = 1050673152                                {product} {ergonomic}
   size_t MaxNewSize                               = 630194176                                 {product} {ergonomic}
   size_t MinHeapDeltaBytes                        = 1048576                                   {product} {ergonomic}
    uintx NonNMethodCodeHeapSize                   = 5830732                                {pd product} {ergonomic}
    uintx NonProfiledCodeHeapSize                  = 122913754                              {pd product} {ergonomic}
    uintx ProfiledCodeHeapSize                     = 122913754                              {pd product} {ergonomic}
    uintx ReservedCodeCacheSize                    = 251658240                              {pd product} {ergonomic}
     bool SegmentedCodeCache                       = true                                      {product} {ergonomic}
     bool UseCompressedClassPointers               = true                                 {lp64_product} {ergonomic}
     bool UseCompressedOops                        = true                                 {lp64_product} {ergonomic}
     bool UseG1GC                                  = true                                      {product} {ergonomic}
     bool UseLargePagesIndividualAllocation        = false                                  {pd product} {ergonomic}

Logging:
Log output configuration:
 #0: stdout all=warning uptime,level,tags
 #1: stderr all=off uptime,level,tags

Environment Variables:
JAVA_HOME=C:\Program Files\Java\jdk1.8.0_201
PATH=C:/Program Files/AdoptOpenJDK/jdk-12.0.1.12-hotspot/bin/server;C:/Program Files/AdoptOpenJDK/jdk-12.0.1.12-hotspot/bin;C:\Program Files\AdoptOpenJDK\jdk-12.0.1.12-hotspot\bin;C:\Program Files\Java\jdk1.8.0_201\bin;C:\apache-maven-3.6.1\bin;C:\ProgramData\DockerDesktop\version-bin;C:\Program Files\Docker\Docker\Resources\bin;C:\WINDOWS\system32;C:\WINDOWS;C:\WINDOWS\System32\Wbem;C:\WINDOWS\System32\WindowsPowerShell\v1.0\;C:\WINDOWS\System32\OpenSSH\;C:\Program Files\Microsoft VS Code\bin;C:\Program Files (x86)\Brackets\command;C:\Program Files\PuTTY\;C:\Program Files\flutter\bin\;C:\Program Files (x86)\Yarn\bin\;C:\Program Files\nodejs\;C:\Program Files\Java\jdk1.8.0_201\bin;C:\Users\bigei\AppData\Local\Android\sdk\platform-tools;C:\Ruby25-x64\bin;C:\Users\bigei\AppData\Local\Microsoft\WindowsApps;C:\Program Files\Microsoft VS Code\bin;C:\Program Files\MongoDB\Server\3.6\bin;C:\Users\bigei\AppData\Local\Programs\Microsoft VS Code\bin;C:\Program Files\heroku\bin;C:\Users\bigei\AppData\Local\GitHubDesktop\bin;C:\Users\bigei\AppData\Local\Yarn\bin;C:\Program Files\Java\jre1.8.0_201;C:\Program Files\Java\jdk1.8.0_201\bin;C:\Program Files\Android\Android Studio\jre;C:\Users\bigei\AppData\Roaming\npm;C:\Users\bigei\AppData\Local\Microsoft\WindowsApps;;C:\Users\bigei\Downloads\sts-4.2.2.RELEASE;
USERNAME=bigei
OS=Windows_NT
PROCESSOR_IDENTIFIER=Intel64 Family 6 Model 42 Stepping 7, GenuineIntel



---------------  S Y S T E M  ---------------

OS: Windows 10 , 64 bit Build 18936 (10.0.18936.1000)

CPU:total 4 (initial active 4) (2 cores per cpu, 2 threads per core) family 6 model 42 stepping 7, cmov, cx8, fxsr, mmx, sse, sse2, sse3, ssse3, sse4.1, sse4.2, popcnt, avx, clmul, ht, tsc, tscinvbit

Memory: 4k page, system-wide physical 4001M (321M free)
TotalPageFile size 16289M (AvailPageFile size 4M)
current process WorkingSet (physical memory assigned to process): 98M, peak: 98M
current process commit charge ("private bytes"): 162M, peak: 163M

vm_info: OpenJDK 64-Bit Server VM (12.0.1+12) for windows-amd64 JRE (12.0.1+12), built on Apr 25 2019 06:23:28 by "" with MS VC++ 15.8 (VS2017)

END.
