#
# There is insufficient memory for the Java Runtime Environment to continue.
# Native memory allocation (malloc) failed to allocate 32744 bytes for ChunkPool::allocate
# Possible reasons:
#   The system is out of physical RAM or swap space
#   The process is running with CompressedOops enabled, and the Java Heap may be blocking the growth of the native heap
# Possible solutions:
#   Reduce memory load on the system
#   Increase physical memory or swap space
#   Check if swap backing store is full
#   Decrease Java heap size (-Xmx/-Xms)
#   Decrease number of Java threads
#   Decrease Java thread stack sizes (-Xss)
#   Set larger code cache with -XX:ReservedCodeCacheSize=
#   JVM is running with Unscaled Compressed Oops mode in which the Java heap is
#     placed in the first 4GB address space. The Java Heap base address is the
#     maximum limit for the native heap growth. Please use -XX:HeapBaseMinAddress
#     to set the Java Heap base and to place the Java Heap above 4GB virtual address.
# This output file may be truncated or incomplete.
#
#  Out of Memory Error (c:/cygwin64/tmp/openjdk-jdk12u-windows-x64-hotspot/workspace/build/src/src/hotspot/share/memory/arena.cpp:81), pid=2912, tid=9388
#
# JRE version: OpenJDK Runtime Environment (12.0.1+12) (build 12.0.1+12)
# Java VM: OpenJDK 64-Bit Server VM (12.0.1+12, mixed mode, sharing, tiered, compressed oops, g1 gc, windows-amd64)
# No core dump will be written. Minidumps are not enabled by default on client versions of Windows
#

---------------  S U M M A R Y ------------

Command Line: C:\Users\bigei\AppData\Local\Temp\surefire17396906979399215001\surefirebooter12979314467701430846.jar C:\Users\bigei\AppData\Local\Temp\surefire17396906979399215001 2019-08-02T06-06-37_583-jvmRun1 surefire5438524438319939229tmp surefire_010643530732929826291tmp

Host: Intel(R) Core(TM) i5-2430M CPU @ 2.40GHz, 4 cores, 3G,  Windows 10 , 64 bit Build 18936 (10.0.18936.1000)
Time: Fri Aug  2 06:06:47 2019 Hora de verano central (México) elapsed time: 8 seconds (0d 0h 0m 8s)

---------------  T H R E A D  ---------------

Current thread (0x00000204fca70800):  JavaThread "C2 CompilerThread0" daemon [_thread_in_native, id=9388, stack(0x0000000586f00000,0x0000000587000000)]


Current CompileTask:
C2:   8276 3227   !   4       jdk.internal.loader.BuiltinClassLoader::loadClassOrNull (143 bytes)

Stack: [0x0000000586f00000,0x0000000587000000]
Native frames: (J=compiled Java code, j=interpreted, Vv=VM code, C=native code)
V  [jvm.dll+0x5f5eea]
V  [jvm.dll+0x7a113f]
V  [jvm.dll+0x7a28b0]
V  [jvm.dll+0x7a2f13]
V  [jvm.dll+0x249ac8]
V  [jvm.dll+0xbe2d6]
V  [jvm.dll+0xbe62c]
V  [jvm.dll+0xbe18d]
V  [jvm.dll+0x5d485f]
V  [jvm.dll+0x627d64]
V  [jvm.dll+0x19a98c]
V  [jvm.dll+0x2041e2]
V  [jvm.dll+0x2032ef]
V  [jvm.dll+0x18565b]
V  [jvm.dll+0x212163]
V  [jvm.dll+0x210590]
V  [jvm.dll+0x7646d4]
V  [jvm.dll+0x75da14]
V  [jvm.dll+0x5f51a6]
C  [ucrtbase.dll+0x200d2]
C  [KERNEL32.DLL+0x16e24]
C  [ntdll.dll+0x6b071]


---------------  P R O C E S S  ---------------

Threads class SMR info:
_java_thread_list=0x00000204fdbeb5a0, length=17, elements={
0x00000204dfa73000, 0x00000204fca4d800, 0x00000204fca50800, 0x00000204fca6b000,
0x00000204fca6d000, 0x00000204fca70800, 0x00000204fca7b000, 0x00000204fca7c000,
0x00000204fccef800, 0x00000204fccf1800, 0x00000204fcd89000, 0x00000204fce09800,
0x00000204fdc8d000, 0x00000204803d2000, 0x00000204fd29f800, 0x00000204fe326800,
0x00000204812d2800
}

Java Threads: ( => current thread )
  0x00000204dfa73000 JavaThread "main" [_thread_in_native, id=14280, stack(0x0000000586400000,0x0000000586500000)]
  0x00000204fca4d800 JavaThread "Reference Handler" daemon [_thread_blocked, id=5468, stack(0x0000000586b00000,0x0000000586c00000)]
  0x00000204fca50800 JavaThread "Finalizer" daemon [_thread_blocked, id=16732, stack(0x0000000586c00000,0x0000000586d00000)]
  0x00000204fca6b000 JavaThread "Signal Dispatcher" daemon [_thread_blocked, id=14064, stack(0x0000000586d00000,0x0000000586e00000)]
  0x00000204fca6d000 JavaThread "Attach Listener" daemon [_thread_blocked, id=15792, stack(0x0000000586e00000,0x0000000586f00000)]
=>0x00000204fca70800 JavaThread "C2 CompilerThread0" daemon [_thread_in_native, id=9388, stack(0x0000000586f00000,0x0000000587000000)]
  0x00000204fca7b000 JavaThread "C1 CompilerThread0" daemon [_thread_blocked, id=16928, stack(0x0000000587000000,0x0000000587100000)]
  0x00000204fca7c000 JavaThread "Sweeper thread" daemon [_thread_blocked, id=5476, stack(0x0000000587100000,0x0000000587200000)]
  0x00000204fccef800 JavaThread "Service Thread" daemon [_thread_blocked, id=18048, stack(0x0000000587200000,0x0000000587300000)]
  0x00000204fccf1800 JavaThread "Common-Cleaner" daemon [_thread_blocked, id=12136, stack(0x0000000587400000,0x0000000587500000)]
  0x00000204fcd89000 JavaThread "surefire-forkedjvm-command-thread" daemon [_thread_in_native, id=10424, stack(0x0000000587500000,0x0000000587600000)]
  0x00000204fce09800 JavaThread "surefire-forkedjvm-ping-30s" daemon [_thread_in_native, id=11980, stack(0x0000000587600000,0x0000000587700000)]
  0x00000204fdc8d000 JavaThread "RMI TCP Accept-0" daemon [_thread_in_native, id=15980, stack(0x0000000587900000,0x0000000587a00000)]
  0x00000204803d2000 JavaThread "mysql-cj-abandoned-connection-cleanup" daemon [_thread_blocked, id=16024, stack(0x0000000587a00000,0x0000000587b00000)]
  0x00000204fd29f800 JavaThread "HikariPool-1 housekeeper" daemon [_thread_blocked, id=4468, stack(0x0000000587c00000,0x0000000587d00000)]
  0x00000204fe326800 JavaThread "HikariPool-1 connection adder" daemon [_thread_blocked, id=18176, stack(0x0000000587d00000,0x0000000587e00000)]
  0x00000204812d2800 JavaThread "RMI TCP Connection(1)-10.0.75.1" daemon [_thread_blocked, id=7300, stack(0x0000000587e00000,0x0000000587f00000)]

Other Threads:
  0x00000204fca47800 VMThread "VM Thread" [stack: 0x0000000586a00000,0x0000000586b00000] [id=14628]
  0x00000204fccf0800 WatcherThread [stack: 0x0000000587300000,0x0000000587400000] [id=16584]
  0x00000204dfa9f000 GCTaskThread "GC Thread#0" [stack: 0x0000000586500000,0x0000000586600000] [id=11984]
  0x00000204fcf32800 GCTaskThread "GC Thread#1" [stack: 0x0000000587700000,0x0000000587800000] [id=8360]
  0x00000204dfaa7800 ConcurrentGCThread "G1 Main Marker" [stack: 0x0000000586600000,0x0000000586700000] [id=14448]
  0x00000204dfaa9800 ConcurrentGCThread "G1 Conc#0" [stack: 0x0000000586700000,0x0000000586800000] [id=15944]
  0x00000204dfb04800 ConcurrentGCThread "G1 Refine#0" [stack: 0x0000000586800000,0x0000000586900000] [id=7684]
  0x00000204fcda2000 ConcurrentGCThread "G1 Refine#1" [stack: 0x0000000587800000,0x0000000587900000] [id=304]
  0x00000204dfb06800 ConcurrentGCThread "G1 Young RemSet Sampling" [stack: 0x0000000586900000,0x0000000586a00000] [id=6360]

Threads with active compile tasks:
C2 CompilerThread0  3227   !   4       jdk.internal.loader.BuiltinClassLoader::loadClassOrNull (143 bytes)

VM state:not at safepoint (normal execution)

VM Mutex/Monitor currently owned by a thread: None

Heap address: 0x00000000c1600000, size: 1002 MB, Compressed Oops mode: 32-bit
Narrow klass base: 0x0000000800000000, Narrow klass shift: 3
Compressed class space size: 1073741824 Address: 0x00000008011a0000

Heap:
 garbage-first heap   total 51200K, used 23805K [0x00000000c1600000, 0x0000000100000000)
  region size 1024K, 14 young (14336K), 4 survivors (4096K)
 Metaspace       used 26955K, capacity 27784K, committed 27952K, reserved 1073152K
  class space    used 3381K, capacity 3702K, committed 3712K, reserved 1048576K
Heap Regions: E=young(eden), S=young(survivor), O=old, HS=humongous(starts), HC=humongous(continues), CS=collection set, F=free, A=archive, TAMS=top-at-mark-start (previous, next)
|   0|0x00000000c1600000, 0x00000000c1700000, 0x00000000c1700000|100%|HS|  |TAMS 0x00000000c1700000, 0x00000000c1600000| Complete 
|   1|0x00000000c1700000, 0x00000000c1800000, 0x00000000c1800000|100%| O|  |TAMS 0x00000000c1800000, 0x00000000c1700000| Untracked 
|   2|0x00000000c1800000, 0x00000000c1900000, 0x00000000c1900000|100%| O|  |TAMS 0x00000000c1900000, 0x00000000c1800000| Untracked 
|   3|0x00000000c1900000, 0x00000000c1a00000, 0x00000000c1a00000|100%| O|  |TAMS 0x00000000c1a00000, 0x00000000c1900000| Untracked 
|   4|0x00000000c1a00000, 0x00000000c1b00000, 0x00000000c1b00000|100%| O|  |TAMS 0x00000000c1b00000, 0x00000000c1a00000| Untracked 
|   5|0x00000000c1b00000, 0x00000000c1c00000, 0x00000000c1c00000|100%| O|  |TAMS 0x00000000c1c00000, 0x00000000c1b00000| Untracked 
|   6|0x00000000c1c00000, 0x00000000c1d00000, 0x00000000c1d00000|100%| O|  |TAMS 0x00000000c1d00000, 0x00000000c1c00000| Untracked 
|   7|0x00000000c1d00000, 0x00000000c1e00000, 0x00000000c1e00000|100%| O|  |TAMS 0x00000000c1e00000, 0x00000000c1d00000| Untracked 
|   8|0x00000000c1e00000, 0x00000000c1e8b000, 0x00000000c1f00000| 54%| O|  |TAMS 0x00000000c1e8b000, 0x00000000c1e00000| Untracked 
|   9|0x00000000c1f00000, 0x00000000c2000000, 0x00000000c2000000|100%| O|  |TAMS 0x00000000c1f00000, 0x00000000c1f00000| Untracked 
|  10|0x00000000c2000000, 0x00000000c2100000, 0x00000000c2100000|100%| O|  |TAMS 0x00000000c2000000, 0x00000000c2000000| Untracked 
|  11|0x00000000c2100000, 0x00000000c21b4400, 0x00000000c2200000| 70%| O|  |TAMS 0x00000000c2100000, 0x00000000c2100000| Untracked 
|  12|0x00000000c2200000, 0x00000000c2200000, 0x00000000c2300000|  0%| F|  |TAMS 0x00000000c2200000, 0x00000000c2200000| Untracked 
|  13|0x00000000c2300000, 0x00000000c2300000, 0x00000000c2400000|  0%| F|  |TAMS 0x00000000c2300000, 0x00000000c2300000| Untracked 
|  14|0x00000000c2400000, 0x00000000c2400000, 0x00000000c2500000|  0%| F|  |TAMS 0x00000000c2400000, 0x00000000c2400000| Untracked 
|  15|0x00000000c2500000, 0x00000000c2500000, 0x00000000c2600000|  0%| F|  |TAMS 0x00000000c2500000, 0x00000000c2500000| Untracked 
|  16|0x00000000c2600000, 0x00000000c2700000, 0x00000000c2700000|100%| S|CS|TAMS 0x00000000c2600000, 0x00000000c2600000| Complete 
|  17|0x00000000c2700000, 0x00000000c2800000, 0x00000000c2800000|100%| S|CS|TAMS 0x00000000c2700000, 0x00000000c2700000| Complete 
|  18|0x00000000c2800000, 0x00000000c2900000, 0x00000000c2900000|100%| S|CS|TAMS 0x00000000c2800000, 0x00000000c2800000| Complete 
|  19|0x00000000c2900000, 0x00000000c2a00000, 0x00000000c2a00000|100%| S|CS|TAMS 0x00000000c2900000, 0x00000000c2900000| Complete 
|  20|0x00000000c2a00000, 0x00000000c2a00000, 0x00000000c2b00000|  0%| F|  |TAMS 0x00000000c2a00000, 0x00000000c2a00000| Untracked 
|  21|0x00000000c2b00000, 0x00000000c2b00000, 0x00000000c2c00000|  0%| F|  |TAMS 0x00000000c2b00000, 0x00000000c2b00000| Untracked 
|  22|0x00000000c2c00000, 0x00000000c2c00000, 0x00000000c2d00000|  0%| F|  |TAMS 0x00000000c2c00000, 0x00000000c2c00000| Untracked 
|  23|0x00000000c2d00000, 0x00000000c2d00000, 0x00000000c2e00000|  0%| F|  |TAMS 0x00000000c2d00000, 0x00000000c2d00000| Untracked 
|  24|0x00000000c2e00000, 0x00000000c2e00000, 0x00000000c2f00000|  0%| F|  |TAMS 0x00000000c2e00000, 0x00000000c2e00000| Untracked 
|  25|0x00000000c2f00000, 0x00000000c2f00000, 0x00000000c3000000|  0%| F|  |TAMS 0x00000000c2f00000, 0x00000000c2f00000| Untracked 
|  26|0x00000000c3000000, 0x00000000c3000000, 0x00000000c3100000|  0%| F|  |TAMS 0x00000000c3000000, 0x00000000c3000000| Untracked 
|  27|0x00000000c3100000, 0x00000000c3100000, 0x00000000c3200000|  0%| F|  |TAMS 0x00000000c3100000, 0x00000000c3100000| Untracked 
|  28|0x00000000c3200000, 0x00000000c3200000, 0x00000000c3300000|  0%| F|  |TAMS 0x00000000c3200000, 0x00000000c3200000| Untracked 
|  29|0x00000000c3300000, 0x00000000c3300000, 0x00000000c3400000|  0%| F|  |TAMS 0x00000000c3300000, 0x00000000c3300000| Untracked 
|  30|0x00000000c3400000, 0x00000000c3400000, 0x00000000c3500000|  0%| F|  |TAMS 0x00000000c3400000, 0x00000000c3400000| Untracked 
|  31|0x00000000c3500000, 0x00000000c3500000, 0x00000000c3600000|  0%| F|  |TAMS 0x00000000c3500000, 0x00000000c3500000| Untracked 
|  32|0x00000000c3600000, 0x00000000c3600000, 0x00000000c3700000|  0%| F|  |TAMS 0x00000000c3600000, 0x00000000c3600000| Untracked 
|  33|0x00000000c3700000, 0x00000000c3700000, 0x00000000c3800000|  0%| F|  |TAMS 0x00000000c3700000, 0x00000000c3700000| Untracked 
|  34|0x00000000c3800000, 0x00000000c3800000, 0x00000000c3900000|  0%| F|  |TAMS 0x00000000c3800000, 0x00000000c3800000| Untracked 
|  35|0x00000000c3900000, 0x00000000c3900000, 0x00000000c3a00000|  0%| F|  |TAMS 0x00000000c3900000, 0x00000000c3900000| Untracked 
|  36|0x00000000c3a00000, 0x00000000c3a00000, 0x00000000c3b00000|  0%| F|  |TAMS 0x00000000c3a00000, 0x00000000c3a00000| Untracked 
|  37|0x00000000c3b00000, 0x00000000c3b00000, 0x00000000c3c00000|  0%| F|  |TAMS 0x00000000c3b00000, 0x00000000c3b00000| Untracked 
|  38|0x00000000c3c00000, 0x00000000c3c00000, 0x00000000c3d00000|  0%| F|  |TAMS 0x00000000c3c00000, 0x00000000c3c00000| Untracked 
|  39|0x00000000c3d00000, 0x00000000c3d00000, 0x00000000c3e00000|  0%| F|  |TAMS 0x00000000c3d00000, 0x00000000c3d00000| Untracked 
|  40|0x00000000c3e00000, 0x00000000c3eb7900, 0x00000000c3f00000| 71%| E|  |TAMS 0x00000000c3e00000, 0x00000000c3e00000| Complete 
|  41|0x00000000c3f00000, 0x00000000c4000000, 0x00000000c4000000|100%| E|CS|TAMS 0x00000000c3f00000, 0x00000000c3f00000| Complete 
|  42|0x00000000c4000000, 0x00000000c4100000, 0x00000000c4100000|100%| E|CS|TAMS 0x00000000c4000000, 0x00000000c4000000| Complete 
|  43|0x00000000c4100000, 0x00000000c4200000, 0x00000000c4200000|100%| E|CS|TAMS 0x00000000c4100000, 0x00000000c4100000| Complete 
|  52|0x00000000c4a00000, 0x00000000c4b00000, 0x00000000c4b00000|100%| E|CS|TAMS 0x00000000c4a00000, 0x00000000c4a00000| Complete 
|  53|0x00000000c4b00000, 0x00000000c4c00000, 0x00000000c4c00000|100%| E|CS|TAMS 0x00000000c4b00000, 0x00000000c4b00000| Complete 
|  54|0x00000000c4c00000, 0x00000000c4d00000, 0x00000000c4d00000|100%| E|CS|TAMS 0x00000000c4c00000, 0x00000000c4c00000| Complete 
|  55|0x00000000c4d00000, 0x00000000c4e00000, 0x00000000c4e00000|100%| E|CS|TAMS 0x00000000c4d00000, 0x00000000c4d00000| Complete 
|  56|0x00000000c4e00000, 0x00000000c4f00000, 0x00000000c4f00000|100%| E|CS|TAMS 0x00000000c4e00000, 0x00000000c4e00000| Complete 
|  76|0x00000000c6200000, 0x00000000c6300000, 0x00000000c6300000|100%| E|  |TAMS 0x00000000c6200000, 0x00000000c6200000| Complete 

Card table byte_map: [0x00000204f7980000,0x00000204f7b80000] _byte_map_base: 0x00000204f7375000

Marking Bits (Prev, Next): (CMBitMap*) 0x00000204dfaa10a8, (CMBitMap*) 0x00000204dfaa1068
 Prev Bits: [0x00000204f8d30000, 0x00000204f9cd8000)
 Next Bits: [0x00000204f7d80000, 0x00000204f8d28000)

Polling page: 0x00000204de0d0000

Metaspace:

Usage:
  Non-class:     23.52 MB capacity,    23.04 MB ( 98%) used,   414.35 KB (  2%) free+waste,    83.13 KB ( <1%) overhead. 
      Class:      3.62 MB capacity,     3.31 MB ( 91%) used,   278.24 KB (  8%) free+waste,    40.25 KB (  1%) overhead. 
       Both:     27.14 MB capacity,    26.34 MB ( 97%) used,   692.59 KB (  2%) free+waste,   123.38 KB ( <1%) overhead. 

Virtual space:
  Non-class space:       24.00 MB reserved,      23.67 MB ( 99%) committed 
      Class space:        1.00 GB reserved,       3.63 MB ( <1%) committed 
             Both:        1.02 GB reserved,      27.30 MB (  3%) committed 

Chunk freelists:
   Non-Class:  3.00 KB
       Class:  896 bytes
        Both:  3.88 KB

CodeHeap 'non-profiled nmethods': size=120064Kb used=1341Kb max_used=1341Kb free=118722Kb
 bounds [0x00000204efc20000, 0x00000204efe90000, 0x00000204f7160000]
CodeHeap 'profiled nmethods': size=120000Kb used=7740Kb max_used=7740Kb free=112259Kb
 bounds [0x00000204e86f0000, 0x00000204e8e90000, 0x00000204efc20000]
CodeHeap 'non-nmethods': size=5696Kb used=1188Kb max_used=1211Kb free=4507Kb
 bounds [0x00000204e8160000, 0x00000204e83d0000, 0x00000204e86f0000]
 total_blobs=4489 nmethods=3195 adapters=440
 compilation: enabled
              stopped_count=0, restarted_count=0
 full_count=0

Compilation events (10 events):
Event: 7.582 Thread 0x00000204fca7b000 3340       3       java.lang.Exception::<init> (6 bytes)
Event: 7.583 Thread 0x00000204fca7b000 nmethod 3340 0x00000204e8e79990 code [0x00000204e8e79ba0, 0x00000204e8e7a370]
Event: 7.596 Thread 0x00000204fca7b000 3341       3       java.util.regex.Pattern$CharPropertyGreedy::match (122 bytes)
Event: 7.597 Thread 0x00000204fca7b000 nmethod 3341 0x00000204e8e7a510 code [0x00000204e8e7a740, 0x00000204e8e7afa0]
Event: 7.680 Thread 0x00000204fca7b000 3342       3       java.util.Calendar::internalGet (7 bytes)
Event: 7.680 Thread 0x00000204fca7b000 nmethod 3342 0x00000204e8e7b210 code [0x00000204e8e7b3c0, 0x00000204e8e7b578]
Event: 7.770 Thread 0x00000204fca7b000 3343       3       ch.qos.logback.classic.Logger::createChildByName (128 bytes)
Event: 7.772 Thread 0x00000204fca7b000 nmethod 3343 0x00000204e8e7b690 code [0x00000204e8e7ba00, 0x00000204e8e7cf60]
Event: 7.965 Thread 0x00000204fca7b000 3344       3       java.lang.Package$VersionInfo::<init> (44 bytes)
Event: 7.965 Thread 0x00000204fca7b000 nmethod 3344 0x00000204e8e7d690 code [0x00000204e8e7d860, 0x00000204e8e7dcd8]

GC Heap History (10 events):
Event: 4.549 GC heap before
{Heap before GC invocations=4 (full 0):
 garbage-first heap   total 65536K, used 35518K [0x00000000c1600000, 0x0000000100000000)
  region size 1024K, 29 young (29696K), 2 survivors (2048K)
 Metaspace       used 15888K, capacity 16403K, committed 16512K, reserved 1062912K
  class space    used 1970K, capacity 2163K, committed 2176K, reserved 1048576K
}
Event: 4.558 GC heap after
{Heap after GC invocations=5 (full 0):
 garbage-first heap   total 65536K, used 10240K [0x00000000c1600000, 0x0000000100000000)
  region size 1024K, 3 young (3072K), 3 survivors (3072K)
 Metaspace       used 15888K, capacity 16403K, committed 16512K, reserved 1062912K
  class space    used 1970K, capacity 2163K, committed 2176K, reserved 1048576K
}
Event: 4.673 GC heap before
{Heap before GC invocations=5 (full 0):
 garbage-first heap   total 65536K, used 37888K [0x00000000c1600000, 0x0000000100000000)
  region size 1024K, 31 young (31744K), 3 survivors (3072K)
 Metaspace       used 16018K, capacity 16540K, committed 16768K, reserved 1064960K
  class space    used 1979K, capacity 2165K, committed 2176K, reserved 1048576K
}
Event: 4.684 GC heap after
{Heap after GC invocations=6 (full 0):
 garbage-first heap   total 78848K, used 10536K [0x00000000c1600000, 0x0000000100000000)
  region size 1024K, 2 young (2048K), 2 survivors (2048K)
 Metaspace       used 16018K, capacity 16540K, committed 16768K, reserved 1064960K
  class space    used 1979K, capacity 2165K, committed 2176K, reserved 1048576K
}
Event: 5.695 GC heap before
{Heap before GC invocations=6 (full 0):
 garbage-first heap   total 78848K, used 43304K [0x00000000c1600000, 0x0000000100000000)
  region size 1024K, 35 young (35840K), 2 survivors (2048K)
 Metaspace       used 18776K, capacity 19441K, committed 19584K, reserved 1067008K
  class space    used 2344K, capacity 2616K, committed 2688K, reserved 1048576K
}
Event: 5.704 GC heap after
{Heap after GC invocations=7 (full 0):
 garbage-first heap   total 78848K, used 11585K [0x00000000c1600000, 0x0000000100000000)
  region size 1024K, 3 young (3072K), 3 survivors (3072K)
 Metaspace       used 18776K, capacity 19441K, committed 19584K, reserved 1067008K
  class space    used 2344K, capacity 2616K, committed 2688K, reserved 1048576K
}
Event: 6.399 GC heap before
{Heap before GC invocations=7 (full 0):
 garbage-first heap   total 78848K, used 31041K [0x00000000c1600000, 0x0000000100000000)
  region size 1024K, 23 young (23552K), 3 survivors (3072K)
 Metaspace       used 20429K, capacity 21109K, committed 21296K, reserved 1067008K
  class space    used 2549K, capacity 2825K, committed 2944K, reserved 1048576K
}
Event: 6.415 GC heap after
{Heap after GC invocations=8 (full 0):
 garbage-first heap   total 78848K, used 13078K [0x00000000c1600000, 0x0000000100000000)
  region size 1024K, 5 young (5120K), 5 survivors (5120K)
 Metaspace       used 20429K, capacity 21109K, committed 21296K, reserved 1067008K
  class space    used 2549K, capacity 2825K, committed 2944K, reserved 1048576K
}
Event: 7.683 GC heap before
{Heap before GC invocations=9 (full 0):
 garbage-first heap   total 51200K, used 38678K [0x00000000c1600000, 0x0000000100000000)
  region size 1024K, 30 young (30720K), 5 survivors (5120K)
 Metaspace       used 24975K, capacity 25788K, committed 26160K, reserved 1073152K
  class space    used 3035K, capacity 3337K, committed 3456K, reserved 1048576K
}
Event: 7.704 GC heap after
{Heap after GC invocations=10 (full 0):
 garbage-first heap   total 51200K, used 15613K [0x00000000c1600000, 0x0000000100000000)
  region size 1024K, 4 young (4096K), 4 survivors (4096K)
 Metaspace       used 24975K, capacity 25788K, committed 26160K, reserved 1073152K
  class space    used 3035K, capacity 3337K, committed 3456K, reserved 1048576K
}

Deoptimization events (10 events):
Event: 6.702 Thread 0x00000204dfa73000 Uncommon trap: reason=unstable_if action=reinterpret pc=0x00000204efc9166c method=java.util.jar.JarFile.getVersionedEntry(Ljava/lang/String;Ljava/util/jar/JarEntry;)Ljava/util/jar/JarEntry; @ 7 c2
Event: 6.902 Thread 0x00000204dfa73000 Uncommon trap: reason=unstable_if action=reinterpret pc=0x00000204efccd554 method=java.nio.Buffer.position(I)Ljava/nio/Buffer; @ 45 c2
Event: 6.904 Thread 0x00000204dfa73000 Uncommon trap: reason=unstable_if action=reinterpret pc=0x00000204efcc2750 method=java.nio.Buffer.position(I)Ljava/nio/Buffer; @ 45 c2
Event: 6.918 Thread 0x00000204dfa73000 Uncommon trap: reason=unstable_if action=reinterpret pc=0x00000204efcacfd4 method=sun.net.www.ParseUtil.firstEncodeIndex(Ljava/lang/String;)I @ 51 c2
Event: 6.918 Thread 0x00000204dfa73000 Uncommon trap: reason=unstable_if action=reinterpret pc=0x00000204efc7a544 method=sun.net.www.ParseUtil.firstEncodeIndex(Ljava/lang/String;)I @ 51 c2
Event: 7.100 Thread 0x00000204dfa73000 Uncommon trap: reason=class_check action=maybe_recompile pc=0x00000204efd59388 method=java.util.Properties$LineReader.readLine()I @ 527 c2
Event: 7.185 Thread 0x00000204dfa73000 Uncommon trap: reason=unstable_if action=reinterpret pc=0x00000204efc5eb74 method=java.lang.StringLatin1.compareToCI([B[B)I @ 68 c2
Event: 7.336 Thread 0x00000204dfa73000 Uncommon trap: reason=unstable_if action=reinterpret pc=0x00000204efc4e778 method=java.lang.StringCoding.hasNegatives([BII)Z @ 12 c2
Event: 7.466 Thread 0x00000204fe326800 Uncommon trap: reason=unstable_if action=reinterpret pc=0x00000204efd00e30 method=java.util.LinkedHashMap.get(Ljava/lang/Object;)Ljava/lang/Object; @ 20 c2
Event: 8.142 Thread 0x00000204dfa73000 Uncommon trap: reason=intrinsic_or_type_checked_inlining action=make_not_entrant pc=0x00000204efd4f4a8 method=java.util.ArrayList.toArray([Ljava/lang/Object;)[Ljava/lang/Object; @ 36 c2

Classes redefined (0 events):
No events

Internal exceptions (10 events):
Event: 7.567 Thread 0x00000204dfa73000 Exception <a 'java/lang/ClassNotFoundException'{0x00000000c2c33020}: org/springframework/beans/factory/BeanClassLoaderAwareCustomizer> (0x00000000c2c33020) thrown at [c:/cygwin64/tmp/openjdk-jdk12u-windows-x64-hotspot/workspace/build/src/src/hotspot/share
Event: 7.568 Thread 0x00000204dfa73000 Exception <a 'java/lang/ClassNotFoundException'{0x00000000c2c40c90}: org/springframework/beans/factory/AwareCustomizer> (0x00000000c2c40c90) thrown at [c:/cygwin64/tmp/openjdk-jdk12u-windows-x64-hotspot/workspace/build/src/src/hotspot/share/classfile/syst
Event: 7.569 Thread 0x00000204dfa73000 Exception <a 'java/lang/ClassNotFoundException'{0x00000000c2c4f0b0}: org/springframework/beans/factory/BeanFactoryAwareCustomizer> (0x00000000c2c4f0b0) thrown at [c:/cygwin64/tmp/openjdk-jdk12u-windows-x64-hotspot/workspace/build/src/src/hotspot/share/cla
Event: 7.570 Thread 0x00000204dfa73000 Exception <a 'java/lang/ClassNotFoundException'{0x00000000c2c5d470}: org/springframework/beans/factory/AwareCustomizer> (0x00000000c2c5d470) thrown at [c:/cygwin64/tmp/openjdk-jdk12u-windows-x64-hotspot/workspace/build/src/src/hotspot/share/classfile/syst
Event: 7.571 Thread 0x00000204dfa73000 Exception <a 'java/lang/ClassNotFoundException'{0x00000000c2c6ae50}: org/springframework/beans/factory/BeanNameAwareCustomizer> (0x00000000c2c6ae50) thrown at [c:/cygwin64/tmp/openjdk-jdk12u-windows-x64-hotspot/workspace/build/src/src/hotspot/share/classf
Event: 7.572 Thread 0x00000204dfa73000 Exception <a 'java/lang/ClassNotFoundException'{0x00000000c2c78e80}: org/springframework/beans/factory/AwareCustomizer> (0x00000000c2c78e80) thrown at [c:/cygwin64/tmp/openjdk-jdk12u-windows-x64-hotspot/workspace/build/src/src/hotspot/share/classfile/syst
Event: 7.573 Thread 0x00000204dfa73000 Exception <a 'java/lang/ClassNotFoundException'{0x00000000c2c87298}: org/springframework/beans/factory/InitializingBeanCustomizer> (0x00000000c2c87298) thrown at [c:/cygwin64/tmp/openjdk-jdk12u-windows-x64-hotspot/workspace/build/src/src/hotspot/share/cla
Event: 7.575 Thread 0x00000204dfa73000 Exception <a 'java/lang/ClassNotFoundException'{0x00000000c2c95a88}: org/springframework/beans/factory/DisposableBeanCustomizer> (0x00000000c2c95a88) thrown at [c:/cygwin64/tmp/openjdk-jdk12u-windows-x64-hotspot/workspace/build/src/src/hotspot/share/class
Event: 7.576 Thread 0x00000204dfa73000 Exception <a 'java/lang/ClassNotFoundException'{0x00000000c2ca4fc8}: org/springframework/orm/jpa/EntityManagerFactoryInfoCustomizer> (0x00000000c2ca4fc8) thrown at [c:/cygwin64/tmp/openjdk-jdk12u-windows-x64-hotspot/workspace/build/src/src/hotspot/share/c
Event: 7.578 Thread 0x00000204dfa73000 Exception <a 'java/lang/ClassNotFoundException'{0x00000000c2cbdf78}: org/springframework/dao/support/PersistenceExceptionTranslatorCustomizer> (0x00000000c2cbdf78) thrown at [c:/cygwin64/tmp/openjdk-jdk12u-windows-x64-hotspot/workspace/build/src/src/hotsp

Events (10 events):
Event: 8.267 loading class net/bytebuddy/dynamic/scaffold/MethodGraph$Empty
Event: 8.267 loading class net/bytebuddy/dynamic/scaffold/MethodGraph$Empty done
Event: 8.268 loading class net/bytebuddy/dynamic/scaffold/MethodGraph$Linked
Event: 8.268 loading class net/bytebuddy/dynamic/scaffold/MethodGraph$Linked done
Event: 8.269 loading class net/bytebuddy/dynamic/scaffold/MethodGraph
Event: 8.269 loading class net/bytebuddy/dynamic/scaffold/MethodGraph done
Event: 8.270 loading class net/bytebuddy/dynamic/scaffold/MethodGraph$Compiler$Default$Harmonizer$ForJavaMethod
Event: 8.270 loading class net/bytebuddy/dynamic/scaffold/MethodGraph$Compiler$Default$Harmonizer$ForJavaMethod done
Event: 8.271 loading class net/bytebuddy/dynamic/scaffold/MethodGraph$Compiler$Default$Merger$Directional
Event: 8.271 loading class net/bytebuddy/dynamic/scaffold/MethodGraph$Compiler$Default$Merger$Directional done


Dynamic libraries:
0x00007ff74f570000 - 0x00007ff74f57d000 	C:\Program Files\AdoptOpenJDK\jdk-12.0.1.12-hotspot\bin\java.exe
0x00007ffc18c50000 - 0x00007ffc18e42000 	C:\WINDOWS\SYSTEM32\ntdll.dll
0x00007ffc18280000 - 0x00007ffc1833d000 	C:\WINDOWS\System32\KERNEL32.DLL
0x00007ffc16780000 - 0x00007ffc16a40000 	C:\WINDOWS\System32\KERNELBASE.dll
0x00007ffc16620000 - 0x00007ffc1671f000 	C:\WINDOWS\System32\ucrtbase.dll
0x00007ffc0ab10000 - 0x00007ffc0ab26000 	C:\Program Files\AdoptOpenJDK\jdk-12.0.1.12-hotspot\bin\VCRUNTIME140.dll
0x00007ffc01c30000 - 0x00007ffc01c47000 	C:\Program Files\AdoptOpenJDK\jdk-12.0.1.12-hotspot\bin\jli.dll
0x00007ffc17a00000 - 0x00007ffc17b9f000 	C:\WINDOWS\System32\USER32.dll
0x00007ffc03b20000 - 0x00007ffc03dba000 	C:\WINDOWS\WinSxS\amd64_microsoft.windows.common-controls_6595b64144ccf1df_6.0.18936.1000_none_ac70f02636cda934\COMCTL32.dll
0x00007ffc165a0000 - 0x00007ffc165c2000 	C:\WINDOWS\System32\win32u.dll
0x00007ffc17960000 - 0x00007ffc179fe000 	C:\WINDOWS\System32\msvcrt.dll
0x00007ffc18340000 - 0x00007ffc1836a000 	C:\WINDOWS\System32\GDI32.dll
0x00007ffc16a40000 - 0x00007ffc16b47000 	C:\WINDOWS\System32\gdi32full.dll
0x00007ffc16c30000 - 0x00007ffc16ccd000 	C:\WINDOWS\System32\msvcp_win.dll
0x00007ffc17c20000 - 0x00007ffc17c50000 	C:\WINDOWS\System32\IMM32.DLL
0x00007ffbee8b0000 - 0x00007ffbee94b000 	C:\Program Files\AdoptOpenJDK\jdk-12.0.1.12-hotspot\bin\msvcp140.dll
0x00007ffbbff50000 - 0x00007ffbc0af8000 	C:\Program Files\AdoptOpenJDK\jdk-12.0.1.12-hotspot\bin\server\jvm.dll
0x00007ffc181d0000 - 0x00007ffc1827a000 	C:\WINDOWS\System32\ADVAPI32.dll
0x00007ffc17fa0000 - 0x00007ffc1803b000 	C:\WINDOWS\System32\sechost.dll
0x00007ffc170a0000 - 0x00007ffc171c0000 	C:\WINDOWS\System32\RPCRT4.dll
0x00007ffc16d50000 - 0x00007ffc16d58000 	C:\WINDOWS\System32\PSAPI.DLL
0x00007ffc06d60000 - 0x00007ffc06d6a000 	C:\WINDOWS\SYSTEM32\VERSION.dll
0x00007ffc0f7c0000 - 0x00007ffc0f7c9000 	C:\WINDOWS\SYSTEM32\WSOCK32.dll
0x00007ffc03f30000 - 0x00007ffc03f57000 	C:\WINDOWS\SYSTEM32\WINMM.dll
0x00007ffc16e30000 - 0x00007ffc16e9b000 	C:\WINDOWS\System32\WS2_32.dll
0x00007ffc14570000 - 0x00007ffc14583000 	C:\WINDOWS\SYSTEM32\kernel.appcore.dll
0x00007ffc13ec0000 - 0x00007ffc13ed0000 	C:\Program Files\AdoptOpenJDK\jdk-12.0.1.12-hotspot\bin\verify.dll
0x00007ffc03fb0000 - 0x00007ffc04194000 	C:\WINDOWS\SYSTEM32\DBGHELP.DLL
0x00007ffc03e20000 - 0x00007ffc03e4c000 	C:\WINDOWS\SYSTEM32\dbgcore.DLL
0x00007ffc16cd0000 - 0x00007ffc16d4b000 	C:\WINDOWS\System32\bcryptPrimitives.dll
0x00007ffbe4bf0000 - 0x00007ffbe4c16000 	C:\Program Files\AdoptOpenJDK\jdk-12.0.1.12-hotspot\bin\java.dll
0x00007ffbef0e0000 - 0x00007ffbef0f7000 	C:\Program Files\AdoptOpenJDK\jdk-12.0.1.12-hotspot\bin\zip.dll
0x00007ffc11ae0000 - 0x00007ffc11aea000 	C:\Program Files\AdoptOpenJDK\jdk-12.0.1.12-hotspot\bin\jimage.dll
0x00007ffc17290000 - 0x00007ffc17956000 	C:\WINDOWS\System32\SHELL32.dll
0x00007ffc14770000 - 0x00007ffc14f2f000 	C:\WINDOWS\SYSTEM32\windows.storage.dll
0x00007ffc17c50000 - 0x00007ffc17fa0000 	C:\WINDOWS\System32\combase.dll
0x00007ffc18650000 - 0x00007ffc186fd000 	C:\WINDOWS\System32\SHCORE.dll
0x00007ffc18060000 - 0x00007ffc180b5000 	C:\WINDOWS\System32\shlwapi.dll
0x00007ffc16380000 - 0x00007ffc1639f000 	C:\WINDOWS\SYSTEM32\profapi.dll
0x00007ffc09fb0000 - 0x00007ffc09fc9000 	C:\Program Files\AdoptOpenJDK\jdk-12.0.1.12-hotspot\bin\net.dll
0x00007ffc09a80000 - 0x00007ffc09c6b000 	C:\WINDOWS\SYSTEM32\urlmon.dll
0x00007ffc0f230000 - 0x00007ffc0f32f000 	C:\WINDOWS\SYSTEM32\WINHTTP.dll
0x00007ffc0a0a0000 - 0x00007ffc0a34d000 	C:\WINDOWS\SYSTEM32\iertutil.dll
0x00007ffc15b90000 - 0x00007ffc15bfa000 	C:\WINDOWS\system32\mswsock.dll
0x00007ffc09310000 - 0x00007ffc09323000 	C:\Program Files\AdoptOpenJDK\jdk-12.0.1.12-hotspot\bin\nio.dll
0x00007ffc11af0000 - 0x00007ffc11af9000 	C:\Program Files\AdoptOpenJDK\jdk-12.0.1.12-hotspot\bin\management.dll
0x00007ffc0f350000 - 0x00007ffc0f35b000 	C:\Program Files\AdoptOpenJDK\jdk-12.0.1.12-hotspot\bin\management_ext.dll
0x00007ffc158f0000 - 0x00007ffc159b7000 	C:\WINDOWS\SYSTEM32\DNSAPI.dll
0x00007ffc158b0000 - 0x00007ffc158eb000 	C:\WINDOWS\SYSTEM32\IPHLPAPI.DLL
0x00007ffc17220000 - 0x00007ffc17228000 	C:\WINDOWS\System32\NSI.dll
0x00007ffc09980000 - 0x00007ffc0998a000 	C:\Windows\System32\rasadhlp.dll
0x00007ffc0e420000 - 0x00007ffc0e499000 	C:\WINDOWS\System32\fwpuclnt.dll
0x00007ffc16b50000 - 0x00007ffc16b77000 	C:\WINDOWS\System32\bcrypt.dll
0x00007ffc160d0000 - 0x00007ffc160e8000 	C:\WINDOWS\SYSTEM32\CRYPTSP.dll
0x00007ffc15700000 - 0x00007ffc15734000 	C:\WINDOWS\system32\rsaenh.dll
0x00007ffc16340000 - 0x00007ffc1636c000 	C:\WINDOWS\SYSTEM32\USERENV.dll
0x00007ffc15d10000 - 0x00007ffc15d1c000 	C:\WINDOWS\SYSTEM32\CRYPTBASE.dll
0x00007ffc0cf40000 - 0x00007ffc0cf57000 	C:\WINDOWS\SYSTEM32\dhcpcsvc6.DLL
0x00007ffc0cf00000 - 0x00007ffc0cf1d000 	C:\WINDOWS\SYSTEM32\dhcpcsvc.DLL
0x00007ffc01fb0000 - 0x00007ffc01fc7000 	C:\WINDOWS\system32\napinsp.dll
0x00007ffc01f90000 - 0x00007ffc01fab000 	C:\WINDOWS\system32\pnrpnsp.dll
0x00007ffc01ee0000 - 0x00007ffc01eee000 	C:\WINDOWS\System32\winrnr.dll
0x00007ffc12090000 - 0x00007ffc120ad000 	C:\WINDOWS\system32\NLAapi.dll
0x00007ffc01d80000 - 0x00007ffc01d95000 	C:\WINDOWS\system32\wshbth.dll

dbghelp: loaded successfully - version: 4.0.5 - missing functions: none
symbol engine: initialized successfully - sym options: 0x614 - pdb path: .;C:\Program Files\AdoptOpenJDK\jdk-12.0.1.12-hotspot\bin;C:\WINDOWS\SYSTEM32;C:\WINDOWS\WinSxS\amd64_microsoft.windows.common-controls_6595b64144ccf1df_6.0.18936.1000_none_ac70f02636cda934;C:\Program Files\AdoptOpenJDK\jdk-12.0.1.12-hotspot\bin\server

VM Arguments:
java_command: C:\Users\bigei\AppData\Local\Temp\surefire17396906979399215001\surefirebooter12979314467701430846.jar C:\Users\bigei\AppData\Local\Temp\surefire17396906979399215001 2019-08-02T06-06-37_583-jvmRun1 surefire5438524438319939229tmp surefire_010643530732929826291tmp
java_class_path (initial): C:\Users\bigei\AppData\Local\Temp\surefire17396906979399215001\surefirebooter12979314467701430846.jar
Launcher Type: SUN_STANDARD

[Global flags]
     intx CICompilerCount                          = 3                                         {product} {ergonomic}
     uint ConcGCThreads                            = 1                                         {product} {ergonomic}
     uint G1ConcRefinementThreads                  = 4                                         {product} {ergonomic}
   size_t G1HeapRegionSize                         = 1048576                                   {product} {ergonomic}
    uintx GCDrainStackTargetSize                   = 64                                        {product} {ergonomic}
   size_t InitialHeapSize                          = 67108864                                  {product} {ergonomic}
   size_t MarkStackSize                            = 4194304                                   {product} {ergonomic}
   size_t MaxHeapSize                              = 1050673152                                {product} {ergonomic}
   size_t MaxNewSize                               = 630194176                                 {product} {ergonomic}
   size_t MinHeapDeltaBytes                        = 1048576                                   {product} {ergonomic}
    uintx NonNMethodCodeHeapSize                   = 5830732                                {pd product} {ergonomic}
    uintx NonProfiledCodeHeapSize                  = 122913754                              {pd product} {ergonomic}
    uintx ProfiledCodeHeapSize                     = 122913754                              {pd product} {ergonomic}
    uintx ReservedCodeCacheSize                    = 251658240                              {pd product} {ergonomic}
     bool SegmentedCodeCache                       = true                                      {product} {ergonomic}
     bool UseCompressedClassPointers               = true                                 {lp64_product} {ergonomic}
     bool UseCompressedOops                        = true                                 {lp64_product} {ergonomic}
     bool UseG1GC                                  = true                                      {product} {ergonomic}
     bool UseLargePagesIndividualAllocation        = false                                  {pd product} {ergonomic}

Logging:
Log output configuration:
 #0: stdout all=warning uptime,level,tags
 #1: stderr all=off uptime,level,tags

Environment Variables:
JAVA_HOME=C:\Program Files\Java\jdk1.8.0_201
PATH=C:/Program Files/AdoptOpenJDK/jdk-12.0.1.12-hotspot/bin/server;C:/Program Files/AdoptOpenJDK/jdk-12.0.1.12-hotspot/bin;C:\Program Files\AdoptOpenJDK\jdk-12.0.1.12-hotspot\bin;C:\Program Files\Java\jdk1.8.0_201\bin;C:\apache-maven-3.6.1\bin;C:\ProgramData\DockerDesktop\version-bin;C:\Program Files\Docker\Docker\Resources\bin;C:\WINDOWS\system32;C:\WINDOWS;C:\WINDOWS\System32\Wbem;C:\WINDOWS\System32\WindowsPowerShell\v1.0\;C:\WINDOWS\System32\OpenSSH\;C:\Program Files\Microsoft VS Code\bin;C:\Program Files (x86)\Brackets\command;C:\Program Files\PuTTY\;C:\Program Files\flutter\bin\;C:\Program Files (x86)\Yarn\bin\;C:\Program Files\nodejs\;C:\Program Files\Java\jdk1.8.0_201\bin;C:\Users\bigei\AppData\Local\Android\sdk\platform-tools;C:\Ruby25-x64\bin;C:\Users\bigei\AppData\Local\Microsoft\WindowsApps;C:\Program Files\Microsoft VS Code\bin;C:\Program Files\MongoDB\Server\3.6\bin;C:\Users\bigei\AppData\Local\Programs\Microsoft VS Code\bin;C:\Program Files\heroku\bin;C:\Users\bigei\AppData\Local\GitHubDesktop\bin;C:\Users\bigei\AppData\Local\Yarn\bin;C:\Program Files\Java\jre1.8.0_201;C:\Program Files\Java\jdk1.8.0_201\bin;C:\Program Files\Android\Android Studio\jre;C:\Users\bigei\AppData\Roaming\npm;C:\Users\bigei\AppData\Local\Microsoft\WindowsApps;;C:\Users\bigei\Downloads\sts-4.2.2.RELEASE;
USERNAME=bigei
OS=Windows_NT
PROCESSOR_IDENTIFIER=Intel64 Family 6 Model 42 Stepping 7, GenuineIntel



---------------  S Y S T E M  ---------------

OS: Windows 10 , 64 bit Build 18936 (10.0.18936.1000)

CPU:total 4 (initial active 4) (2 cores per cpu, 2 threads per core) family 6 model 42 stepping 7, cmov, cx8, fxsr, mmx, sse, sse2, sse3, ssse3, sse4.1, sse4.2, popcnt, avx, clmul, ht, tsc, tscinvbit

Memory: 4k page, system-wide physical 4001M (291M free)
TotalPageFile size 16289M (AvailPageFile size 2M)
current process WorkingSet (physical memory assigned to process): 172M, peak: 172M
current process commit charge ("private bytes"): 204M, peak: 204M

vm_info: OpenJDK 64-Bit Server VM (12.0.1+12) for windows-amd64 JRE (12.0.1+12), built on Apr 25 2019 06:23:28 by "" with MS VC++ 15.8 (VS2017)

END.
