#
# There is insufficient memory for the Java Runtime Environment to continue.
# Native memory allocation (mmap) failed to map 13631488 bytes for Failed to commit area from 0x00000000c5600000 to 0x00000000c6300000 of length 13631488.
# Possible reasons:
#   The system is out of physical RAM or swap space
#   The process is running with CompressedOops enabled, and the Java Heap may be blocking the growth of the native heap
# Possible solutions:
#   Reduce memory load on the system
#   Increase physical memory or swap space
#   Check if swap backing store is full
#   Decrease Java heap size (-Xmx/-Xms)
#   Decrease number of Java threads
#   Decrease Java thread stack sizes (-Xss)
#   Set larger code cache with -XX:ReservedCodeCacheSize=
#   JVM is running with Unscaled Compressed Oops mode in which the Java heap is
#     placed in the first 4GB address space. The Java Heap base address is the
#     maximum limit for the native heap growth. Please use -XX:HeapBaseMinAddress
#     to set the Java Heap base and to place the Java Heap above 4GB virtual address.
# This output file may be truncated or incomplete.
#
#  Out of Memory Error (c:/cygwin64/tmp/openjdk-jdk12u-windows-x64-hotspot/workspace/build/src/src/hotspot/os/windows/os_windows.cpp:3254), pid=2384, tid=5544
#
# JRE version: OpenJDK Runtime Environment (12.0.1+12) (build 12.0.1+12)
# Java VM: OpenJDK 64-Bit Server VM (12.0.1+12, mixed mode, sharing, tiered, compressed oops, g1 gc, windows-amd64)
# No core dump will be written. Minidumps are not enabled by default on client versions of Windows
#

---------------  S U M M A R Y ------------

Command Line: C:\Users\bigei\AppData\Local\Temp\surefire1709621787734598298\surefirebooter11154244291783586887.jar C:\Users\bigei\AppData\Local\Temp\surefire1709621787734598298 2019-08-02T06-10-55_532-jvmRun1 surefire5508913435053465560tmp surefire_011313652137390889963tmp

Host: Intel(R) Core(TM) i5-2430M CPU @ 2.40GHz, 4 cores, 3G,  Windows 10 , 64 bit Build 18936 (10.0.18936.1000)
Time: Fri Aug  2 06:11:05 2019 Hora de verano central (México) elapsed time: 8 seconds (0d 0h 0m 8s)

---------------  T H R E A D  ---------------

Current thread (0x00000269ffbab000):  VMThread "VM Thread" [stack: 0x000000ce1f200000,0x000000ce1f300000] [id=5544]

Stack: [0x000000ce1f200000,0x000000ce1f300000]
[error occurred during error reporting (printing stack bounds), id 0xc0000005, EXCEPTION_ACCESS_VIOLATION (0xc0000005) at pc=0x0000026988600bad]

Native frames: (J=compiled Java code, j=interpreted, Vv=VM code, C=native code)
V  [jvm.dll+0x5f5eea]
V  [jvm.dll+0x7a113f]
V  [jvm.dll+0x7a28b0]
V  [jvm.dll+0x7a2e75]
V  [jvm.dll+0x7a2e2b]
V  [jvm.dll+0x5f57df]
V  [jvm.dll+0x5f5b98]
C  [ntdll.dll+0xa0a1f]
C  [ntdll.dll+0x1d89]
C  [ntdll.dll+0x9f68e]
C  0x0000026988600bad

VM_Operation (0x000000ce1ecf96f0): CollectForMetadataAllocation, mode: safepoint, requested by thread 0x00000269f91b2000


---------------  P R O C E S S  ---------------

Threads class SMR info:
_java_thread_list=0x0000026998fa6930, length=14, elements={
0x00000269f91b2000, 0x00000269ffbb0000, 0x00000269ffbb1800, 0x00000269ffbcf000,
0x00000269ffbd0000, 0x00000269ffbd2000, 0x00000269ffbd8800, 0x00000269ffbdb000,
0x0000026997e9d800, 0x0000026997e9f000, 0x0000026997f08800, 0x0000026997fdb800,
0x0000026998ffb800, 0x0000026998928000
}

Java Threads: ( => current thread )
  0x00000269f91b2000 JavaThread "main" [_thread_blocked, id=2076, stack(0x000000ce1ec00000,0x000000ce1ed00000)]
  0x00000269ffbb0000 JavaThread "Reference Handler" daemon [_thread_blocked, id=15280, stack(0x000000ce1f300000,0x000000ce1f400000)]
  0x00000269ffbb1800 JavaThread "Finalizer" daemon [_thread_blocked, id=15884, stack(0x000000ce1f400000,0x000000ce1f500000)]
  0x00000269ffbcf000 JavaThread "Signal Dispatcher" daemon [_thread_blocked, id=10728, stack(0x000000ce1f500000,0x000000ce1f600000)]
  0x00000269ffbd0000 JavaThread "Attach Listener" daemon [_thread_blocked, id=11920, stack(0x000000ce1f600000,0x000000ce1f700000)]
  0x00000269ffbd2000 JavaThread "C2 CompilerThread0" daemon [_thread_in_native, id=17188, stack(0x000000ce1f700000,0x000000ce1f800000)]
  0x00000269ffbd8800 JavaThread "C1 CompilerThread0" daemon [_thread_blocked, id=14732, stack(0x000000ce1f800000,0x000000ce1f900000)]
  0x00000269ffbdb000 JavaThread "Sweeper thread" daemon [_thread_blocked, id=18056, stack(0x000000ce1f900000,0x000000ce1fa00000)]
  0x0000026997e9d800 JavaThread "Service Thread" daemon [_thread_blocked, id=4480, stack(0x000000ce1fa00000,0x000000ce1fb00000)]
  0x0000026997e9f000 JavaThread "Common-Cleaner" daemon [_thread_blocked, id=11024, stack(0x000000ce1fc00000,0x000000ce1fd00000)]
  0x0000026997f08800 JavaThread "surefire-forkedjvm-command-thread" daemon [_thread_in_native, id=5968, stack(0x000000ce1fd00000,0x000000ce1fe00000)]
  0x0000026997fdb800 JavaThread "surefire-forkedjvm-ping-30s" daemon [_thread_in_native, id=16604, stack(0x000000ce1fe00000,0x000000ce1ff00000)]
  0x0000026998ffb800 JavaThread "RMI TCP Accept-0" daemon [_thread_in_native, id=12000, stack(0x000000ce20100000,0x000000ce20200000)]
  0x0000026998928000 JavaThread "mysql-cj-abandoned-connection-cleanup" daemon [_thread_blocked, id=11516, stack(0x000000ce20200000,0x000000ce20300000)]

Other Threads:
=>0x00000269ffbab000 VMThread "VM Thread" [stack: 0x000000ce1f200000,0x000000ce1f300000] [id=5544]
  0x0000026997e9e800 WatcherThread [stack: 0x000000ce1fb00000,0x000000ce1fc00000] [id=13136]
  0x00000269f91df000 GCTaskThread "GC Thread#0" [stack: 0x000000ce1ed00000,0x000000ce1ee00000] [id=11552]
  0x00000269986f9000 GCTaskThread "GC Thread#1" [stack: 0x000000ce20000000,0x000000ce20100000] [id=16408]
  0x00000269f91e7800 ConcurrentGCThread "G1 Main Marker" [stack: 0x000000ce1ee00000,0x000000ce1ef00000] [id=12840]
  0x00000269f91e9800 ConcurrentGCThread "G1 Conc#0" [stack: 0x000000ce1ef00000,0x000000ce1f000000] [id=2296]
  0x00000269f9245000 ConcurrentGCThread "G1 Refine#0" [stack: 0x000000ce1f000000,0x000000ce1f100000] [id=6260]
  0x0000026998868000 ConcurrentGCThread "G1 Refine#1" [stack: 0x000000ce1ff00000,0x000000ce20000000] [id=13152]
  0x00000269f9247000 ConcurrentGCThread "G1 Young RemSet Sampling" [stack: 0x000000ce1f100000,0x000000ce1f200000] [id=18172]

Threads with active compile tasks:
C2 CompilerThread0  3006       4       org.springframework.boot.context.properties.source.ConfigurationPropertyName$ElementsParser::parse (234 bytes)
C1 CompilerThread0  3087       3       java.net.URLStreamHandler::parseURL (1201 bytes)

VM state:at safepoint (normal execution)

VM Mutex/Monitor currently owned by a thread:  ([mutex/lock_event])
[0x00000269f91afad0] Threads_lock - owner thread: 0x00000269ffbab000
[0x00000269f91afb60] Heap_lock - owner thread: 0x00000269f91b2000

Heap address: 0x00000000c1600000, size: 1002 MB, Compressed Oops mode: 32-bit
Narrow klass base: 0x0000000800000000, Narrow klass shift: 3
Compressed class space size: 1073741824 Address: 0x00000008011a0000

Heap:
 garbage-first heap   total 78848K, used 13284K [0x00000000c1600000, 0x0000000100000000)
  region size 1024K, 4 young (4096K), 4 survivors (4096K)
 Metaspace       used 20443K, capacity 21113K, committed 21296K, reserved 1067008K
  class space    used 2551K, capacity 2825K, committed 2944K, reserved 1048576K
Heap Regions: E=young(eden), S=young(survivor), O=old, HS=humongous(starts), HC=humongous(continues), CS=collection set, F=free, A=archive, TAMS=top-at-mark-start (previous, next)
|   0|0x00000000c1600000, 0x00000000c1700000, 0x00000000c1700000|100%|HS|  |TAMS 0x00000000c1600000, 0x00000000c1700000| Complete 
|   1|0x00000000c1700000, 0x00000000c1800000, 0x00000000c1800000|100%| O|  |TAMS 0x00000000c1700000, 0x00000000c1800000| Untracked 
|   2|0x00000000c1800000, 0x00000000c1900000, 0x00000000c1900000|100%| O|  |TAMS 0x00000000c1800000, 0x00000000c1900000| Untracked 
|   3|0x00000000c1900000, 0x00000000c1a00000, 0x00000000c1a00000|100%| O|  |TAMS 0x00000000c1900000, 0x00000000c1a00000| Untracked 
|   4|0x00000000c1a00000, 0x00000000c1b00000, 0x00000000c1b00000|100%| O|  |TAMS 0x00000000c1a00000, 0x00000000c1b00000| Untracked 
|   5|0x00000000c1b00000, 0x00000000c1c00000, 0x00000000c1c00000|100%| O|  |TAMS 0x00000000c1b00000, 0x00000000c1c00000| Untracked 
|   6|0x00000000c1c00000, 0x00000000c1d00000, 0x00000000c1d00000|100%| O|  |TAMS 0x00000000c1c00000, 0x00000000c1d00000| Untracked 
|   7|0x00000000c1d00000, 0x00000000c1e00000, 0x00000000c1e00000|100%| O|  |TAMS 0x00000000c1d00000, 0x00000000c1dba200| Untracked 
|   8|0x00000000c1e00000, 0x00000000c1f00000, 0x00000000c1f00000|100%| O|  |TAMS 0x00000000c1e00000, 0x00000000c1e00000| Untracked 
|   9|0x00000000c1f00000, 0x00000000c1fa9400, 0x00000000c2000000| 66%| O|  |TAMS 0x00000000c1f00000, 0x00000000c1f00000| Untracked 
|  10|0x00000000c2000000, 0x00000000c2000000, 0x00000000c2100000|  0%| F|  |TAMS 0x00000000c2000000, 0x00000000c2000000| Untracked 
|  11|0x00000000c2100000, 0x00000000c2100000, 0x00000000c2200000|  0%| F|  |TAMS 0x00000000c2100000, 0x00000000c2100000| Untracked 
|  12|0x00000000c2200000, 0x00000000c2200000, 0x00000000c2300000|  0%| F|  |TAMS 0x00000000c2200000, 0x00000000c2200000| Untracked 
|  13|0x00000000c2300000, 0x00000000c2300000, 0x00000000c2400000|  0%| F|  |TAMS 0x00000000c2300000, 0x00000000c2300000| Untracked 
|  14|0x00000000c2400000, 0x00000000c2400000, 0x00000000c2500000|  0%| F|  |TAMS 0x00000000c2400000, 0x00000000c2400000| Untracked 
|  15|0x00000000c2500000, 0x00000000c2500000, 0x00000000c2600000|  0%| F|  |TAMS 0x00000000c2500000, 0x00000000c2500000| Untracked 
|  16|0x00000000c2600000, 0x00000000c2600000, 0x00000000c2700000|  0%| F|  |TAMS 0x00000000c2600000, 0x00000000c2600000| Untracked 
|  17|0x00000000c2700000, 0x00000000c2700000, 0x00000000c2800000|  0%| F|  |TAMS 0x00000000c2700000, 0x00000000c2700000| Untracked 
|  18|0x00000000c2800000, 0x00000000c2800000, 0x00000000c2900000|  0%| F|  |TAMS 0x00000000c2800000, 0x00000000c2800000| Untracked 
|  19|0x00000000c2900000, 0x00000000c2900000, 0x00000000c2a00000|  0%| F|  |TAMS 0x00000000c2900000, 0x00000000c2900000| Untracked 
|  20|0x00000000c2a00000, 0x00000000c2a00000, 0x00000000c2b00000|  0%| F|  |TAMS 0x00000000c2a00000, 0x00000000c2a00000| Untracked 
|  21|0x00000000c2b00000, 0x00000000c2b00000, 0x00000000c2c00000|  0%| F|  |TAMS 0x00000000c2b00000, 0x00000000c2b00000| Untracked 
|  22|0x00000000c2c00000, 0x00000000c2c00000, 0x00000000c2d00000|  0%| F|  |TAMS 0x00000000c2c00000, 0x00000000c2c00000| Untracked 
|  23|0x00000000c2d00000, 0x00000000c2d00000, 0x00000000c2e00000|  0%| F|  |TAMS 0x00000000c2d00000, 0x00000000c2d00000| Untracked 
|  24|0x00000000c2e00000, 0x00000000c2e00000, 0x00000000c2f00000|  0%| F|  |TAMS 0x00000000c2e00000, 0x00000000c2e00000| Untracked 
|  25|0x00000000c2f00000, 0x00000000c2f00000, 0x00000000c3000000|  0%| F|  |TAMS 0x00000000c2f00000, 0x00000000c2f00000| Untracked 
|  26|0x00000000c3000000, 0x00000000c3000000, 0x00000000c3100000|  0%| F|  |TAMS 0x00000000c3000000, 0x00000000c3000000| Untracked 
|  27|0x00000000c3100000, 0x00000000c3100000, 0x00000000c3200000|  0%| F|  |TAMS 0x00000000c3100000, 0x00000000c3100000| Untracked 
|  28|0x00000000c3200000, 0x00000000c3200000, 0x00000000c3300000|  0%| F|  |TAMS 0x00000000c3200000, 0x00000000c3200000| Untracked 
|  29|0x00000000c3300000, 0x00000000c3300000, 0x00000000c3400000|  0%| F|  |TAMS 0x00000000c3300000, 0x00000000c3300000| Untracked 
|  30|0x00000000c3400000, 0x00000000c3400000, 0x00000000c3500000|  0%| F|  |TAMS 0x00000000c3400000, 0x00000000c3400000| Untracked 
|  31|0x00000000c3500000, 0x00000000c3500000, 0x00000000c3600000|  0%| F|  |TAMS 0x00000000c3500000, 0x00000000c3500000| Untracked 
|  32|0x00000000c3600000, 0x00000000c3600000, 0x00000000c3700000|  0%| F|  |TAMS 0x00000000c3600000, 0x00000000c3600000| Untracked 
|  33|0x00000000c3700000, 0x00000000c3700000, 0x00000000c3800000|  0%| F|  |TAMS 0x00000000c3700000, 0x00000000c3700000| Untracked 
|  34|0x00000000c3800000, 0x00000000c3800000, 0x00000000c3900000|  0%| F|  |TAMS 0x00000000c3800000, 0x00000000c3800000| Untracked 
|  35|0x00000000c3900000, 0x00000000c3900000, 0x00000000c3a00000|  0%| F|  |TAMS 0x00000000c3900000, 0x00000000c3900000| Untracked 
|  36|0x00000000c3a00000, 0x00000000c3a00000, 0x00000000c3b00000|  0%| F|  |TAMS 0x00000000c3a00000, 0x00000000c3a00000| Untracked 
|  37|0x00000000c3b00000, 0x00000000c3b00000, 0x00000000c3c00000|  0%| F|  |TAMS 0x00000000c3b00000, 0x00000000c3b00000| Untracked 
|  38|0x00000000c3c00000, 0x00000000c3c00000, 0x00000000c3d00000|  0%| F|  |TAMS 0x00000000c3c00000, 0x00000000c3c00000| Untracked 
|  39|0x00000000c3d00000, 0x00000000c3d00000, 0x00000000c3e00000|  0%| F|  |TAMS 0x00000000c3d00000, 0x00000000c3d00000| Untracked 
|  40|0x00000000c3e00000, 0x00000000c3e00000, 0x00000000c3f00000|  0%| F|  |TAMS 0x00000000c3e00000, 0x00000000c3e00000| Untracked 
|  41|0x00000000c3f00000, 0x00000000c3f00000, 0x00000000c4000000|  0%| F|  |TAMS 0x00000000c3f00000, 0x00000000c3f00000| Untracked 
|  42|0x00000000c4000000, 0x00000000c4000000, 0x00000000c4100000|  0%| F|  |TAMS 0x00000000c4000000, 0x00000000c4000000| Untracked 
|  43|0x00000000c4100000, 0x00000000c414fd30, 0x00000000c4200000| 31%| S|CS|TAMS 0x00000000c4100000, 0x00000000c4100000| Complete 
|  44|0x00000000c4200000, 0x00000000c4300000, 0x00000000c4300000|100%| S|CS|TAMS 0x00000000c4200000, 0x00000000c4200000| Complete 
|  45|0x00000000c4300000, 0x00000000c4400000, 0x00000000c4400000|100%| S|CS|TAMS 0x00000000c4300000, 0x00000000c4300000| Complete 
|  46|0x00000000c4400000, 0x00000000c4500000, 0x00000000c4500000|100%| S|CS|TAMS 0x00000000c4400000, 0x00000000c4400000| Complete 
|  47|0x00000000c4500000, 0x00000000c4500000, 0x00000000c4600000|  0%| F|  |TAMS 0x00000000c4500000, 0x00000000c4500000| Untracked 
|  48|0x00000000c4600000, 0x00000000c4600000, 0x00000000c4700000|  0%| F|  |TAMS 0x00000000c4600000, 0x00000000c4600000| Untracked 
|  49|0x00000000c4700000, 0x00000000c4700000, 0x00000000c4800000|  0%| F|  |TAMS 0x00000000c4700000, 0x00000000c4700000| Untracked 
|  50|0x00000000c4800000, 0x00000000c4800000, 0x00000000c4900000|  0%| F|  |TAMS 0x00000000c4800000, 0x00000000c4800000| Untracked 
|  51|0x00000000c4900000, 0x00000000c4900000, 0x00000000c4a00000|  0%| F|  |TAMS 0x00000000c4900000, 0x00000000c4900000| Untracked 
|  52|0x00000000c4a00000, 0x00000000c4a00000, 0x00000000c4b00000|  0%| F|  |TAMS 0x00000000c4a00000, 0x00000000c4a00000| Untracked 
|  53|0x00000000c4b00000, 0x00000000c4b00000, 0x00000000c4c00000|  0%| F|  |TAMS 0x00000000c4b00000, 0x00000000c4b00000| Untracked 
|  54|0x00000000c4c00000, 0x00000000c4c00000, 0x00000000c4d00000|  0%| F|  |TAMS 0x00000000c4c00000, 0x00000000c4c00000| Untracked 
|  55|0x00000000c4d00000, 0x00000000c4d00000, 0x00000000c4e00000|  0%| F|  |TAMS 0x00000000c4d00000, 0x00000000c4d00000| Untracked 
|  56|0x00000000c4e00000, 0x00000000c4e00000, 0x00000000c4f00000|  0%| F|  |TAMS 0x00000000c4e00000, 0x00000000c4e00000| Untracked 
|  57|0x00000000c4f00000, 0x00000000c4f00000, 0x00000000c5000000|  0%| F|  |TAMS 0x00000000c4f00000, 0x00000000c4f00000| Untracked 
|  58|0x00000000c5000000, 0x00000000c5000000, 0x00000000c5100000|  0%| F|  |TAMS 0x00000000c5000000, 0x00000000c5000000| Untracked 
|  59|0x00000000c5100000, 0x00000000c5100000, 0x00000000c5200000|  0%| F|  |TAMS 0x00000000c5100000, 0x00000000c5100000| Untracked 
|  60|0x00000000c5200000, 0x00000000c5200000, 0x00000000c5300000|  0%| F|  |TAMS 0x00000000c5200000, 0x00000000c5200000| Untracked 
|  61|0x00000000c5300000, 0x00000000c5300000, 0x00000000c5400000|  0%| F|  |TAMS 0x00000000c5300000, 0x00000000c5300000| Untracked 
|  62|0x00000000c5400000, 0x00000000c5400000, 0x00000000c5500000|  0%| F|  |TAMS 0x00000000c5400000, 0x00000000c5400000| Untracked 
|  63|0x00000000c5500000, 0x00000000c5500000, 0x00000000c5600000|  0%| F|  |TAMS 0x00000000c5500000, 0x00000000c5500000| Untracked 

Card table byte_map: [0x00000269fb2b0000,0x00000269fb4b0000] _byte_map_base: 0x00000269faca5000

Marking Bits (Prev, Next): (CMBitMap*) 0x00000269f91e0fb8, (CMBitMap*) 0x00000269f91e0ff8
 Prev Bits: [0x00000269fb6b0000, 0x00000269fc658000)
 Next Bits: [0x00000269fc660000, 0x00000269fd608000)

Polling page: 0x00000269f92a0000

Metaspace:

Usage:
  Non-class:     17.86 MB capacity,    17.47 MB ( 98%) used,   324.34 KB (  2%) free+waste,    71.63 KB ( <1%) overhead. 
      Class:      2.76 MB capacity,     2.49 MB ( 90%) used,   237.93 KB (  8%) free+waste,    35.63 KB (  1%) overhead. 
       Both:     20.62 MB capacity,    19.96 MB ( 97%) used,   562.27 KB (  3%) free+waste,   107.25 KB ( <1%) overhead. 

Virtual space:
  Non-class space:       18.00 MB reserved,      17.92 MB (>99%) committed 
      Class space:        1.00 GB reserved,       2.88 MB ( <1%) committed 
             Both:        1.02 GB reserved,      20.80 MB (  2%) committed 

Chunk freelists:
   Non-Class:  2.00 KB
       Class:  2.88 KB
        Both:  4.88 KB

CodeHeap 'non-profiled nmethods': size=120064Kb used=1249Kb max_used=1249Kb free=118814Kb
 bounds [0x00000269900c0000, 0x0000026990330000, 0x0000026997600000]
CodeHeap 'profiled nmethods': size=120000Kb used=7146Kb max_used=7146Kb free=112853Kb
 bounds [0x0000026988b90000, 0x0000026989290000, 0x00000269900c0000]
CodeHeap 'non-nmethods': size=5696Kb used=1169Kb max_used=1221Kb free=4527Kb
 bounds [0x0000026988600000, 0x0000026988870000, 0x0000026988b90000]
 total_blobs=4130 nmethods=2989 adapters=405
 compilation: enabled
              stopped_count=0, restarted_count=0
 full_count=0

Compilation events (10 events):
Event: 8.696 Thread 0x00000269ffbd8800 nmethod 3082 0x0000026989284790 code [0x0000026989284a20, 0x0000026989285530]
Event: 8.696 Thread 0x00000269ffbd8800 3083       3       java.util.AbstractList$Itr::hasNext (20 bytes)
Event: 8.696 Thread 0x00000269ffbd8800 nmethod 3083 0x0000026989285990 code [0x0000026989285b60, 0x0000026989285e10]
Event: 8.698 Thread 0x00000269ffbd8800 3085       3       org.springframework.beans.factory.annotation.InitDestroyAnnotationBeanPostProcessor::lambda$buildLifecycleMetadata$0 (181 bytes)
Event: 8.702 Thread 0x00000269ffbd8800 nmethod 3085 0x0000026989285f10 code [0x0000026989286520, 0x0000026989289700]
Event: 8.702 Thread 0x00000269ffbd8800 3086       3       java.util.Collections$SynchronizedCollection::<init> (24 bytes)
Event: 8.703 Thread 0x00000269ffbd8800 nmethod 3086 0x000002698928a690 code [0x000002698928a8a0, 0x000002698928af20]
Event: 8.703 Thread 0x00000269ffbd8800 3084       3       java.lang.invoke.DirectMethodHandle$Holder::invokeStatic (20 bytes)
Event: 8.703 Thread 0x00000269ffbd8800 nmethod 3084 0x000002698928b110 code [0x000002698928b300, 0x000002698928b720]
Event: 8.703 Thread 0x00000269ffbd8800 3087       3       java.net.URLStreamHandler::parseURL (1201 bytes)

GC Heap History (10 events):
Event: 3.376 GC heap after
{Heap after GC invocations=3 (full 0):
 garbage-first heap   total 65536K, used 7979K [0x00000000c1600000, 0x0000000100000000)
  region size 1024K, 2 young (2048K), 2 survivors (2048K)
 Metaspace       used 9246K, capacity 9590K, committed 9728K, reserved 1058816K
  class space    used 1063K, capacity 1166K, committed 1280K, reserved 1048576K
}
Event: 4.853 GC heap before
{Heap before GC invocations=3 (full 0):
 garbage-first heap   total 65536K, used 32555K [0x00000000c1600000, 0x0000000100000000)
  region size 1024K, 26 young (26624K), 2 survivors (2048K)
 Metaspace       used 13213K, capacity 13730K, committed 13952K, reserved 1060864K
  class space    used 1626K, capacity 1803K, committed 1920K, reserved 1048576K
}
Event: 4.863 GC heap after
{Heap after GC invocations=4 (full 0):
 garbage-first heap   total 65536K, used 8878K [0x00000000c1600000, 0x0000000100000000)
  region size 1024K, 3 young (3072K), 3 survivors (3072K)
 Metaspace       used 13213K, capacity 13730K, committed 13952K, reserved 1060864K
  class space    used 1626K, capacity 1803K, committed 1920K, reserved 1048576K
}
Event: 5.936 GC heap before
{Heap before GC invocations=4 (full 0):
 garbage-first heap   total 65536K, used 34478K [0x00000000c1600000, 0x0000000100000000)
  region size 1024K, 29 young (29696K), 3 survivors (3072K)
 Metaspace       used 16019K, capacity 16544K, committed 16768K, reserved 1064960K
  class space    used 1981K, capacity 2165K, committed 2176K, reserved 1048576K
}
Event: 5.950 GC heap after
{Heap after GC invocations=5 (full 0):
 garbage-first heap   total 65536K, used 10121K [0x00000000c1600000, 0x0000000100000000)
  region size 1024K, 4 young (4096K), 4 survivors (4096K)
 Metaspace       used 16019K, capacity 16544K, committed 16768K, reserved 1064960K
  class space    used 1981K, capacity 2165K, committed 2176K, reserved 1048576K
}
Event: 5.967 GC heap before
{Heap before GC invocations=5 (full 0):
 garbage-first heap   total 65536K, used 38793K [0x00000000c1600000, 0x0000000100000000)
  region size 1024K, 33 young (33792K), 4 survivors (4096K)
 Metaspace       used 16020K, capacity 16544K, committed 16768K, reserved 1064960K
  class space    used 1981K, capacity 2165K, committed 2176K, reserved 1048576K
}
Event: 5.978 GC heap after
{Heap after GC invocations=6 (full 0):
 garbage-first heap   total 65536K, used 10544K [0x00000000c1600000, 0x0000000100000000)
  region size 1024K, 3 young (3072K), 3 survivors (3072K)
 Metaspace       used 16020K, capacity 16544K, committed 16768K, reserved 1064960K
  class space    used 1981K, capacity 2165K, committed 2176K, reserved 1048576K
}
Event: 7.715 GC heap before
{Heap before GC invocations=6 (full 0):
 garbage-first heap   total 65536K, used 42288K [0x00000000c1600000, 0x0000000100000000)
  region size 1024K, 35 young (35840K), 3 survivors (3072K)
 Metaspace       used 19082K, capacity 19757K, committed 19840K, reserved 1067008K
  class space    used 2375K, capacity 2653K, committed 2688K, reserved 1048576K
}
Event: 7.728 GC heap after
{Heap after GC invocations=7 (full 0):
 garbage-first heap   total 65536K, used 11464K [0x00000000c1600000, 0x0000000100000000)
  region size 1024K, 4 young (4096K), 4 survivors (4096K)
 Metaspace       used 19082K, capacity 19757K, committed 19840K, reserved 1067008K
  class space    used 2375K, capacity 2653K, committed 2688K, reserved 1048576K
}
Event: 8.726 GC heap before
{Heap before GC invocations=7 (full 0):
 garbage-first heap   total 65536K, used 27848K [0x00000000c1600000, 0x0000000100000000)
  region size 1024K, 21 young (21504K), 4 survivors (4096K)
 Metaspace       used 20443K, capacity 21113K, committed 21296K, reserved 1067008K
  class space    used 2551K, capacity 2825K, committed 2944K, reserved 1048576K
}

Deoptimization events (10 events):
Event: 6.158 Thread 0x00000269f91b2000 Uncommon trap: reason=profile_predicate action=maybe_recompile pc=0x0000026990198c44 method=jdk.internal.jimage.ImageStringsReader.charsFromByteBuffer([CLjava/nio/ByteBuffer;)V @ 6 c2
Event: 7.102 Thread 0x00000269f91b2000 Uncommon trap: reason=intrinsic_or_type_checked_inlining action=make_not_entrant pc=0x00000269901b5820 method=java.util.ArrayList.toArray([Ljava/lang/Object;)[Ljava/lang/Object; @ 36 c2
Event: 8.514 Thread 0x00000269f91b2000 Uncommon trap: reason=unstable_if action=reinterpret pc=0x00000269901eee44 method=org.springframework.boot.context.properties.source.ConfigurationPropertyName$Elements.getLength(I)I @ 13 c2
Event: 8.568 Thread 0x00000269f91b2000 Uncommon trap: reason=unstable_if action=reinterpret pc=0x00000269901e5524 method=org.springframework.util.ObjectUtils.nullSafeEquals(Ljava/lang/Object;Ljava/lang/Object;)Z @ 8 c2
Event: 8.580 Thread 0x0000026998928000 Uncommon trap: reason=unstable_if action=reinterpret pc=0x000002699013a040 method=java.util.zip.ZipFile$Source.getEntryPos([BZ)I @ 145 c2
Event: 8.581 Thread 0x0000026998928000 Uncommon trap: reason=unstable_if action=reinterpret pc=0x00000269901bb2e8 method=java.net.URL.<init>(Ljava/net/URL;Ljava/lang/String;Ljava/net/URLStreamHandler;)V @ 57 c2
Event: 8.581 Thread 0x0000026998928000 Uncommon trap: reason=unstable_if action=reinterpret pc=0x000002699016a6b0 method=java.net.URLStreamHandler.parseURL(Ljava/net/URL;Ljava/lang/String;II)V @ 57 c2
Event: 8.617 Thread 0x00000269f91b2000 Uncommon trap: reason=class_check action=maybe_recompile pc=0x00000269901310cc method=java.util.concurrent.ConcurrentHashMap.putVal(Ljava/lang/Object;Ljava/lang/Object;Z)Ljava/lang/Object; @ 242 c2
Event: 8.629 Thread 0x00000269f91b2000 Uncommon trap: reason=class_check action=maybe_recompile pc=0x00000269901310cc method=java.util.concurrent.ConcurrentHashMap.putVal(Ljava/lang/Object;Ljava/lang/Object;Z)Ljava/lang/Object; @ 242 c2
Event: 8.661 Thread 0x00000269f91b2000 Uncommon trap: reason=class_check action=maybe_recompile pc=0x00000269901310cc method=java.util.concurrent.ConcurrentHashMap.putVal(Ljava/lang/Object;Ljava/lang/Object;Z)Ljava/lang/Object; @ 242 c2

Classes redefined (0 events):
No events

Internal exceptions (10 events):
Event: 8.651 Thread 0x00000269f91b2000 Exception <a 'java/lang/ClassNotFoundException'{0x00000000c46dbd80}: org/springframework/beans/factory/InitializingBeanCustomizer> (0x00000000c46dbd80) thrown at [c:/cygwin64/tmp/openjdk-jdk12u-windows-x64-hotspot/workspace/build/src/src/hotspot/share/cla
Event: 8.664 Thread 0x00000269f91b2000 Exception <a 'java/lang/ClassNotFoundException'{0x00000000c4505850}: java/lang/ObjectCustomizer> (0x00000000c4505850) thrown at [c:/cygwin64/tmp/openjdk-jdk12u-windows-x64-hotspot/workspace/build/src/src/hotspot/share/classfile/systemDictionary.cpp, line 
Event: 8.665 Thread 0x00000269f91b2000 Exception <a 'java/lang/ClassNotFoundException'{0x00000000c4518af8}: org/springframework/boot/autoconfigure/orm/jpa/JpaPropertiesCustomizer> (0x00000000c4518af8) thrown at [c:/cygwin64/tmp/openjdk-jdk12u-windows-x64-hotspot/workspace/build/src/src/hotspot
Event: 8.681 Thread 0x00000269f91b2000 Exception <a 'java/lang/ClassNotFoundException'{0x00000000c45471a0}: java/lang/ObjectCustomizer> (0x00000000c45471a0) thrown at [c:/cygwin64/tmp/openjdk-jdk12u-windows-x64-hotspot/workspace/build/src/src/hotspot/share/classfile/systemDictionary.cpp, line 
Event: 8.698 Thread 0x00000269f91b2000 Exception <a 'java/lang/ClassNotFoundException'{0x00000000c4565b40}: java/lang/ObjectCustomizer> (0x00000000c4565b40) thrown at [c:/cygwin64/tmp/openjdk-jdk12u-windows-x64-hotspot/workspace/build/src/src/hotspot/share/classfile/systemDictionary.cpp, line 
Event: 8.700 Thread 0x00000269f91b2000 Exception <a 'java/lang/ClassNotFoundException'{0x00000000c457b3a0}: org/springframework/boot/autoconfigure/transaction/TransactionAutoConfigurationCustomizer> (0x00000000c457b3a0) thrown at [c:/cygwin64/tmp/openjdk-jdk12u-windows-x64-hotspot/workspace/bu
Event: 8.701 Thread 0x00000269f91b2000 Exception <a 'java/lang/ClassNotFoundException'{0x00000000c45949e8}: org/springframework/boot/autoconfigure/transaction/TransactionAutoConfiguration$$EnhancerBySpringCGLIB$$c1a8b373Customizer> (0x00000000c45949e8) thrown at [c:/cygwin64/tmp/openjdk-jdk12u
Event: 8.715 Thread 0x00000269f91b2000 Exception <a 'java/lang/ClassNotFoundException'{0x00000000c45ada40}: org/springframework/context/annotation/ConfigurationClassEnhancer$EnhancedConfigurationCustomizer> (0x00000000c45ada40) thrown at [c:/cygwin64/tmp/openjdk-jdk12u-windows-x64-hotspot/work
Event: 8.716 Thread 0x00000269f91b2000 Exception <a 'java/lang/ClassNotFoundException'{0x00000000c45bcf10}: org/springframework/beans/factory/BeanFactoryAwareCustomizer> (0x00000000c45bcf10) thrown at [c:/cygwin64/tmp/openjdk-jdk12u-windows-x64-hotspot/workspace/build/src/src/hotspot/share/cla
Event: 8.718 Thread 0x00000269f91b2000 Exception <a 'java/lang/ClassNotFoundException'{0x00000000c45cc018}: org/springframework/beans/factory/AwareCustomizer> (0x00000000c45cc018) thrown at [c:/cygwin64/tmp/openjdk-jdk12u-windows-x64-hotspot/workspace/build/src/src/hotspot/share/classfile/syst

Events (10 events):
Event: 8.716 loading class org/springframework/beans/factory/BeanFactoryAwareCustomizer done
Event: 8.716 loading class org/springframework/beans/factory/BeanFactoryAwareCustomizer
Event: 8.716 loading class org/springframework/beans/factory/BeanFactoryAwareCustomizer done
Event: 8.717 loading class org/springframework/beans/factory/AwareCustomizer
Event: 8.717 loading class org/springframework/beans/factory/AwareCustomizer done
Event: 8.717 loading class org/springframework/beans/factory/AwareCustomizer
Event: 8.717 loading class org/springframework/beans/factory/AwareCustomizer done
Event: 8.718 loading class org/springframework/beans/factory/AwareCustomizer
Event: 8.718 loading class org/springframework/beans/factory/AwareCustomizer done
Event: 8.726 Executing VM operation: CollectForMetadataAllocation


Dynamic libraries:
0x00007ff642ab0000 - 0x00007ff642abd000 	C:\Program Files\AdoptOpenJDK\jdk-12.0.1.12-hotspot\bin\java.exe
0x00007ffc18c50000 - 0x00007ffc18e42000 	C:\WINDOWS\SYSTEM32\ntdll.dll
0x00007ffc18280000 - 0x00007ffc1833d000 	C:\WINDOWS\System32\KERNEL32.DLL
0x00007ffc16780000 - 0x00007ffc16a40000 	C:\WINDOWS\System32\KERNELBASE.dll
0x00007ffc16620000 - 0x00007ffc1671f000 	C:\WINDOWS\System32\ucrtbase.dll
0x00007ffc0ab10000 - 0x00007ffc0ab26000 	C:\Program Files\AdoptOpenJDK\jdk-12.0.1.12-hotspot\bin\VCRUNTIME140.dll
0x00007ffc01c30000 - 0x00007ffc01c47000 	C:\Program Files\AdoptOpenJDK\jdk-12.0.1.12-hotspot\bin\jli.dll
0x00007ffc17a00000 - 0x00007ffc17b9f000 	C:\WINDOWS\System32\USER32.dll
0x00007ffc03b20000 - 0x00007ffc03dba000 	C:\WINDOWS\WinSxS\amd64_microsoft.windows.common-controls_6595b64144ccf1df_6.0.18936.1000_none_ac70f02636cda934\COMCTL32.dll
0x00007ffc165a0000 - 0x00007ffc165c2000 	C:\WINDOWS\System32\win32u.dll
0x00007ffc17960000 - 0x00007ffc179fe000 	C:\WINDOWS\System32\msvcrt.dll
0x00007ffc18340000 - 0x00007ffc1836a000 	C:\WINDOWS\System32\GDI32.dll
0x00007ffc16a40000 - 0x00007ffc16b47000 	C:\WINDOWS\System32\gdi32full.dll
0x00007ffc16c30000 - 0x00007ffc16ccd000 	C:\WINDOWS\System32\msvcp_win.dll
0x00007ffc17c20000 - 0x00007ffc17c50000 	C:\WINDOWS\System32\IMM32.DLL
0x00007ffbee8b0000 - 0x00007ffbee94b000 	C:\Program Files\AdoptOpenJDK\jdk-12.0.1.12-hotspot\bin\msvcp140.dll
0x00007ffbbff50000 - 0x00007ffbc0af8000 	C:\Program Files\AdoptOpenJDK\jdk-12.0.1.12-hotspot\bin\server\jvm.dll
0x00007ffc181d0000 - 0x00007ffc1827a000 	C:\WINDOWS\System32\ADVAPI32.dll
0x00007ffc17fa0000 - 0x00007ffc1803b000 	C:\WINDOWS\System32\sechost.dll
0x00007ffc170a0000 - 0x00007ffc171c0000 	C:\WINDOWS\System32\RPCRT4.dll
0x00007ffc16d50000 - 0x00007ffc16d58000 	C:\WINDOWS\System32\PSAPI.DLL
0x00007ffc03f30000 - 0x00007ffc03f57000 	C:\WINDOWS\SYSTEM32\WINMM.dll
0x00007ffc0f7c0000 - 0x00007ffc0f7c9000 	C:\WINDOWS\SYSTEM32\WSOCK32.dll
0x00007ffc06d60000 - 0x00007ffc06d6a000 	C:\WINDOWS\SYSTEM32\VERSION.dll
0x00007ffc16e30000 - 0x00007ffc16e9b000 	C:\WINDOWS\System32\WS2_32.dll
0x00007ffc14570000 - 0x00007ffc14583000 	C:\WINDOWS\SYSTEM32\kernel.appcore.dll
0x00007ffc13ec0000 - 0x00007ffc13ed0000 	C:\Program Files\AdoptOpenJDK\jdk-12.0.1.12-hotspot\bin\verify.dll
0x00007ffc03fb0000 - 0x00007ffc04194000 	C:\WINDOWS\SYSTEM32\DBGHELP.DLL
0x00007ffc03e20000 - 0x00007ffc03e4c000 	C:\WINDOWS\SYSTEM32\dbgcore.DLL
0x00007ffc16cd0000 - 0x00007ffc16d4b000 	C:\WINDOWS\System32\bcryptPrimitives.dll
0x00007ffbe4bf0000 - 0x00007ffbe4c16000 	C:\Program Files\AdoptOpenJDK\jdk-12.0.1.12-hotspot\bin\java.dll
0x00007ffbef0e0000 - 0x00007ffbef0f7000 	C:\Program Files\AdoptOpenJDK\jdk-12.0.1.12-hotspot\bin\zip.dll
0x00007ffc11ae0000 - 0x00007ffc11aea000 	C:\Program Files\AdoptOpenJDK\jdk-12.0.1.12-hotspot\bin\jimage.dll
0x00007ffc17290000 - 0x00007ffc17956000 	C:\WINDOWS\System32\SHELL32.dll
0x00007ffc14770000 - 0x00007ffc14f2f000 	C:\WINDOWS\SYSTEM32\windows.storage.dll
0x00007ffc17c50000 - 0x00007ffc17fa0000 	C:\WINDOWS\System32\combase.dll
0x00007ffc18650000 - 0x00007ffc186fd000 	C:\WINDOWS\System32\SHCORE.dll
0x00007ffc18060000 - 0x00007ffc180b5000 	C:\WINDOWS\System32\shlwapi.dll
0x00007ffc16380000 - 0x00007ffc1639f000 	C:\WINDOWS\SYSTEM32\profapi.dll
0x00007ffc09fb0000 - 0x00007ffc09fc9000 	C:\Program Files\AdoptOpenJDK\jdk-12.0.1.12-hotspot\bin\net.dll
0x00007ffc09a80000 - 0x00007ffc09c6b000 	C:\WINDOWS\SYSTEM32\urlmon.dll
0x00007ffc0f230000 - 0x00007ffc0f32f000 	C:\WINDOWS\SYSTEM32\WINHTTP.dll
0x00007ffc0a0a0000 - 0x00007ffc0a34d000 	C:\WINDOWS\SYSTEM32\iertutil.dll
0x00007ffc15b90000 - 0x00007ffc15bfa000 	C:\WINDOWS\system32\mswsock.dll
0x00007ffc09310000 - 0x00007ffc09323000 	C:\Program Files\AdoptOpenJDK\jdk-12.0.1.12-hotspot\bin\nio.dll
0x00007ffc11af0000 - 0x00007ffc11af9000 	C:\Program Files\AdoptOpenJDK\jdk-12.0.1.12-hotspot\bin\management.dll
0x00007ffc0f350000 - 0x00007ffc0f35b000 	C:\Program Files\AdoptOpenJDK\jdk-12.0.1.12-hotspot\bin\management_ext.dll
0x00007ffc158f0000 - 0x00007ffc159b7000 	C:\WINDOWS\SYSTEM32\DNSAPI.dll
0x00007ffc158b0000 - 0x00007ffc158eb000 	C:\WINDOWS\SYSTEM32\IPHLPAPI.DLL
0x00007ffc17220000 - 0x00007ffc17228000 	C:\WINDOWS\System32\NSI.dll
0x00007ffc09980000 - 0x00007ffc0998a000 	C:\Windows\System32\rasadhlp.dll
0x00007ffc0e420000 - 0x00007ffc0e499000 	C:\WINDOWS\System32\fwpuclnt.dll
0x00007ffc16b50000 - 0x00007ffc16b77000 	C:\WINDOWS\System32\bcrypt.dll
0x00007ffc160d0000 - 0x00007ffc160e8000 	C:\WINDOWS\SYSTEM32\CRYPTSP.dll
0x00007ffc15700000 - 0x00007ffc15734000 	C:\WINDOWS\system32\rsaenh.dll
0x00007ffc16340000 - 0x00007ffc1636c000 	C:\WINDOWS\SYSTEM32\USERENV.dll
0x00007ffc15d10000 - 0x00007ffc15d1c000 	C:\WINDOWS\SYSTEM32\CRYPTBASE.dll
0x00007ffc0cf40000 - 0x00007ffc0cf57000 	C:\WINDOWS\SYSTEM32\dhcpcsvc6.DLL
0x00007ffc0cf00000 - 0x00007ffc0cf1d000 	C:\WINDOWS\SYSTEM32\dhcpcsvc.DLL
0x00007ffc01fb0000 - 0x00007ffc01fc7000 	C:\WINDOWS\system32\napinsp.dll
0x00007ffc01f90000 - 0x00007ffc01fab000 	C:\WINDOWS\system32\pnrpnsp.dll
0x00007ffc01ee0000 - 0x00007ffc01eee000 	C:\WINDOWS\System32\winrnr.dll
0x00007ffc12090000 - 0x00007ffc120ad000 	C:\WINDOWS\system32\NLAapi.dll
0x00007ffc01d80000 - 0x00007ffc01d95000 	C:\WINDOWS\system32\wshbth.dll

dbghelp: loaded successfully - version: 4.0.5 - missing functions: none
symbol engine: initialized successfully - sym options: 0x614 - pdb path: .;C:\Program Files\AdoptOpenJDK\jdk-12.0.1.12-hotspot\bin;C:\WINDOWS\SYSTEM32;C:\WINDOWS\WinSxS\amd64_microsoft.windows.common-controls_6595b64144ccf1df_6.0.18936.1000_none_ac70f02636cda934;C:\Program Files\AdoptOpenJDK\jdk-12.0.1.12-hotspot\bin\server

VM Arguments:
java_command: C:\Users\bigei\AppData\Local\Temp\surefire1709621787734598298\surefirebooter11154244291783586887.jar C:\Users\bigei\AppData\Local\Temp\surefire1709621787734598298 2019-08-02T06-10-55_532-jvmRun1 surefire5508913435053465560tmp surefire_011313652137390889963tmp
java_class_path (initial): C:\Users\bigei\AppData\Local\Temp\surefire1709621787734598298\surefirebooter11154244291783586887.jar
Launcher Type: SUN_STANDARD

[Global flags]
     intx CICompilerCount                          = 3                                         {product} {ergonomic}
     uint ConcGCThreads                            = 1                                         {product} {ergonomic}
     uint G1ConcRefinementThreads                  = 4                                         {product} {ergonomic}
   size_t G1HeapRegionSize                         = 1048576                                   {product} {ergonomic}
    uintx GCDrainStackTargetSize                   = 64                                        {product} {ergonomic}
   size_t InitialHeapSize                          = 67108864                                  {product} {ergonomic}
   size_t MarkStackSize                            = 4194304                                   {product} {ergonomic}
   size_t MaxHeapSize                              = 1050673152                                {product} {ergonomic}
   size_t MaxNewSize                               = 630194176                                 {product} {ergonomic}
   size_t MinHeapDeltaBytes                        = 1048576                                   {product} {ergonomic}
    uintx NonNMethodCodeHeapSize                   = 5830732                                {pd product} {ergonomic}
    uintx NonProfiledCodeHeapSize                  = 122913754                              {pd product} {ergonomic}
    uintx ProfiledCodeHeapSize                     = 122913754                              {pd product} {ergonomic}
    uintx ReservedCodeCacheSize                    = 251658240                              {pd product} {ergonomic}
     bool SegmentedCodeCache                       = true                                      {product} {ergonomic}
     bool UseCompressedClassPointers               = true                                 {lp64_product} {ergonomic}
     bool UseCompressedOops                        = true                                 {lp64_product} {ergonomic}
     bool UseG1GC                                  = true                                      {product} {ergonomic}
     bool UseLargePagesIndividualAllocation        = false                                  {pd product} {ergonomic}

Logging:
Log output configuration:
 #0: stdout all=warning uptime,level,tags
 #1: stderr all=off uptime,level,tags

Environment Variables:
JAVA_HOME=C:\Program Files\Java\jdk1.8.0_201
PATH=C:/Program Files/AdoptOpenJDK/jdk-12.0.1.12-hotspot/bin/server;C:/Program Files/AdoptOpenJDK/jdk-12.0.1.12-hotspot/bin;C:\Program Files\AdoptOpenJDK\jdk-12.0.1.12-hotspot\bin;C:\Program Files\Java\jdk1.8.0_201\bin;C:\apache-maven-3.6.1\bin;C:\ProgramData\DockerDesktop\version-bin;C:\Program Files\Docker\Docker\Resources\bin;C:\WINDOWS\system32;C:\WINDOWS;C:\WINDOWS\System32\Wbem;C:\WINDOWS\System32\WindowsPowerShell\v1.0\;C:\WINDOWS\System32\OpenSSH\;C:\Program Files\Microsoft VS Code\bin;C:\Program Files (x86)\Brackets\command;C:\Program Files\PuTTY\;C:\Program Files\flutter\bin\;C:\Program Files (x86)\Yarn\bin\;C:\Program Files\nodejs\;C:\Program Files\Java\jdk1.8.0_201\bin;C:\Users\bigei\AppData\Local\Android\sdk\platform-tools;C:\Ruby25-x64\bin;C:\Users\bigei\AppData\Local\Microsoft\WindowsApps;C:\Program Files\Microsoft VS Code\bin;C:\Program Files\MongoDB\Server\3.6\bin;C:\Users\bigei\AppData\Local\Programs\Microsoft VS Code\bin;C:\Program Files\heroku\bin;C:\Users\bigei\AppData\Local\GitHubDesktop\bin;C:\Users\bigei\AppData\Local\Yarn\bin;C:\Program Files\Java\jre1.8.0_201;C:\Program Files\Java\jdk1.8.0_201\bin;C:\Program Files\Android\Android Studio\jre;C:\Users\bigei\AppData\Roaming\npm;C:\Users\bigei\AppData\Local\Microsoft\WindowsApps;;C:\Users\bigei\Downloads\sts-4.2.2.RELEASE;
USERNAME=bigei
OS=Windows_NT
PROCESSOR_IDENTIFIER=Intel64 Family 6 Model 42 Stepping 7, GenuineIntel



---------------  S Y S T E M  ---------------

OS: Windows 10 , 64 bit Build 18936 (10.0.18936.1000)

CPU:total 4 (initial active 4) (2 cores per cpu, 2 threads per core) family 6 model 42 stepping 7, cmov, cx8, fxsr, mmx, sse, sse2, sse3, ssse3, sse4.1, sse4.2, popcnt, avx, clmul, ht, tsc, tscinvbit

Memory: 4k page, system-wide physical 4001M (239M free)
TotalPageFile size 16289M (AvailPageFile size 17M)
current process WorkingSet (physical memory assigned to process): 158M, peak: 159M
current process commit charge ("private bytes"): 203M, peak: 216M

vm_info: OpenJDK 64-Bit Server VM (12.0.1+12) for windows-amd64 JRE (12.0.1+12), built on Apr 25 2019 06:23:28 by "" with MS VC++ 15.8 (VS2017)

END.
