#
# There is insufficient memory for the Java Runtime Environment to continue.
# Native memory allocation (mmap) failed to map 67108864 bytes for Failed to commit area from 0x00000000c1600000 to 0x00000000c5600000 of length 67108864.
# Possible reasons:
#   The system is out of physical RAM or swap space
#   The process is running with CompressedOops enabled, and the Java Heap may be blocking the growth of the native heap
# Possible solutions:
#   Reduce memory load on the system
#   Increase physical memory or swap space
#   Check if swap backing store is full
#   Decrease Java heap size (-Xmx/-Xms)
#   Decrease number of Java threads
#   Decrease Java thread stack sizes (-Xss)
#   Set larger code cache with -XX:ReservedCodeCacheSize=
# This output file may be truncated or incomplete.
#
#  Out of Memory Error (c:/cygwin64/tmp/openjdk-jdk12u-windows-x64-hotspot/workspace/build/src/src/hotspot/os/windows/os_windows.cpp:3254), pid=8188, tid=8592
#
# JRE version:  (12.0.1+12) (build )
# Java VM: OpenJDK 64-Bit Server VM (12.0.1+12, mixed mode, aot, sharing, tiered, compressed oops, g1 gc, windows-amd64)
# No core dump will be written. Minidumps are not enabled by default on client versions of Windows
#

---------------  S U M M A R Y ------------

Command Line: C:\Users\bigei\AppData\Local\Temp\surefire1014029204435949272\surefirebooter11361373597520864920.jar C:\Users\bigei\AppData\Local\Temp\surefire1014029204435949272 2019-08-02T18-04-13_033-jvmRun1 surefire13875750310421803352tmp surefire_010449698061797875754tmp

Host: Intel(R) Core(TM) i5-2430M CPU @ 2.40GHz, 4 cores, 3G,  Windows 10 , 64 bit Build 18936 (10.0.18936.1000)
Time: Fri Aug  2 18:04:15 2019 Hora de verano central (México) elapsed time: 0 seconds (0d 0h 0m 0s)

---------------  T H R E A D  ---------------

Current thread (0x000002214bf38000):  JavaThread "Unknown thread" [_thread_in_vm, id=8592, stack(0x00000049a6f00000,0x00000049a7000000)]

Stack: [0x00000049a6f00000,0x00000049a7000000]
Native frames: (J=compiled Java code, j=interpreted, Vv=VM code, C=native code)
V  [jvm.dll+0x5f5eea]
V  [jvm.dll+0x7a113f]
V  [jvm.dll+0x7a28b0]
V  [jvm.dll+0x7a2f13]
V  [jvm.dll+0x249ac8]
V  [jvm.dll+0x5f353a]
V  [jvm.dll+0x5e85d5]
V  [jvm.dll+0x30275c]
V  [jvm.dll+0x302592]
V  [jvm.dll+0x3076d6]
V  [jvm.dll+0x34c7b6]
V  [jvm.dll+0x34bfa0]
V  [jvm.dll+0x2de65a]
V  [jvm.dll+0x2df8e2]
V  [jvm.dll+0x77a257]
V  [jvm.dll+0x77b975]
V  [jvm.dll+0x35a599]
V  [jvm.dll+0x75ec83]
V  [jvm.dll+0x3c43ef]
V  [jvm.dll+0x3c6ac1]
C  [jli.dll+0x51fb]
C  [ucrtbase.dll+0x200d2]
C  [KERNEL32.DLL+0x16e24]
C  [ntdll.dll+0x6b071]


---------------  P R O C E S S  ---------------

Threads class SMR info:
_java_thread_list=0x00007ffbd3e25fe8, length=0, elements={
}

Java Threads: ( => current thread )

Other Threads:
  0x000002214bf5e800 GCTaskThread "GC Thread#0" [stack: 0x00000049a7000000,0x00000049a7100000] [id=16008]
  0x000002214bf67800 ConcurrentGCThread "G1 Main Marker" [stack: 0x00000049a7100000,0x00000049a7200000] [id=11172]
  0x000002214bf69800 ConcurrentGCThread "G1 Conc#0" [stack: 0x00000049a7200000,0x00000049a7300000] [id=6596]

[error occurred during error reporting (printing all threads), id 0xc0000005, EXCEPTION_ACCESS_VIOLATION (0xc0000005) at pc=0x00007ffbd360e237]

VM state:not at safepoint (not fully initialized)

VM Mutex/Monitor currently owned by a thread:  ([mutex/lock_event])
[0x000002214bf35cd0] Heap_lock - owner thread: 0x000002214bf38000

Heap address: 0x00000000c1600000, size: 1002 MB, Compressed Oops mode: Non-zero based: 0x00000000c1600000
Narrow klass base: 0x0000000000000000, Narrow klass shift: 0

GC Heap History (0 events):
No events

Deoptimization events (0 events):
No events

Classes redefined (0 events):
No events

Internal exceptions (0 events):
No events

Events (0 events):
No events


Dynamic libraries:
0x00007ff786590000 - 0x00007ff78659d000 	C:\Program Files\AdoptOpenJDK\jdk-12.0.1.12-hotspot\bin\java.exe
0x00007ffc18c50000 - 0x00007ffc18e42000 	C:\WINDOWS\SYSTEM32\ntdll.dll
0x00007ffc18280000 - 0x00007ffc1833d000 	C:\WINDOWS\System32\KERNEL32.DLL
0x00007ffc16780000 - 0x00007ffc16a40000 	C:\WINDOWS\System32\KERNELBASE.dll
0x00007ffc16620000 - 0x00007ffc1671f000 	C:\WINDOWS\System32\ucrtbase.dll
0x00007ffc0a430000 - 0x00007ffc0a446000 	C:\Program Files\AdoptOpenJDK\jdk-12.0.1.12-hotspot\bin\VCRUNTIME140.dll
0x00007ffc0fa90000 - 0x00007ffc0faa7000 	C:\Program Files\AdoptOpenJDK\jdk-12.0.1.12-hotspot\bin\jli.dll
0x00007ffc17a00000 - 0x00007ffc17b9f000 	C:\WINDOWS\System32\USER32.dll
0x00007ffc03b20000 - 0x00007ffc03dba000 	C:\WINDOWS\WinSxS\amd64_microsoft.windows.common-controls_6595b64144ccf1df_6.0.18936.1000_none_ac70f02636cda934\COMCTL32.dll
0x00007ffc165a0000 - 0x00007ffc165c2000 	C:\WINDOWS\System32\win32u.dll
0x00007ffc17960000 - 0x00007ffc179fe000 	C:\WINDOWS\System32\msvcrt.dll
0x00007ffc18340000 - 0x00007ffc1836a000 	C:\WINDOWS\System32\GDI32.dll
0x00007ffc16a40000 - 0x00007ffc16b47000 	C:\WINDOWS\System32\gdi32full.dll
0x00007ffc16c30000 - 0x00007ffc16ccd000 	C:\WINDOWS\System32\msvcp_win.dll
0x00007ffc17c20000 - 0x00007ffc17c50000 	C:\WINDOWS\System32\IMM32.DLL
0x00007ffbf4950000 - 0x00007ffbf49eb000 	C:\Program Files\AdoptOpenJDK\jdk-12.0.1.12-hotspot\bin\msvcp140.dll
0x00007ffbd3320000 - 0x00007ffbd3ec8000 	C:\Program Files\AdoptOpenJDK\jdk-12.0.1.12-hotspot\bin\server\jvm.dll
0x00007ffc181d0000 - 0x00007ffc1827a000 	C:\WINDOWS\System32\ADVAPI32.dll
0x00007ffc17fa0000 - 0x00007ffc1803b000 	C:\WINDOWS\System32\sechost.dll
0x00007ffc170a0000 - 0x00007ffc171c0000 	C:\WINDOWS\System32\RPCRT4.dll
0x00007ffc16d50000 - 0x00007ffc16d58000 	C:\WINDOWS\System32\PSAPI.DLL
0x00007ffc11ae0000 - 0x00007ffc11ae9000 	C:\WINDOWS\SYSTEM32\WSOCK32.dll
0x00007ffc03f30000 - 0x00007ffc03f57000 	C:\WINDOWS\SYSTEM32\WINMM.dll
0x00007ffc16e30000 - 0x00007ffc16e9b000 	C:\WINDOWS\System32\WS2_32.dll
0x00007ffc06d60000 - 0x00007ffc06d6a000 	C:\WINDOWS\SYSTEM32\VERSION.dll
0x00007ffc14570000 - 0x00007ffc14583000 	C:\WINDOWS\SYSTEM32\kernel.appcore.dll
0x00007ffc0fb10000 - 0x00007ffc0fb20000 	C:\Program Files\AdoptOpenJDK\jdk-12.0.1.12-hotspot\bin\verify.dll
0x00007ffc03fb0000 - 0x00007ffc04194000 	C:\WINDOWS\SYSTEM32\DBGHELP.DLL
0x00007ffc03e20000 - 0x00007ffc03e4c000 	C:\WINDOWS\SYSTEM32\dbgcore.DLL
0x00007ffc16cd0000 - 0x00007ffc16d4b000 	C:\WINDOWS\System32\bcryptPrimitives.dll
0x00007ffc0ab40000 - 0x00007ffc0ab66000 	C:\Program Files\AdoptOpenJDK\jdk-12.0.1.12-hotspot\bin\java.dll
0x00007ffc0fa40000 - 0x00007ffc0fa57000 	C:\Program Files\AdoptOpenJDK\jdk-12.0.1.12-hotspot\bin\zip.dll
0x00007ffc0f7c0000 - 0x00007ffc0f7ca000 	C:\Program Files\AdoptOpenJDK\jdk-12.0.1.12-hotspot\bin\jimage.dll

dbghelp: loaded successfully - version: 4.0.5 - missing functions: none
symbol engine: initialized successfully - sym options: 0x614 - pdb path: .;C:\Program Files\AdoptOpenJDK\jdk-12.0.1.12-hotspot\bin;C:\WINDOWS\SYSTEM32;C:\WINDOWS\WinSxS\amd64_microsoft.windows.common-controls_6595b64144ccf1df_6.0.18936.1000_none_ac70f02636cda934;C:\Program Files\AdoptOpenJDK\jdk-12.0.1.12-hotspot\bin\server

VM Arguments:
java_command: C:\Users\bigei\AppData\Local\Temp\surefire1014029204435949272\surefirebooter11361373597520864920.jar C:\Users\bigei\AppData\Local\Temp\surefire1014029204435949272 2019-08-02T18-04-13_033-jvmRun1 surefire13875750310421803352tmp surefire_010449698061797875754tmp
java_class_path (initial): C:\Users\bigei\AppData\Local\Temp\surefire1014029204435949272\surefirebooter11361373597520864920.jar
Launcher Type: SUN_STANDARD

[Global flags]
     intx CICompilerCount                          = 3                                         {product} {ergonomic}
     uint ConcGCThreads                            = 1                                         {product} {ergonomic}
     uint G1ConcRefinementThreads                  = 4                                         {product} {ergonomic}
   size_t G1HeapRegionSize                         = 1048576                                   {product} {ergonomic}
    uintx GCDrainStackTargetSize                   = 64                                        {product} {ergonomic}
   size_t InitialHeapSize                          = 67108864                                  {product} {ergonomic}
   size_t MarkStackSize                            = 4194304                                   {product} {ergonomic}
   size_t MaxHeapSize                              = 1050673152                                {product} {ergonomic}
   size_t MinHeapDeltaBytes                        = 1048576                                   {product} {ergonomic}
    uintx NonNMethodCodeHeapSize                   = 5830732                                {pd product} {ergonomic}
    uintx NonProfiledCodeHeapSize                  = 122913754                              {pd product} {ergonomic}
    uintx ProfiledCodeHeapSize                     = 122913754                              {pd product} {ergonomic}
    uintx ReservedCodeCacheSize                    = 251658240                              {pd product} {ergonomic}
     bool SegmentedCodeCache                       = true                                      {product} {ergonomic}
     bool UseCompressedClassPointers               = true                                 {lp64_product} {ergonomic}
     bool UseCompressedOops                        = true                                 {lp64_product} {ergonomic}
     bool UseG1GC                                  = true                                      {product} {ergonomic}
     bool UseLargePagesIndividualAllocation        = false                                  {pd product} {ergonomic}

Logging:
Log output configuration:
 #0: stdout all=warning uptime,level,tags
 #1: stderr all=off uptime,level,tags

Environment Variables:
JAVA_HOME=C:\Program Files\Java\jdk1.8.0_201
PATH=C:/Program Files/AdoptOpenJDK/jdk-12.0.1.12-hotspot/bin/server;C:/Program Files/AdoptOpenJDK/jdk-12.0.1.12-hotspot/bin;C:\Program Files\AdoptOpenJDK\jdk-12.0.1.12-hotspot\bin;C:\Program Files\Java\jdk1.8.0_201\bin;C:\apache-maven-3.6.1\bin;C:\ProgramData\DockerDesktop\version-bin;C:\Program Files\Docker\Docker\Resources\bin;C:\WINDOWS\system32;C:\WINDOWS;C:\WINDOWS\System32\Wbem;C:\WINDOWS\System32\WindowsPowerShell\v1.0\;C:\WINDOWS\System32\OpenSSH\;C:\Program Files\Microsoft VS Code\bin;C:\Program Files (x86)\Brackets\command;C:\Program Files\PuTTY\;C:\Program Files\flutter\bin\;C:\Program Files (x86)\Yarn\bin\;C:\Program Files\nodejs\;C:\Program Files\Java\jdk1.8.0_201\bin;C:\Users\bigei\AppData\Local\Android\sdk\platform-tools;C:\Ruby25-x64\bin;C:\Users\bigei\AppData\Local\Microsoft\WindowsApps;C:\Program Files\Microsoft VS Code\bin;C:\Program Files\MongoDB\Server\3.6\bin;C:\Users\bigei\AppData\Local\Programs\Microsoft VS Code\bin;C:\Program Files\heroku\bin;C:\Users\bigei\AppData\Local\GitHubDesktop\bin;C:\Users\bigei\AppData\Local\Yarn\bin;C:\Program Files\Java\jre1.8.0_201;C:\Program Files\Java\jdk1.8.0_201\bin;C:\Program Files\Android\Android Studio\jre;C:\Users\bigei\AppData\Roaming\npm;C:\Users\bigei\AppData\Local\Microsoft\WindowsApps;;C:\sts-4.3.1.RELEASE;
USERNAME=bigei
OS=Windows_NT
PROCESSOR_IDENTIFIER=Intel64 Family 6 Model 42 Stepping 7, GenuineIntel



---------------  S Y S T E M  ---------------

OS: Windows 10 , 64 bit Build 18936 (10.0.18936.1000)

CPU:total 4 (initial active 4) (2 cores per cpu, 2 threads per core) family 6 model 42 stepping 7, cmov, cx8, fxsr, mmx, sse, sse2, sse3, ssse3, sse4.1, sse4.2, popcnt, avx, clmul, ht, tsc, tscinvbit

Memory: 4k page, system-wide physical 4001M (206M free)
TotalPageFile size 16289M (AvailPageFile size 53M)
current process WorkingSet (physical memory assigned to process): 9M, peak: 9M
current process commit charge ("private bytes"): 51M, peak: 115M

vm_info: OpenJDK 64-Bit Server VM (12.0.1+12) for windows-amd64 JRE (12.0.1+12), built on Apr 25 2019 06:23:28 by "" with MS VC++ 15.8 (VS2017)

END.
